mujoco/hopper/medium-v0
<module 'hopper' from '/home/u253954/SSM_benchmark/gym/hopper/__init__.py'>
transformer
Loading Minari Dataset: mujoco/hopper/medium-v0 (downloading if needed)...
<module 'transformer' from '/home/u253954/SSM_benchmark/gym/transformer/__init__.py'>
Starting training on cuda...
Epoch 1 | Loss: 928.41537
   ✅ New Best Model Saved (Loss: 0.05945)
Epoch 2 | Loss: 764.62936
   ✅ New Best Model Saved (Loss: 0.04896)
Epoch 3 | Loss: 736.39411
   ✅ New Best Model Saved (Loss: 0.04716)
Epoch 4 | Loss: 722.04984
   ✅ New Best Model Saved (Loss: 0.04624)
Epoch 5 | Loss: 713.62339
   ✅ New Best Model Saved (Loss: 0.04570)
Epoch 6 | Loss: 707.92473
   ✅ New Best Model Saved (Loss: 0.04533)
Epoch 7 | Loss: 703.71028
   ✅ New Best Model Saved (Loss: 0.04506)
Epoch 8 | Loss: 700.47501
   ✅ New Best Model Saved (Loss: 0.04486)
Epoch 9 | Loss: 697.74050
   ✅ New Best Model Saved (Loss: 0.04468)
Epoch 10 | Loss: 695.64850
   ✅ New Best Model Saved (Loss: 0.04455)
Epoch 11 | Loss: 693.83954
   ✅ New Best Model Saved (Loss: 0.04443)
Epoch 12 | Loss: 692.20449
   ✅ New Best Model Saved (Loss: 0.04433)
Epoch 13 | Loss: 690.65552
   ✅ New Best Model Saved (Loss: 0.04423)
Epoch 14 | Loss: 689.34625
   ✅ New Best Model Saved (Loss: 0.04414)
Epoch 15 | Loss: 688.19421
   ✅ New Best Model Saved (Loss: 0.04407)
Epoch 16 | Loss: 687.24190
   ✅ New Best Model Saved (Loss: 0.04401)
Epoch 17 | Loss: 686.10445
   ✅ New Best Model Saved (Loss: 0.04394)
Epoch 18 | Loss: 685.17577
   ✅ New Best Model Saved (Loss: 0.04388)
Epoch 19 | Loss: 684.37407
   ✅ New Best Model Saved (Loss: 0.04383)
Epoch 20 | Loss: 683.58684
   ✅ New Best Model Saved (Loss: 0.04377)
Epoch 21 | Loss: 682.87886
   ✅ New Best Model Saved (Loss: 0.04373)
Epoch 22 | Loss: 682.27478
   ✅ New Best Model Saved (Loss: 0.04369)
Epoch 23 | Loss: 681.58073
   ✅ New Best Model Saved (Loss: 0.04365)
Epoch 24 | Loss: 680.92769
   ✅ New Best Model Saved (Loss: 0.04360)
Epoch 25 | Loss: 680.51615
   ✅ New Best Model Saved (Loss: 0.04358)
Epoch 26 | Loss: 679.88092
   ✅ New Best Model Saved (Loss: 0.04354)
Epoch 27 | Loss: 679.36309
   ✅ New Best Model Saved (Loss: 0.04350)
Epoch 28 | Loss: 678.78329
   ✅ New Best Model Saved (Loss: 0.04347)
Epoch 29 | Loss: 678.36329
   ✅ New Best Model Saved (Loss: 0.04344)
Epoch 30 | Loss: 677.91155
   ✅ New Best Model Saved (Loss: 0.04341)
Epoch 31 | Loss: 677.51306
   ✅ New Best Model Saved (Loss: 0.04339)
Epoch 32 | Loss: 677.25652
   ✅ New Best Model Saved (Loss: 0.04337)
Epoch 33 | Loss: 676.83303
   ✅ New Best Model Saved (Loss: 0.04334)
Epoch 34 | Loss: 676.24648
   ✅ New Best Model Saved (Loss: 0.04330)
Epoch 35 | Loss: 676.01765
   ✅ New Best Model Saved (Loss: 0.04329)
Epoch 36 | Loss: 675.52887
   ✅ New Best Model Saved (Loss: 0.04326)
Epoch 37 | Loss: 675.16653
   ✅ New Best Model Saved (Loss: 0.04324)
Epoch 38 | Loss: 674.71191
   ✅ New Best Model Saved (Loss: 0.04321)
Epoch 39 | Loss: 674.45881
   ✅ New Best Model Saved (Loss: 0.04319)
Epoch 40 | Loss: 674.31064
   ✅ New Best Model Saved (Loss: 0.04318)
Epoch 41 | Loss: 673.83366
   ✅ New Best Model Saved (Loss: 0.04315)
Epoch 42 | Loss: 673.45963
   ✅ New Best Model Saved (Loss: 0.04313)
Epoch 43 | Loss: 673.11231
   ✅ New Best Model Saved (Loss: 0.04310)
Epoch 44 | Loss: 672.68538
   ✅ New Best Model Saved (Loss: 0.04308)
Epoch 45 | Loss: 672.48297
   ✅ New Best Model Saved (Loss: 0.04306)
Epoch 46 | Loss: 672.26166
   ✅ New Best Model Saved (Loss: 0.04305)
Epoch 47 | Loss: 671.82432
   ✅ New Best Model Saved (Loss: 0.04302)
Epoch 48 | Loss: 671.59165
   ✅ New Best Model Saved (Loss: 0.04301)
Epoch 49 | Loss: 671.44302
   ✅ New Best Model Saved (Loss: 0.04300)
Epoch 50 | Loss: 671.18338
   ✅ New Best Model Saved (Loss: 0.04298)
Epoch 51 | Loss: 670.86934
   ✅ New Best Model Saved (Loss: 0.04296)
Epoch 52 | Loss: 670.64636
   ✅ New Best Model Saved (Loss: 0.04295)
Epoch 53 | Loss: 670.54139
   ✅ New Best Model Saved (Loss: 0.04294)
Epoch 54 | Loss: 670.28216
   ✅ New Best Model Saved (Loss: 0.04292)
Epoch 55 | Loss: 669.98045
   ✅ New Best Model Saved (Loss: 0.04290)
Epoch 56 | Loss: 669.71165
   ✅ New Best Model Saved (Loss: 0.04289)
Epoch 57 | Loss: 669.45266
   ✅ New Best Model Saved (Loss: 0.04287)
Epoch 58 | Loss: 669.19735
   ✅ New Best Model Saved (Loss: 0.04285)
Epoch 59 | Loss: 669.16330
   ✅ New Best Model Saved (Loss: 0.04285)
Epoch 60 | Loss: 668.97049
   ✅ New Best Model Saved (Loss: 0.04284)
Epoch 61 | Loss: 668.59559
   ✅ New Best Model Saved (Loss: 0.04281)
Epoch 62 | Loss: 668.18235
   ✅ New Best Model Saved (Loss: 0.04279)
Epoch 63 | Loss: 668.35587
   No improvement. Patience: 1/3
Epoch 64 | Loss: 668.19164
   No improvement. Patience: 2/3
Epoch 65 | Loss: 667.97948
   ✅ New Best Model Saved (Loss: 0.04278)
Epoch 66 | Loss: 667.58129
   ✅ New Best Model Saved (Loss: 0.04275)
Epoch 67 | Loss: 667.54946
   ✅ New Best Model Saved (Loss: 0.04275)
Epoch 68 | Loss: 667.33414
   ✅ New Best Model Saved (Loss: 0.04273)
Epoch 69 | Loss: 667.15613
   ✅ New Best Model Saved (Loss: 0.04272)
Epoch 70 | Loss: 666.94860
   ✅ New Best Model Saved (Loss: 0.04271)
Epoch 71 | Loss: 666.82823
   ✅ New Best Model Saved (Loss: 0.04270)
Epoch 72 | Loss: 666.55191
   ✅ New Best Model Saved (Loss: 0.04268)
Epoch 73 | Loss: 666.49013
   ✅ New Best Model Saved (Loss: 0.04268)
Epoch 74 | Loss: 666.38261
   ✅ New Best Model Saved (Loss: 0.04267)
Epoch 75 | Loss: 666.29592
   ✅ New Best Model Saved (Loss: 0.04267)
Epoch 76 | Loss: 665.92737
   ✅ New Best Model Saved (Loss: 0.04264)
Epoch 77 | Loss: 665.92547
   ✅ New Best Model Saved (Loss: 0.04264)
Epoch 78 | Loss: 665.71356
   ✅ New Best Model Saved (Loss: 0.04263)
Epoch 79 | Loss: 665.42444
   ✅ New Best Model Saved (Loss: 0.04261)
Epoch 80 | Loss: 665.40291
   ✅ New Best Model Saved (Loss: 0.04261)
Epoch 81 | Loss: 665.27593
   ✅ New Best Model Saved (Loss: 0.04260)
Epoch 82 | Loss: 665.13416
   ✅ New Best Model Saved (Loss: 0.04259)
Epoch 83 | Loss: 665.06023
   ✅ New Best Model Saved (Loss: 0.04259)
Epoch 84 | Loss: 664.86860
   ✅ New Best Model Saved (Loss: 0.04258)
Epoch 85 | Loss: 664.56176
   ✅ New Best Model Saved (Loss: 0.04256)
Epoch 86 | Loss: 664.61561
   No improvement. Patience: 1/3
Epoch 87 | Loss: 664.43333
   ✅ New Best Model Saved (Loss: 0.04255)
Epoch 88 | Loss: 664.22756
   ✅ New Best Model Saved (Loss: 0.04254)
Epoch 89 | Loss: 664.15396
   ✅ New Best Model Saved (Loss: 0.04253)
Epoch 90 | Loss: 663.98062
   ✅ New Best Model Saved (Loss: 0.04252)
Epoch 91 | Loss: 663.88429
   ✅ New Best Model Saved (Loss: 0.04251)
Epoch 92 | Loss: 663.77467
   ✅ New Best Model Saved (Loss: 0.04251)
Epoch 93 | Loss: 663.77718
   No improvement. Patience: 1/3
Epoch 94 | Loss: 663.56591
   ✅ New Best Model Saved (Loss: 0.04249)
Epoch 95 | Loss: 663.51984
   ✅ New Best Model Saved (Loss: 0.04249)
Epoch 96 | Loss: 663.43855
   ✅ New Best Model Saved (Loss: 0.04248)
Epoch 97 | Loss: 663.23235
   ✅ New Best Model Saved (Loss: 0.04247)
Epoch 98 | Loss: 663.14062
   ✅ New Best Model Saved (Loss: 0.04247)
Epoch 99 | Loss: 663.03653
   ✅ New Best Model Saved (Loss: 0.04246)
Epoch 100 | Loss: 663.15447
   No improvement. Patience: 1/3
✅ Run environment created at: hopper/runs/transformer_medium_Loss_0.04247
💾 Model saved as: hopper/runs/transformer_medium_Loss_0.04247/agent.pt
