mujoco/hopper/medium-v0
<module 'hopper' from '/home/u253954/SSM_benchmark/gym/hopper/__init__.py'>
Loading Minari Dataset: mujoco/hopper/medium-v0 (downloading if needed)...
<module 'ssm' from '/home/u253954/SSM_benchmark/gym/ssm/__init__.py'>
Epoch 01 | Loss: 0.059500
   ✅ New Best Model Saved (Loss: 0.05950)
Epoch 02 | Loss: 0.049164
   ✅ New Best Model Saved (Loss: 0.04916)
Epoch 03 | Loss: 0.047051
   ✅ New Best Model Saved (Loss: 0.04705)
Epoch 04 | Loss: 0.046000
   ✅ New Best Model Saved (Loss: 0.04600)
Epoch 05 | Loss: 0.045343
   ✅ New Best Model Saved (Loss: 0.04534)
Epoch 06 | Loss: 0.044894
   ✅ New Best Model Saved (Loss: 0.04489)
Epoch 07 | Loss: 0.044558
   ✅ New Best Model Saved (Loss: 0.04456)
Epoch 08 | Loss: 0.044288
   ✅ New Best Model Saved (Loss: 0.04429)
Epoch 09 | Loss: 0.044074
   ✅ New Best Model Saved (Loss: 0.04407)
Epoch 10 | Loss: 0.043879
   ✅ New Best Model Saved (Loss: 0.04388)
Epoch 11 | Loss: 0.043719
   ✅ New Best Model Saved (Loss: 0.04372)
Epoch 12 | Loss: 0.043582
   ✅ New Best Model Saved (Loss: 0.04358)
Epoch 13 | Loss: 0.043455
   ✅ New Best Model Saved (Loss: 0.04345)
Epoch 14 | Loss: 0.043336
   ✅ New Best Model Saved (Loss: 0.04334)
Epoch 15 | Loss: 0.043236
   ✅ New Best Model Saved (Loss: 0.04324)
Final model saved to hopper/runs/ssm_medium_Loss_0.04324
