mujoco/hopper/medium-v0
<module 'hopper' from '/home/u253954/SSM_benchmark/gym/hopper/__init__.py'>
transformer
Loading Minari Dataset: mujoco/hopper/medium-v0 (downloading if needed)...
<module 'transformer' from '/home/u253954/SSM_benchmark/gym/transformer/__init__.py'>
Starting training on cuda...
Epoch 1 | Loss: 2867.79107
   ✅ New Best Model Saved (Loss: 0.18364)
Epoch 2 | Loss: 2457.73354
   ✅ New Best Model Saved (Loss: 0.15739)
Epoch 3 | Loss: 2376.39829
   ✅ New Best Model Saved (Loss: 0.15218)
Epoch 4 | Loss: 2335.80580
   ✅ New Best Model Saved (Loss: 0.14958)
Epoch 5 | Loss: 2310.84143
   ✅ New Best Model Saved (Loss: 0.14798)
Epoch 6 | Loss: 2292.77532
   ✅ New Best Model Saved (Loss: 0.14682)
Epoch 7 | Loss: 2279.21154
   ✅ New Best Model Saved (Loss: 0.14595)
Epoch 8 | Loss: 2268.33283
   ✅ New Best Model Saved (Loss: 0.14526)
Epoch 9 | Loss: 2259.26335
   ✅ New Best Model Saved (Loss: 0.14468)
Epoch 10 | Loss: 2252.18527
   ✅ New Best Model Saved (Loss: 0.14422)
Epoch 11 | Loss: 2246.10662
   ✅ New Best Model Saved (Loss: 0.14383)
Epoch 12 | Loss: 2240.90707
   ✅ New Best Model Saved (Loss: 0.14350)
Epoch 13 | Loss: 2236.12725
   ✅ New Best Model Saved (Loss: 0.14319)
Epoch 14 | Loss: 2232.08914
   ✅ New Best Model Saved (Loss: 0.14294)
Epoch 15 | Loss: 2229.43302
   ✅ New Best Model Saved (Loss: 0.14277)
Epoch 16 | Loss: 2224.88533
   ✅ New Best Model Saved (Loss: 0.14247)
Epoch 17 | Loss: 2222.05446
   ✅ New Best Model Saved (Loss: 0.14229)
Epoch 18 | Loss: 2218.95150
   ✅ New Best Model Saved (Loss: 0.14209)
Epoch 19 | Loss: 2215.57799
   ✅ New Best Model Saved (Loss: 0.14188)
Epoch 20 | Loss: 2213.26129
   ✅ New Best Model Saved (Loss: 0.14173)
Epoch 21 | Loss: 2210.61673
   ✅ New Best Model Saved (Loss: 0.14156)
Epoch 22 | Loss: 2207.97805
   ✅ New Best Model Saved (Loss: 0.14139)
Epoch 23 | Loss: 2205.47738
   ✅ New Best Model Saved (Loss: 0.14123)
Epoch 24 | Loss: 2203.47250
   ✅ New Best Model Saved (Loss: 0.14110)
Epoch 25 | Loss: 2201.86220
   ✅ New Best Model Saved (Loss: 0.14100)
Epoch 26 | Loss: 2199.21650
   ✅ New Best Model Saved (Loss: 0.14083)
Epoch 27 | Loss: 2198.47482
   ✅ New Best Model Saved (Loss: 0.14078)
Epoch 28 | Loss: 2195.89029
   ✅ New Best Model Saved (Loss: 0.14062)
Epoch 29 | Loss: 2194.50409
   ✅ New Best Model Saved (Loss: 0.14053)
Epoch 30 | Loss: 2193.22373
   ✅ New Best Model Saved (Loss: 0.14045)
Epoch 31 | Loss: 2191.64529
   ✅ New Best Model Saved (Loss: 0.14035)
Epoch 32 | Loss: 2189.26018
   ✅ New Best Model Saved (Loss: 0.14019)
Epoch 33 | Loss: 2187.77217
   ✅ New Best Model Saved (Loss: 0.14010)
Epoch 34 | Loss: 2186.46883
   ✅ New Best Model Saved (Loss: 0.14001)
Epoch 35 | Loss: 2185.12026
   ✅ New Best Model Saved (Loss: 0.13993)
Epoch 36 | Loss: 2184.03180
   ✅ New Best Model Saved (Loss: 0.13986)
Epoch 37 | Loss: 2182.80677
   ✅ New Best Model Saved (Loss: 0.13978)
Epoch 38 | Loss: 2181.44290
   ✅ New Best Model Saved (Loss: 0.13969)
Epoch 39 | Loss: 2180.36229
   ✅ New Best Model Saved (Loss: 0.13962)
Epoch 40 | Loss: 2179.21512
   ✅ New Best Model Saved (Loss: 0.13955)
Epoch 41 | Loss: 2177.98409
   ✅ New Best Model Saved (Loss: 0.13947)
Epoch 42 | Loss: 2177.31357
   ✅ New Best Model Saved (Loss: 0.13943)
Epoch 43 | Loss: 2176.85925
   ✅ New Best Model Saved (Loss: 0.13940)
Epoch 44 | Loss: 2175.24884
   ✅ New Best Model Saved (Loss: 0.13930)
Epoch 45 | Loss: 2174.28029
   ✅ New Best Model Saved (Loss: 0.13923)
Epoch 46 | Loss: 2173.37861
   ✅ New Best Model Saved (Loss: 0.13918)
Epoch 47 | Loss: 2172.60997
   ✅ New Best Model Saved (Loss: 0.13913)
Epoch 48 | Loss: 2171.52988
   ✅ New Best Model Saved (Loss: 0.13906)
Epoch 49 | Loss: 2171.03536
   ✅ New Best Model Saved (Loss: 0.13903)
Epoch 50 | Loss: 2169.57630
   ✅ New Best Model Saved (Loss: 0.13893)
Epoch 51 | Loss: 2169.73909
   No improvement. Patience: 1/3
Epoch 52 | Loss: 2167.97958
   ✅ New Best Model Saved (Loss: 0.13883)
Epoch 53 | Loss: 2167.65470
   ✅ New Best Model Saved (Loss: 0.13881)
Epoch 54 | Loss: 2166.93712
   ✅ New Best Model Saved (Loss: 0.13876)
Epoch 55 | Loss: 2165.90041
   ✅ New Best Model Saved (Loss: 0.13870)
Epoch 56 | Loss: 2165.50308
   ✅ New Best Model Saved (Loss: 0.13867)
Epoch 57 | Loss: 2164.58347
   ✅ New Best Model Saved (Loss: 0.13861)
Epoch 58 | Loss: 2163.73984
   ✅ New Best Model Saved (Loss: 0.13856)
Epoch 59 | Loss: 2163.35232
   ✅ New Best Model Saved (Loss: 0.13853)
Epoch 60 | Loss: 2161.92170
   ✅ New Best Model Saved (Loss: 0.13844)
Epoch 61 | Loss: 2162.11917
   No improvement. Patience: 1/3
Epoch 62 | Loss: 2161.01077
   ✅ New Best Model Saved (Loss: 0.13838)
Epoch 63 | Loss: 2160.72521
   ✅ New Best Model Saved (Loss: 0.13837)
Epoch 64 | Loss: 2159.66565
   ✅ New Best Model Saved (Loss: 0.13830)
Epoch 65 | Loss: 2159.33073
   ✅ New Best Model Saved (Loss: 0.13828)
Epoch 66 | Loss: 2158.69496
   ✅ New Best Model Saved (Loss: 0.13824)
Epoch 67 | Loss: 2157.96871
   ✅ New Best Model Saved (Loss: 0.13819)
Epoch 68 | Loss: 2158.09748
   No improvement. Patience: 1/3
Epoch 69 | Loss: 2156.92921
   ✅ New Best Model Saved (Loss: 0.13812)
Epoch 70 | Loss: 2156.28445
   ✅ New Best Model Saved (Loss: 0.13808)
Epoch 71 | Loss: 2156.24300
   ✅ New Best Model Saved (Loss: 0.13808)
Epoch 72 | Loss: 2155.60597
   ✅ New Best Model Saved (Loss: 0.13804)
Epoch 73 | Loss: 2154.48560
   ✅ New Best Model Saved (Loss: 0.13797)
Epoch 74 | Loss: 2154.76496
   No improvement. Patience: 1/3
Epoch 75 | Loss: 2154.55731
   No improvement. Patience: 2/3
Epoch 76 | Loss: 2153.53853
   ✅ New Best Model Saved (Loss: 0.13791)
Epoch 77 | Loss: 2153.01086
   ✅ New Best Model Saved (Loss: 0.13787)
Epoch 78 | Loss: 2152.87218
   ✅ New Best Model Saved (Loss: 0.13786)
Epoch 79 | Loss: 2152.36307
   ✅ New Best Model Saved (Loss: 0.13783)
Epoch 80 | Loss: 2151.51854
   ✅ New Best Model Saved (Loss: 0.13778)
Epoch 81 | Loss: 2151.20300
   ✅ New Best Model Saved (Loss: 0.13776)
Epoch 82 | Loss: 2150.30728
   ✅ New Best Model Saved (Loss: 0.13770)
Epoch 83 | Loss: 2150.04836
   ✅ New Best Model Saved (Loss: 0.13768)
Epoch 84 | Loss: 2149.54470
   ✅ New Best Model Saved (Loss: 0.13765)
Epoch 85 | Loss: 2149.12237
   ✅ New Best Model Saved (Loss: 0.13762)
Epoch 86 | Loss: 2148.76093
   ✅ New Best Model Saved (Loss: 0.13760)
Epoch 87 | Loss: 2148.31501
   ✅ New Best Model Saved (Loss: 0.13757)
Epoch 88 | Loss: 2148.00095
   ✅ New Best Model Saved (Loss: 0.13755)
Epoch 89 | Loss: 2147.30842
   ✅ New Best Model Saved (Loss: 0.13751)
Epoch 90 | Loss: 2147.34632
   No improvement. Patience: 1/3
Epoch 91 | Loss: 2146.71869
   ✅ New Best Model Saved (Loss: 0.13747)
Epoch 92 | Loss: 2145.72488
   ✅ New Best Model Saved (Loss: 0.13741)
Epoch 93 | Loss: 2145.74014
   No improvement. Patience: 1/3
Epoch 94 | Loss: 2145.87707
   No improvement. Patience: 2/3
Epoch 95 | Loss: 2145.04391
   ✅ New Best Model Saved (Loss: 0.13736)
Epoch 96 | Loss: 2144.88704
   ✅ New Best Model Saved (Loss: 0.13735)
Epoch 97 | Loss: 2144.38520
   ✅ New Best Model Saved (Loss: 0.13732)
Epoch 98 | Loss: 2144.26801
   ✅ New Best Model Saved (Loss: 0.13731)
Epoch 99 | Loss: 2143.83434
   ✅ New Best Model Saved (Loss: 0.13728)
Epoch 100 | Loss: 2143.73527
   ✅ New Best Model Saved (Loss: 0.13728)
Epoch 101 | Loss: 2143.13690
   ✅ New Best Model Saved (Loss: 0.13724)
Epoch 102 | Loss: 2142.92585
   ✅ New Best Model Saved (Loss: 0.13723)
Epoch 103 | Loss: 2142.73741
   ✅ New Best Model Saved (Loss: 0.13721)
Epoch 104 | Loss: 2142.18317
   ✅ New Best Model Saved (Loss: 0.13718)
Epoch 105 | Loss: 2142.19060
   No improvement. Patience: 1/3
Epoch 106 | Loss: 2141.57811
   ✅ New Best Model Saved (Loss: 0.13714)
Epoch 107 | Loss: 2141.51107
   ✅ New Best Model Saved (Loss: 0.13714)
Epoch 108 | Loss: 2141.32237
   ✅ New Best Model Saved (Loss: 0.13712)
Epoch 109 | Loss: 2140.48934
   ✅ New Best Model Saved (Loss: 0.13707)
Epoch 110 | Loss: 2140.39475
   ✅ New Best Model Saved (Loss: 0.13706)
Epoch 111 | Loss: 2139.67751
   ✅ New Best Model Saved (Loss: 0.13702)
Epoch 112 | Loss: 2139.58937
   ✅ New Best Model Saved (Loss: 0.13701)
Epoch 113 | Loss: 2139.39724
   ✅ New Best Model Saved (Loss: 0.13700)
Epoch 114 | Loss: 2138.98627
   ✅ New Best Model Saved (Loss: 0.13697)
Epoch 115 | Loss: 2139.06670
   No improvement. Patience: 1/3
Epoch 116 | Loss: 2137.66895
   ✅ New Best Model Saved (Loss: 0.13689)
Epoch 117 | Loss: 2138.33520
   No improvement. Patience: 1/3
Epoch 118 | Loss: 2138.48147
   No improvement. Patience: 2/3
Epoch 119 | Loss: 2137.80072
   No improvement. Patience: 3/3
🛑 Early Stopping triggered. Model has converged.
✅ Run environment created at: hopper/runs/transformer_medium_Loss_0.13690
💾 Model saved as: hopper/runs/transformer_medium_Loss_0.13690/agent.pt
