cuda
<torch.utils.data.dataloader.DataLoader object at 0x7feab98f89d0>
Epoch 1/500 - Loss: 0.9306
Epoch 2/500 - Loss: 0.3796
Epoch 3/500 - Loss: 0.2361
Epoch 4/500 - Loss: 0.1547
Epoch 5/500 - Loss: 0.1214
Epoch 6/500 - Loss: 0.1066
Epoch 7/500 - Loss: 0.1240
Epoch 8/500 - Loss: 0.0812
Epoch 9/500 - Loss: 0.0772
Epoch 10/500 - Loss: 0.0741
Epoch 11/500 - Loss: 0.0722
Epoch 12/500 - Loss: 0.0720
Epoch 13/500 - Loss: 0.0703
Epoch 14/500 - Loss: 0.0687
Epoch 15/500 - Loss: 0.0683
Epoch 16/500 - Loss: 0.0674
Epoch 17/500 - Loss: 0.0670
Epoch 18/500 - Loss: 0.0834
Epoch 19/500 - Loss: 0.0685
Epoch 20/500 - Loss: 0.0656
Epoch 21/500 - Loss: 0.0652
Epoch 22/500 - Loss: 0.0649
Epoch 23/500 - Loss: 0.0650
Epoch 24/500 - Loss: 0.0648
Epoch 25/500 - Loss: 0.0650
Epoch 26/500 - Loss: 0.0645
Epoch 27/500 - Loss: 0.0647
Epoch 28/500 - Loss: 0.0643
Epoch 29/500 - Loss: 0.0652
Epoch 30/500 - Loss: 0.0641
Epoch 31/500 - Loss: 0.0640
Epoch 32/500 - Loss: 0.0640
Epoch 33/500 - Loss: 0.0634
Epoch 34/500 - Loss: 0.0636
Epoch 35/500 - Loss: 0.0632
Epoch 36/500 - Loss: 0.0627
Epoch 37/500 - Loss: 0.0628
Epoch 38/500 - Loss: 0.0658
Epoch 39/500 - Loss: 0.0624
Epoch 40/500 - Loss: 0.0622
Epoch 41/500 - Loss: 0.0622
Epoch 42/500 - Loss: 0.0620
Epoch 43/500 - Loss: 0.0620
Epoch 44/500 - Loss: 0.0619
Epoch 45/500 - Loss: 0.0618
Epoch 46/500 - Loss: 0.0617
Epoch 47/500 - Loss: 0.0617
Epoch 48/500 - Loss: 0.0616
Epoch 49/500 - Loss: 0.0616
Epoch 50/500 - Loss: 0.0614
Epoch 51/500 - Loss: 0.0613
Epoch 52/500 - Loss: 0.0621
Epoch 53/500 - Loss: 0.0609
Epoch 54/500 - Loss: 0.0609
Epoch 55/500 - Loss: 0.0608
Epoch 56/500 - Loss: 0.0608
Epoch 57/500 - Loss: 0.0607
Epoch 58/500 - Loss: 0.0608
Epoch 59/500 - Loss: 0.0605
Epoch 60/500 - Loss: 0.0607
Epoch 61/500 - Loss: 0.0610
Epoch 62/500 - Loss: 0.0602
Epoch 63/500 - Loss: 0.0601
Epoch 64/500 - Loss: 0.0599
Epoch 65/500 - Loss: 0.0602
Epoch 66/500 - Loss: 0.0600
Epoch 67/500 - Loss: 0.0600
Epoch 68/500 - Loss: 0.0603
Epoch 69/500 - Loss: 0.0599
Epoch 70/500 - Loss: 0.0598
Epoch 71/500 - Loss: 0.0598
Epoch 72/500 - Loss: 0.0596
Epoch 73/500 - Loss: 0.0595
Epoch 74/500 - Loss: 0.0595
Epoch 75/500 - Loss: 0.0597
Epoch 76/500 - Loss: 0.0596
Epoch 77/500 - Loss: 0.0596
Epoch 78/500 - Loss: 0.0594
Epoch 79/500 - Loss: 0.0592
Epoch 80/500 - Loss: 0.0592
Epoch 81/500 - Loss: 0.0591
Epoch 82/500 - Loss: 0.0592
Epoch 83/500 - Loss: 0.0591
Epoch 84/500 - Loss: 0.0590
Epoch 85/500 - Loss: 0.0589
Epoch 86/500 - Loss: 0.0592
Epoch 87/500 - Loss: 0.0591
Epoch 88/500 - Loss: 0.0590
Epoch 89/500 - Loss: 0.0591
Epoch 90/500 - Loss: 0.0588
Epoch 91/500 - Loss: 0.0587
Epoch 92/500 - Loss: 0.0587
Epoch 93/500 - Loss: 0.0586
Epoch 94/500 - Loss: 0.0586
Epoch 95/500 - Loss: 0.0586
Epoch 96/500 - Loss: 0.0586
Epoch 97/500 - Loss: 0.0593
Epoch 98/500 - Loss: 0.0584
Epoch 99/500 - Loss: 0.0585
Epoch 100/500 - Loss: 0.0585
Epoch 101/500 - Loss: 0.0585
Epoch 102/500 - Loss: 0.0584
Epoch 103/500 - Loss: 0.0585
Epoch 104/500 - Loss: 0.0591
Epoch 105/500 - Loss: 0.0583
Epoch 106/500 - Loss: 0.0582
Epoch 107/500 - Loss: 0.0584
Epoch 108/500 - Loss: 0.0582
Epoch 109/500 - Loss: 0.0581
Epoch 110/500 - Loss: 0.0582
Epoch 111/500 - Loss: 0.0583
Epoch 112/500 - Loss: 0.0582
Epoch 113/500 - Loss: 0.0582
Epoch 114/500 - Loss: 0.0580
Epoch 115/500 - Loss: 0.0582
Epoch 116/500 - Loss: 0.0598
Epoch 117/500 - Loss: 0.0581
Epoch 118/500 - Loss: 0.0579
Epoch 119/500 - Loss: 0.0580
Epoch 120/500 - Loss: 0.0580
Epoch 121/500 - Loss: 0.0580
Epoch 122/500 - Loss: 0.0579
Epoch 123/500 - Loss: 0.0586
Epoch 124/500 - Loss: 0.0579
Epoch 125/500 - Loss: 0.0580
Epoch 126/500 - Loss: 0.0579
Epoch 127/500 - Loss: 0.0578
Epoch 128/500 - Loss: 0.0581
Epoch 129/500 - Loss: 0.0580
Epoch 130/500 - Loss: 0.0580
Epoch 131/500 - Loss: 0.0581
Epoch 132/500 - Loss: 0.0579
Epoch 133/500 - Loss: 0.0580
Epoch 134/500 - Loss: 0.0579
Epoch 135/500 - Loss: 0.0579
Epoch 136/500 - Loss: 0.0580
Epoch 137/500 - Loss: 0.0580
Epoch 138/500 - Loss: 0.0587
Epoch 139/500 - Loss: 0.0583
Epoch 140/500 - Loss: 0.0577
Epoch 141/500 - Loss: 0.0577
Epoch 142/500 - Loss: 0.0576
Epoch 143/500 - Loss: 0.0578
Epoch 144/500 - Loss: 0.0578
Epoch 145/500 - Loss: 0.0577
Epoch 146/500 - Loss: 0.0577
Epoch 147/500 - Loss: 0.0576
Epoch 148/500 - Loss: 0.0577
Epoch 149/500 - Loss: 0.0577
Epoch 150/500 - Loss: 0.0577
Epoch 151/500 - Loss: 0.0578
Epoch 152/500 - Loss: 0.0576
Epoch 153/500 - Loss: 0.0576
Epoch 154/500 - Loss: 0.0576
Epoch 155/500 - Loss: 0.0576
Epoch 156/500 - Loss: 0.0582
Epoch 157/500 - Loss: 0.0575
Epoch 158/500 - Loss: 0.0574
Epoch 159/500 - Loss: 0.0575
Epoch 160/500 - Loss: 0.0576
Epoch 161/500 - Loss: 0.0574
Epoch 162/500 - Loss: 0.0582
Epoch 163/500 - Loss: 0.0574
Epoch 164/500 - Loss: 0.0573
Epoch 165/500 - Loss: 0.0574
Epoch 166/500 - Loss: 0.0574
Epoch 167/500 - Loss: 0.0575
Epoch 168/500 - Loss: 0.0574
Epoch 169/500 - Loss: 0.0575
Epoch 170/500 - Loss: 0.0575
Epoch 171/500 - Loss: 0.0575
Epoch 172/500 - Loss: 0.0574
Epoch 173/500 - Loss: 0.0576
Epoch 174/500 - Loss: 0.0576
Epoch 175/500 - Loss: 0.0573
Epoch 176/500 - Loss: 0.0572
Epoch 177/500 - Loss: 0.0574
Epoch 178/500 - Loss: 0.0573
Epoch 179/500 - Loss: 0.0574
Epoch 180/500 - Loss: 0.0573
Epoch 181/500 - Loss: 0.0573
Epoch 182/500 - Loss: 0.0573
Epoch 183/500 - Loss: 0.0574
Epoch 184/500 - Loss: 0.0580
Epoch 185/500 - Loss: 0.0573
Epoch 186/500 - Loss: 0.0572
Epoch 187/500 - Loss: 0.0572
Epoch 188/500 - Loss: 0.0572
Epoch 189/500 - Loss: 0.0572
Epoch 190/500 - Loss: 0.0572
Epoch 191/500 - Loss: 0.0572
Epoch 192/500 - Loss: 0.0572
Epoch 193/500 - Loss: 0.0571
Epoch 194/500 - Loss: 0.0572
Epoch 195/500 - Loss: 0.0572
Epoch 196/500 - Loss: 0.0572
Epoch 197/500 - Loss: 0.0574
Epoch 198/500 - Loss: 0.0572
Epoch 199/500 - Loss: 0.0572
Epoch 200/500 - Loss: 0.0570
Epoch 201/500 - Loss: 0.0571
Epoch 202/500 - Loss: 0.0570
Epoch 203/500 - Loss: 0.0572
Epoch 204/500 - Loss: 0.0572
Epoch 205/500 - Loss: 0.0570
Epoch 206/500 - Loss: 0.0573
Epoch 207/500 - Loss: 0.0571
Epoch 208/500 - Loss: 0.0571
Epoch 209/500 - Loss: 0.0571
Epoch 210/500 - Loss: 0.0570
Epoch 211/500 - Loss: 0.0570
Epoch 212/500 - Loss: 0.0569
Epoch 213/500 - Loss: 0.0570
Epoch 214/500 - Loss: 0.0569
Epoch 215/500 - Loss: 0.0570
Epoch 216/500 - Loss: 0.0570
Epoch 217/500 - Loss: 0.0570
Epoch 218/500 - Loss: 0.0570
Epoch 219/500 - Loss: 0.0577
Epoch 220/500 - Loss: 0.0568
Epoch 221/500 - Loss: 0.0567
Epoch 222/500 - Loss: 0.0568
Epoch 223/500 - Loss: 0.0568
Epoch 224/500 - Loss: 0.0570
Epoch 225/500 - Loss: 0.0569
Epoch 226/500 - Loss: 0.0568
Epoch 227/500 - Loss: 0.0570
Epoch 228/500 - Loss: 0.0570
Epoch 229/500 - Loss: 0.0569
Epoch 230/500 - Loss: 0.0569
Epoch 231/500 - Loss: 0.0575
Epoch 232/500 - Loss: 0.0569
Epoch 233/500 - Loss: 0.0568
Epoch 234/500 - Loss: 0.0567
Epoch 235/500 - Loss: 0.0568
Epoch 236/500 - Loss: 0.0568
Epoch 237/500 - Loss: 0.0568
Epoch 238/500 - Loss: 0.0568
Epoch 239/500 - Loss: 0.0566
Epoch 240/500 - Loss: 0.0568
Epoch 241/500 - Loss: 0.0567
Epoch 242/500 - Loss: 0.0569
Epoch 243/500 - Loss: 0.0569
Epoch 244/500 - Loss: 0.0567
Epoch 245/500 - Loss: 0.0568
Epoch 246/500 - Loss: 0.0568
Epoch 247/500 - Loss: 0.0567
Epoch 248/500 - Loss: 0.0586
Epoch 249/500 - Loss: 0.0568
Epoch 250/500 - Loss: 0.0567
Epoch 251/500 - Loss: 0.0565
Epoch 252/500 - Loss: 0.0565
Epoch 253/500 - Loss: 0.0565
Epoch 254/500 - Loss: 0.0565
Epoch 255/500 - Loss: 0.0566
Epoch 256/500 - Loss: 0.0565
Epoch 257/500 - Loss: 0.0565
Epoch 258/500 - Loss: 0.0565
Epoch 259/500 - Loss: 0.0566
Epoch 260/500 - Loss: 0.0566
Epoch 261/500 - Loss: 0.0566
Epoch 262/500 - Loss: 0.0565
Epoch 263/500 - Loss: 0.0567
Epoch 264/500 - Loss: 0.0566
Epoch 265/500 - Loss: 0.0566
Epoch 266/500 - Loss: 0.0566
Epoch 267/500 - Loss: 0.0566
Epoch 268/500 - Loss: 0.0566
Epoch 269/500 - Loss: 0.0566
Epoch 270/500 - Loss: 0.0564
Epoch 271/500 - Loss: 0.0565
Epoch 272/500 - Loss: 0.0575
Epoch 273/500 - Loss: 0.0567
Epoch 274/500 - Loss: 0.0566
Epoch 275/500 - Loss: 0.0565
Epoch 276/500 - Loss: 0.0564
Epoch 277/500 - Loss: 0.0564
Epoch 278/500 - Loss: 0.0565
Epoch 279/500 - Loss: 0.0565
Epoch 280/500 - Loss: 0.0565
Epoch 281/500 - Loss: 0.0564
Epoch 282/500 - Loss: 0.0564
Epoch 283/500 - Loss: 0.0570
Epoch 284/500 - Loss: 0.0564
Epoch 285/500 - Loss: 0.0565
Epoch 286/500 - Loss: 0.0564
Epoch 287/500 - Loss: 0.0564
Epoch 288/500 - Loss: 0.0563
Epoch 289/500 - Loss: 0.0565
Epoch 290/500 - Loss: 0.0564
Epoch 291/500 - Loss: 0.0564
Epoch 292/500 - Loss: 0.0565
Epoch 293/500 - Loss: 0.0565
Epoch 294/500 - Loss: 0.0565
Epoch 295/500 - Loss: 0.0563
Epoch 296/500 - Loss: 0.0564
Epoch 297/500 - Loss: 0.0564
Epoch 298/500 - Loss: 0.0565
Epoch 299/500 - Loss: 0.0564
Epoch 300/500 - Loss: 0.0567
Epoch 301/500 - Loss: 0.0563
Epoch 302/500 - Loss: 0.0563
Epoch 303/500 - Loss: 0.0563
Epoch 304/500 - Loss: 0.0563
Epoch 305/500 - Loss: 0.0563
Epoch 306/500 - Loss: 0.0562
Epoch 307/500 - Loss: 0.0563
Epoch 308/500 - Loss: 0.0564
Epoch 309/500 - Loss: 0.0564
Epoch 310/500 - Loss: 0.0562
Epoch 311/500 - Loss: 0.0562
Epoch 312/500 - Loss: 0.0565
Epoch 313/500 - Loss: 0.0562
Epoch 314/500 - Loss: 0.0562
Epoch 315/500 - Loss: 0.0562
Epoch 316/500 - Loss: 0.0562
Epoch 317/500 - Loss: 0.0562
Epoch 318/500 - Loss: 0.0563
Epoch 319/500 - Loss: 0.0563
Epoch 320/500 - Loss: 0.0561
Epoch 321/500 - Loss: 0.0563
Epoch 322/500 - Loss: 0.0563
Epoch 323/500 - Loss: 0.0564
Epoch 324/500 - Loss: 0.0562
Epoch 325/500 - Loss: 0.0564
Epoch 326/500 - Loss: 0.0562
Epoch 327/500 - Loss: 0.0563
Epoch 328/500 - Loss: 0.0572
Epoch 329/500 - Loss: 0.0562
Epoch 330/500 - Loss: 0.0560
Epoch 331/500 - Loss: 0.0561
Epoch 332/500 - Loss: 0.0562
Epoch 333/500 - Loss: 0.0561
Epoch 334/500 - Loss: 0.0562
Epoch 335/500 - Loss: 0.0562
Epoch 336/500 - Loss: 0.0563
Epoch 337/500 - Loss: 0.0562
Epoch 338/500 - Loss: 0.0563
Epoch 339/500 - Loss: 0.0563
Epoch 340/500 - Loss: 0.0564
Epoch 341/500 - Loss: 0.0562
Epoch 342/500 - Loss: 0.0562
Epoch 343/500 - Loss: 0.0562
Epoch 344/500 - Loss: 0.0562
Epoch 345/500 - Loss: 0.0562
repeat_counter limit reached.
['7_0.19779316292089574', '1_0.23', '5_0.20568031128396325', '11_0.04095631358637051', '8_0.18458359515704', '3_0.24120769542168807', '10_0.0518', '2_0.23964066229720804', '9_0.1336', '12_0.04000510455701839', '6_0.22636230218219247', '4_0.2201048572433186']
SAVING IN runs/13_0.05603680570431529
