cuda
<torch.utils.data.dataloader.DataLoader object at 0x7f1f9d9f8a00>
Epoch 1/1000 - Loss: 0.9070
Epoch 2/1000 - Loss: 0.1114
Epoch 3/1000 - Loss: 0.5191
Epoch 4/1000 - Loss: 0.1479
Epoch 5/1000 - Loss: 0.0915
Epoch 6/1000 - Loss: 0.0866
Epoch 7/1000 - Loss: 0.0832
Epoch 8/1000 - Loss: 0.0794
Epoch 9/1000 - Loss: 0.0767
Epoch 10/1000 - Loss: 0.0746
Epoch 11/1000 - Loss: 0.0711
Epoch 12/1000 - Loss: 0.0687
Epoch 13/1000 - Loss: 0.0676
Epoch 14/1000 - Loss: 0.0658
Epoch 15/1000 - Loss: 0.0643
Epoch 16/1000 - Loss: 0.0622
Epoch 17/1000 - Loss: 0.0604
Epoch 18/1000 - Loss: 0.0600
Epoch 19/1000 - Loss: 0.0593
Epoch 20/1000 - Loss: 0.0567
Epoch 21/1000 - Loss: 0.0557
Epoch 22/1000 - Loss: 0.0543
Epoch 23/1000 - Loss: 0.1965
Epoch 24/1000 - Loss: 0.0892
Epoch 25/1000 - Loss: 0.0561
Epoch 26/1000 - Loss: 0.0532
Epoch 27/1000 - Loss: 0.0511
Epoch 28/1000 - Loss: 0.0511
Epoch 29/1000 - Loss: 0.0504
Epoch 30/1000 - Loss: 0.0506
Epoch 31/1000 - Loss: 0.0495
Epoch 32/1000 - Loss: 0.0496
Epoch 33/1000 - Loss: 0.0494
Epoch 34/1000 - Loss: 0.0498
Epoch 35/1000 - Loss: 0.0498
Epoch 36/1000 - Loss: 0.0489
Epoch 37/1000 - Loss: 0.0477
Epoch 38/1000 - Loss: 0.0487
Epoch 39/1000 - Loss: 0.0482
Epoch 40/1000 - Loss: 0.0476
Epoch 41/1000 - Loss: 0.0476
Epoch 42/1000 - Loss: 0.0483
Epoch 43/1000 - Loss: 0.0475
Epoch 44/1000 - Loss: 0.0460
Epoch 45/1000 - Loss: 0.0461
Epoch 46/1000 - Loss: 0.0458
Epoch 47/1000 - Loss: 0.0455
Epoch 48/1000 - Loss: 0.0458
Epoch 49/1000 - Loss: 0.0452
Epoch 50/1000 - Loss: 0.0455
Epoch 51/1000 - Loss: 0.0448
Epoch 52/1000 - Loss: 0.0442
Epoch 53/1000 - Loss: 0.0445
Epoch 54/1000 - Loss: 0.0438
Epoch 55/1000 - Loss: 0.0439
Epoch 56/1000 - Loss: 0.0432
Epoch 57/1000 - Loss: 0.0438
Epoch 58/1000 - Loss: 0.0429
Epoch 59/1000 - Loss: 0.0430
Epoch 60/1000 - Loss: 0.0428
Epoch 61/1000 - Loss: 0.0426
Epoch 62/1000 - Loss: 0.0424
Epoch 63/1000 - Loss: 0.0422
Epoch 64/1000 - Loss: 0.0421
Epoch 65/1000 - Loss: 0.0419
Epoch 66/1000 - Loss: 0.0419
Epoch 67/1000 - Loss: 0.0417
Epoch 68/1000 - Loss: 0.0418
Epoch 69/1000 - Loss: 0.0416
Epoch 70/1000 - Loss: 0.0417
Epoch 71/1000 - Loss: 0.0426
Epoch 72/1000 - Loss: 0.0414
Epoch 73/1000 - Loss: 0.0412
Epoch 74/1000 - Loss: 0.0415
Epoch 75/1000 - Loss: 0.0413
Epoch 76/1000 - Loss: 0.0412
Epoch 77/1000 - Loss: 0.0412
Epoch 78/1000 - Loss: 0.0414
Epoch 79/1000 - Loss: 0.0413
Epoch 80/1000 - Loss: 0.0411
Epoch 81/1000 - Loss: 0.0410
Epoch 82/1000 - Loss: 0.0413
Epoch 83/1000 - Loss: 0.0432
Epoch 84/1000 - Loss: 0.0410
Epoch 85/1000 - Loss: 0.0408
Epoch 86/1000 - Loss: 0.0407
Epoch 87/1000 - Loss: 0.0409
Epoch 88/1000 - Loss: 0.0409
Epoch 89/1000 - Loss: 0.0406
Epoch 90/1000 - Loss: 0.0407
Epoch 91/1000 - Loss: 0.0407
Epoch 92/1000 - Loss: 0.0406
Epoch 93/1000 - Loss: 0.0407
Epoch 94/1000 - Loss: 0.0406
Epoch 95/1000 - Loss: 0.0409
Epoch 96/1000 - Loss: 0.0410
Epoch 97/1000 - Loss: 0.0412
Epoch 98/1000 - Loss: 0.0407
Epoch 99/1000 - Loss: 0.0405
Epoch 100/1000 - Loss: 0.0407
Epoch 101/1000 - Loss: 0.0406
Epoch 102/1000 - Loss: 0.0407
Epoch 103/1000 - Loss: 0.0417
Epoch 104/1000 - Loss: 0.0410
Epoch 105/1000 - Loss: 0.0406
Epoch 106/1000 - Loss: 0.0406
Epoch 107/1000 - Loss: 0.0406
Epoch 108/1000 - Loss: 0.0407
Epoch 109/1000 - Loss: 0.0405
Epoch 110/1000 - Loss: 0.0405
Epoch 111/1000 - Loss: 0.0405
Epoch 112/1000 - Loss: 0.0406
Epoch 113/1000 - Loss: 0.0404
Epoch 114/1000 - Loss: 0.0405
Epoch 115/1000 - Loss: 0.0405
Epoch 116/1000 - Loss: 0.0405
Epoch 117/1000 - Loss: 0.0403
Epoch 118/1000 - Loss: 0.0404
Epoch 119/1000 - Loss: 0.0405
Epoch 120/1000 - Loss: 0.0406
Epoch 121/1000 - Loss: 0.0405
Epoch 122/1000 - Loss: 0.0404
Epoch 123/1000 - Loss: 0.0406
Epoch 124/1000 - Loss: 0.0404
Epoch 125/1000 - Loss: 0.0405
Epoch 126/1000 - Loss: 0.0404
Epoch 127/1000 - Loss: 0.0405
Epoch 128/1000 - Loss: 0.0402
Epoch 129/1000 - Loss: 0.0403
Epoch 130/1000 - Loss: 0.0405
Epoch 131/1000 - Loss: 0.0403
Epoch 132/1000 - Loss: 0.0403
Epoch 133/1000 - Loss: 0.0403
Epoch 134/1000 - Loss: 0.0403
Epoch 135/1000 - Loss: 0.0404
Epoch 136/1000 - Loss: 0.0402
Epoch 137/1000 - Loss: 0.0404
Epoch 138/1000 - Loss: 0.0403
Epoch 139/1000 - Loss: 0.0404
Epoch 140/1000 - Loss: 0.0465
Epoch 141/1000 - Loss: 0.0410
Epoch 142/1000 - Loss: 0.0402
Epoch 143/1000 - Loss: 0.0402
Epoch 144/1000 - Loss: 0.0402
Epoch 145/1000 - Loss: 0.0401
Epoch 146/1000 - Loss: 0.0402
Epoch 147/1000 - Loss: 0.0401
Epoch 148/1000 - Loss: 0.0402
Epoch 149/1000 - Loss: 0.0402
Epoch 150/1000 - Loss: 0.0402
Epoch 151/1000 - Loss: 0.0401
Epoch 152/1000 - Loss: 0.0402
Epoch 153/1000 - Loss: 0.0402
Epoch 154/1000 - Loss: 0.0401
Epoch 155/1000 - Loss: 0.0402
Epoch 156/1000 - Loss: 0.0401
Epoch 157/1000 - Loss: 0.0402
Epoch 158/1000 - Loss: 0.0403
Epoch 159/1000 - Loss: 0.0401
Epoch 160/1000 - Loss: 0.0402
Epoch 161/1000 - Loss: 0.0404
Epoch 162/1000 - Loss: 0.0403
Epoch 163/1000 - Loss: 0.0403
Epoch 164/1000 - Loss: 0.0403
Epoch 165/1000 - Loss: 0.0402
Epoch 166/1000 - Loss: 0.0403
Epoch 167/1000 - Loss: 0.0402
Epoch 168/1000 - Loss: 0.0403
Epoch 169/1000 - Loss: 0.0403
Epoch 170/1000 - Loss: 0.0403
Epoch 171/1000 - Loss: 0.0402
Epoch 172/1000 - Loss: 0.0403
Epoch 173/1000 - Loss: 0.0408
Epoch 174/1000 - Loss: 0.0402
Epoch 175/1000 - Loss: 0.0402
Epoch 176/1000 - Loss: 0.0402
Epoch 177/1000 - Loss: 0.0402
Epoch 178/1000 - Loss: 0.0401
Epoch 179/1000 - Loss: 0.0401
Epoch 180/1000 - Loss: 0.0402
Epoch 181/1000 - Loss: 0.0402
Epoch 182/1000 - Loss: 0.0403
Epoch 183/1000 - Loss: 0.0402
Epoch 184/1000 - Loss: 0.0403
Epoch 185/1000 - Loss: 0.0404
Epoch 186/1000 - Loss: 0.0403
Epoch 187/1000 - Loss: 0.0429
Epoch 188/1000 - Loss: 0.0406
Epoch 189/1000 - Loss: 0.0402
Epoch 190/1000 - Loss: 0.0401
Epoch 191/1000 - Loss: 0.0402
Epoch 192/1000 - Loss: 0.0402
Epoch 193/1000 - Loss: 0.0401
Epoch 194/1000 - Loss: 0.0400
Epoch 195/1000 - Loss: 0.0401
Epoch 196/1000 - Loss: 0.0401
Epoch 197/1000 - Loss: 0.0401
Epoch 198/1000 - Loss: 0.0401
Epoch 199/1000 - Loss: 0.0400
Epoch 200/1000 - Loss: 0.0402
Epoch 201/1000 - Loss: 0.0401
Epoch 202/1000 - Loss: 0.0401
Epoch 203/1000 - Loss: 0.0401
Epoch 204/1000 - Loss: 0.0401
Epoch 205/1000 - Loss: 0.0402
Epoch 206/1000 - Loss: 0.0401
Epoch 207/1000 - Loss: 0.0402
Epoch 208/1000 - Loss: 0.0401
Epoch 209/1000 - Loss: 0.0402
Epoch 210/1000 - Loss: 0.0402
Epoch 211/1000 - Loss: 0.0401
Epoch 212/1000 - Loss: 0.0401
Epoch 213/1000 - Loss: 0.0401
Epoch 214/1000 - Loss: 0.0402
Epoch 215/1000 - Loss: 0.0402
Epoch 216/1000 - Loss: 0.0400
Epoch 217/1000 - Loss: 0.0402
Epoch 218/1000 - Loss: 0.0402
Epoch 219/1000 - Loss: 0.0402
Epoch 220/1000 - Loss: 0.0401
Epoch 221/1000 - Loss: 0.0402
Epoch 222/1000 - Loss: 0.0402
Epoch 223/1000 - Loss: 0.0402
Epoch 224/1000 - Loss: 0.0403
Epoch 225/1000 - Loss: 0.0401
Epoch 226/1000 - Loss: 0.0402
Epoch 227/1000 - Loss: 0.0402
Epoch 228/1000 - Loss: 0.0401
Epoch 229/1000 - Loss: 0.0401
Epoch 230/1000 - Loss: 0.0400
Epoch 231/1000 - Loss: 0.0402
Epoch 232/1000 - Loss: 0.0402
Epoch 233/1000 - Loss: 0.0403
Epoch 234/1000 - Loss: 0.0402
Epoch 235/1000 - Loss: 0.0405
Epoch 236/1000 - Loss: 0.0401
Epoch 237/1000 - Loss: 0.0401
Epoch 238/1000 - Loss: 0.0402
Epoch 239/1000 - Loss: 0.0402
Epoch 240/1000 - Loss: 0.0402
Epoch 241/1000 - Loss: 0.0401
Epoch 242/1000 - Loss: 0.0402
Epoch 243/1000 - Loss: 0.0401
Epoch 244/1000 - Loss: 0.0400
Epoch 245/1000 - Loss: 0.0401
Epoch 246/1000 - Loss: 0.0401
Epoch 247/1000 - Loss: 0.0401
Epoch 248/1000 - Loss: 0.0402
Epoch 249/1000 - Loss: 0.0401
repeat_counter limit reached.
['7_0.19779316292089574', '1_0.23', '5_0.20568031128396325', '11_0.04095631358637051', '8_0.18458359515704', '3_0.24120769542168807', '10_0.0518', '2_0.23964066229720804', '9_0.1336', '6_0.22636230218219247', '4_0.2201048572433186']
SAVING IN runs/12_0.04000510455701839
