mujoco/hopper/medium-v0
<module 'hopper' from '/home/u253954/SSM_benchmark/gym/hopper/__init__.py'>
Loading Minari Dataset: mujoco/hopper/medium-v0 (downloading if needed)...
<module 'transformer' from '/home/u253954/SSM_benchmark/gym/transformer/__init__.py'>
Epoch 01 | Loss: 0.042310
   ✅ New Best Model Saved (Loss: 0.04231)
Epoch 02 | Loss: 0.042237
   ✅ New Best Model Saved (Loss: 0.04224)
Epoch 03 | Loss: 0.042173
   ✅ New Best Model Saved (Loss: 0.04217)
Epoch 04 | Loss: 0.042108
   ✅ New Best Model Saved (Loss: 0.04211)
Epoch 05 | Loss: 0.042039
   ✅ New Best Model Saved (Loss: 0.04204)
Epoch 06 | Loss: 0.041984
   ✅ New Best Model Saved (Loss: 0.04198)
Epoch 07 | Loss: 0.041911
   ✅ New Best Model Saved (Loss: 0.04191)
Epoch 08 | Loss: 0.041865
   ✅ New Best Model Saved (Loss: 0.04187)
Epoch 09 | Loss: 0.041803
   ✅ New Best Model Saved (Loss: 0.04180)
Epoch 10 | Loss: 0.041754
   ✅ New Best Model Saved (Loss: 0.04175)
Epoch 11 | Loss: 0.041697
   ✅ New Best Model Saved (Loss: 0.04170)
Epoch 12 | Loss: 0.041650
   ✅ New Best Model Saved (Loss: 0.04165)
Epoch 13 | Loss: 0.041594
   ✅ New Best Model Saved (Loss: 0.04159)
Epoch 14 | Loss: 0.041549
   ✅ New Best Model Saved (Loss: 0.04155)
Epoch 15 | Loss: 0.041501
   ✅ New Best Model Saved (Loss: 0.04150)
Epoch 16 | Loss: 0.041454
   ✅ New Best Model Saved (Loss: 0.04145)
Epoch 17 | Loss: 0.041410
   ✅ New Best Model Saved (Loss: 0.04141)
Epoch 18 | Loss: 0.041365
   ✅ New Best Model Saved (Loss: 0.04137)
Epoch 19 | Loss: 0.041333
   ✅ New Best Model Saved (Loss: 0.04133)
Epoch 20 | Loss: 0.041287
   ✅ New Best Model Saved (Loss: 0.04129)
Epoch 21 | Loss: 0.041251
   ✅ New Best Model Saved (Loss: 0.04125)
Epoch 22 | Loss: 0.041213
   ✅ New Best Model Saved (Loss: 0.04121)
Epoch 23 | Loss: 0.041174
   ✅ New Best Model Saved (Loss: 0.04117)
Epoch 24 | Loss: 0.041142
   ✅ New Best Model Saved (Loss: 0.04114)
Epoch 25 | Loss: 0.041105
   ✅ New Best Model Saved (Loss: 0.04111)
Epoch 26 | Loss: 0.041071
   ✅ New Best Model Saved (Loss: 0.04107)
Epoch 27 | Loss: 0.041031
   ✅ New Best Model Saved (Loss: 0.04103)
Epoch 28 | Loss: 0.041000
   ✅ New Best Model Saved (Loss: 0.04100)
Epoch 29 | Loss: 0.040977
   ✅ New Best Model Saved (Loss: 0.04098)
Epoch 30 | Loss: 0.040938
   ✅ New Best Model Saved (Loss: 0.04094)
Epoch 31 | Loss: 0.040906
   ✅ New Best Model Saved (Loss: 0.04091)
Epoch 32 | Loss: 0.040872
   ✅ New Best Model Saved (Loss: 0.04087)
Epoch 33 | Loss: 0.040844
   ✅ New Best Model Saved (Loss: 0.04084)
Epoch 34 | Loss: 0.040813
   ✅ New Best Model Saved (Loss: 0.04081)
Epoch 35 | Loss: 0.040788
   ✅ New Best Model Saved (Loss: 0.04079)
Epoch 36 | Loss: 0.040758
   ✅ New Best Model Saved (Loss: 0.04076)
Epoch 37 | Loss: 0.040727
   ✅ New Best Model Saved (Loss: 0.04073)
Epoch 38 | Loss: 0.040699
   ✅ New Best Model Saved (Loss: 0.04070)
Epoch 39 | Loss: 0.040677
   ✅ New Best Model Saved (Loss: 0.04068)
Epoch 40 | Loss: 0.040643
   ✅ New Best Model Saved (Loss: 0.04064)
Epoch 41 | Loss: 0.040621
   ✅ New Best Model Saved (Loss: 0.04062)
Epoch 42 | Loss: 0.040599
   ✅ New Best Model Saved (Loss: 0.04060)
Epoch 43 | Loss: 0.040570
   ✅ New Best Model Saved (Loss: 0.04057)
Epoch 44 | Loss: 0.040540
   ✅ New Best Model Saved (Loss: 0.04054)
Epoch 45 | Loss: 0.040521
   ✅ New Best Model Saved (Loss: 0.04052)
Epoch 46 | Loss: 0.040495
   ✅ New Best Model Saved (Loss: 0.04049)
Epoch 47 | Loss: 0.040473
   ✅ New Best Model Saved (Loss: 0.04047)
Epoch 48 | Loss: 0.040451
   ✅ New Best Model Saved (Loss: 0.04045)
Epoch 49 | Loss: 0.040428
   ✅ New Best Model Saved (Loss: 0.04043)
Epoch 50 | Loss: 0.040404
   ✅ New Best Model Saved (Loss: 0.04040)
Epoch 51 | Loss: 0.040386
   ✅ New Best Model Saved (Loss: 0.04039)
Epoch 52 | Loss: 0.040358
   ✅ New Best Model Saved (Loss: 0.04036)
Epoch 53 | Loss: 0.040331
   ✅ New Best Model Saved (Loss: 0.04033)
Epoch 54 | Loss: 0.040319
   ✅ New Best Model Saved (Loss: 0.04032)
Epoch 55 | Loss: 0.040290
   ✅ New Best Model Saved (Loss: 0.04029)
Epoch 56 | Loss: 0.040280
   ✅ New Best Model Saved (Loss: 0.04028)
Epoch 57 | Loss: 0.040246
   ✅ New Best Model Saved (Loss: 0.04025)
Epoch 58 | Loss: 0.040226
   ✅ New Best Model Saved (Loss: 0.04023)
Epoch 59 | Loss: 0.040202
   ✅ New Best Model Saved (Loss: 0.04020)
Epoch 60 | Loss: 0.040185
   ✅ New Best Model Saved (Loss: 0.04019)
Epoch 61 | Loss: 0.040171
   ✅ New Best Model Saved (Loss: 0.04017)
Epoch 62 | Loss: 0.040139
   ✅ New Best Model Saved (Loss: 0.04014)
Epoch 63 | Loss: 0.040128
   ✅ New Best Model Saved (Loss: 0.04013)
Epoch 64 | Loss: 0.040103
   ✅ New Best Model Saved (Loss: 0.04010)
Epoch 65 | Loss: 0.040087
   ✅ New Best Model Saved (Loss: 0.04009)
Epoch 66 | Loss: 0.040058
   ✅ New Best Model Saved (Loss: 0.04006)
Epoch 67 | Loss: 0.040040
   ✅ New Best Model Saved (Loss: 0.04004)
Epoch 68 | Loss: 0.040027
   ✅ New Best Model Saved (Loss: 0.04003)
Epoch 69 | Loss: 0.040003
   ✅ New Best Model Saved (Loss: 0.04000)
Epoch 70 | Loss: 0.039990
   ✅ New Best Model Saved (Loss: 0.03999)
Epoch 71 | Loss: 0.039969
   ✅ New Best Model Saved (Loss: 0.03997)
Epoch 72 | Loss: 0.039949
   ✅ New Best Model Saved (Loss: 0.03995)
Epoch 73 | Loss: 0.039941
   ✅ New Best Model Saved (Loss: 0.03994)
Epoch 74 | Loss: 0.039921
   ✅ New Best Model Saved (Loss: 0.03992)
Epoch 75 | Loss: 0.039899
   ✅ New Best Model Saved (Loss: 0.03990)
Epoch 76 | Loss: 0.039888
   ✅ New Best Model Saved (Loss: 0.03989)
Epoch 77 | Loss: 0.039868
   ✅ New Best Model Saved (Loss: 0.03987)
Epoch 78 | Loss: 0.039849
   ✅ New Best Model Saved (Loss: 0.03985)
Epoch 79 | Loss: 0.039838
   ✅ New Best Model Saved (Loss: 0.03984)
Epoch 80 | Loss: 0.039828
   ✅ New Best Model Saved (Loss: 0.03983)
Epoch 81 | Loss: 0.039807
   ✅ New Best Model Saved (Loss: 0.03981)
Epoch 82 | Loss: 0.039789
   ✅ New Best Model Saved (Loss: 0.03979)
Epoch 83 | Loss: 0.039781
   ✅ New Best Model Saved (Loss: 0.03978)
Epoch 84 | Loss: 0.039766
   ✅ New Best Model Saved (Loss: 0.03977)
Epoch 85 | Loss: 0.039741
   ✅ New Best Model Saved (Loss: 0.03974)
Epoch 86 | Loss: 0.039731
   ✅ New Best Model Saved (Loss: 0.03973)
Epoch 87 | Loss: 0.039713
   ✅ New Best Model Saved (Loss: 0.03971)
Epoch 88 | Loss: 0.039708
   ✅ New Best Model Saved (Loss: 0.03971)
Epoch 89 | Loss: 0.039692
   ✅ New Best Model Saved (Loss: 0.03969)
Epoch 90 | Loss: 0.039669
   ✅ New Best Model Saved (Loss: 0.03967)
Epoch 91 | Loss: 0.039661
   ✅ New Best Model Saved (Loss: 0.03966)
Epoch 92 | Loss: 0.039646
   ✅ New Best Model Saved (Loss: 0.03965)
Epoch 93 | Loss: 0.039632
   ✅ New Best Model Saved (Loss: 0.03963)
Epoch 94 | Loss: 0.039611
   ✅ New Best Model Saved (Loss: 0.03961)
Epoch 95 | Loss: 0.039597
   ✅ New Best Model Saved (Loss: 0.03960)
Epoch 96 | Loss: 0.039597
   ✅ New Best Model Saved (Loss: 0.03960)
Epoch 97 | Loss: 0.039567
   ✅ New Best Model Saved (Loss: 0.03957)
Epoch 98 | Loss: 0.039567
   ✅ New Best Model Saved (Loss: 0.03957)
Epoch 99 | Loss: 0.039551
   ✅ New Best Model Saved (Loss: 0.03955)
Epoch 100 | Loss: 0.039534
   ✅ New Best Model Saved (Loss: 0.03953)
Epoch 101 | Loss: 0.039526
   ✅ New Best Model Saved (Loss: 0.03953)
Epoch 102 | Loss: 0.039515
   ✅ New Best Model Saved (Loss: 0.03951)
Epoch 103 | Loss: 0.039503
   ✅ New Best Model Saved (Loss: 0.03950)
Epoch 104 | Loss: 0.039491
   ✅ New Best Model Saved (Loss: 0.03949)
Epoch 105 | Loss: 0.039478
   ✅ New Best Model Saved (Loss: 0.03948)
Epoch 106 | Loss: 0.039471
   ✅ New Best Model Saved (Loss: 0.03947)
Epoch 107 | Loss: 0.039460
   ✅ New Best Model Saved (Loss: 0.03946)
Epoch 108 | Loss: 0.039443
   ✅ New Best Model Saved (Loss: 0.03944)
Epoch 109 | Loss: 0.039422
   ✅ New Best Model Saved (Loss: 0.03942)
Epoch 110 | Loss: 0.039421
   ✅ New Best Model Saved (Loss: 0.03942)
Epoch 111 | Loss: 0.039414
   ✅ New Best Model Saved (Loss: 0.03941)
Epoch 112 | Loss: 0.039396
   ✅ New Best Model Saved (Loss: 0.03940)
Epoch 113 | Loss: 0.039385
   ✅ New Best Model Saved (Loss: 0.03938)
Epoch 114 | Loss: 0.039374
   ✅ New Best Model Saved (Loss: 0.03937)
Epoch 115 | Loss: 0.039367
   ✅ New Best Model Saved (Loss: 0.03937)
Epoch 116 | Loss: 0.039364
   ✅ New Best Model Saved (Loss: 0.03936)
Epoch 117 | Loss: 0.039346
   ✅ New Best Model Saved (Loss: 0.03935)
Epoch 118 | Loss: 0.039337
   ✅ New Best Model Saved (Loss: 0.03934)
Epoch 119 | Loss: 0.039320
   ✅ New Best Model Saved (Loss: 0.03932)
Epoch 120 | Loss: 0.039308
   ✅ New Best Model Saved (Loss: 0.03931)
Epoch 121 | Loss: 0.039301
   ✅ New Best Model Saved (Loss: 0.03930)
Epoch 122 | Loss: 0.039300
   ✅ New Best Model Saved (Loss: 0.03930)
Epoch 123 | Loss: 0.039282
   ✅ New Best Model Saved (Loss: 0.03928)
Epoch 124 | Loss: 0.039270
   ✅ New Best Model Saved (Loss: 0.03927)
Epoch 125 | Loss: 0.039255
   ✅ New Best Model Saved (Loss: 0.03926)
Epoch 126 | Loss: 0.039253
   ✅ New Best Model Saved (Loss: 0.03925)
Epoch 127 | Loss: 0.039253
   ✅ New Best Model Saved (Loss: 0.03925)
Epoch 128 | Loss: 0.039232
   ✅ New Best Model Saved (Loss: 0.03923)
Epoch 129 | Loss: 0.039227
   ✅ New Best Model Saved (Loss: 0.03923)
Epoch 130 | Loss: 0.039216
   ✅ New Best Model Saved (Loss: 0.03922)
Epoch 131 | Loss: 0.039203
   ✅ New Best Model Saved (Loss: 0.03920)
Epoch 132 | Loss: 0.039186
   ✅ New Best Model Saved (Loss: 0.03919)
Epoch 133 | Loss: 0.039183
   ✅ New Best Model Saved (Loss: 0.03918)
Epoch 134 | Loss: 0.039181
   ✅ New Best Model Saved (Loss: 0.03918)
Epoch 135 | Loss: 0.039175
   ✅ New Best Model Saved (Loss: 0.03918)
Epoch 136 | Loss: 0.039158
   ✅ New Best Model Saved (Loss: 0.03916)
Epoch 137 | Loss: 0.039145
   ✅ New Best Model Saved (Loss: 0.03915)
Epoch 138 | Loss: 0.039134
   ✅ New Best Model Saved (Loss: 0.03913)
Epoch 139 | Loss: 0.039139
   No improvement. Patience: 1/3
Epoch 140 | Loss: 0.039134
   ✅ New Best Model Saved (Loss: 0.03913)
Epoch 141 | Loss: 0.039113
   ✅ New Best Model Saved (Loss: 0.03911)
Epoch 142 | Loss: 0.039107
   ✅ New Best Model Saved (Loss: 0.03911)
Epoch 143 | Loss: 0.039098
   ✅ New Best Model Saved (Loss: 0.03910)
Epoch 144 | Loss: 0.039091
   ✅ New Best Model Saved (Loss: 0.03909)
Epoch 145 | Loss: 0.039088
   ✅ New Best Model Saved (Loss: 0.03909)
Epoch 146 | Loss: 0.039075
   ✅ New Best Model Saved (Loss: 0.03907)
Epoch 147 | Loss: 0.039072
   ✅ New Best Model Saved (Loss: 0.03907)
Epoch 148 | Loss: 0.039059
   ✅ New Best Model Saved (Loss: 0.03906)
Epoch 149 | Loss: 0.039050
   ✅ New Best Model Saved (Loss: 0.03905)
Epoch 150 | Loss: 0.039046
   ✅ New Best Model Saved (Loss: 0.03905)
Epoch 151 | Loss: 0.039033
   ✅ New Best Model Saved (Loss: 0.03903)
Epoch 152 | Loss: 0.039031
   ✅ New Best Model Saved (Loss: 0.03903)
Epoch 153 | Loss: 0.039020
   ✅ New Best Model Saved (Loss: 0.03902)
Epoch 154 | Loss: 0.039017
   ✅ New Best Model Saved (Loss: 0.03902)
Epoch 155 | Loss: 0.039003
   ✅ New Best Model Saved (Loss: 0.03900)
Epoch 156 | Loss: 0.038993
   ✅ New Best Model Saved (Loss: 0.03899)
Epoch 157 | Loss: 0.038986
   ✅ New Best Model Saved (Loss: 0.03899)
Epoch 158 | Loss: 0.038975
   ✅ New Best Model Saved (Loss: 0.03897)
Epoch 159 | Loss: 0.038980
   No improvement. Patience: 1/3
Epoch 160 | Loss: 0.038972
   ✅ New Best Model Saved (Loss: 0.03897)
Epoch 161 | Loss: 0.038958
   ✅ New Best Model Saved (Loss: 0.03896)
Epoch 162 | Loss: 0.038957
   ✅ New Best Model Saved (Loss: 0.03896)
Epoch 163 | Loss: 0.038953
   ✅ New Best Model Saved (Loss: 0.03895)
Epoch 164 | Loss: 0.038938
   ✅ New Best Model Saved (Loss: 0.03894)
Epoch 165 | Loss: 0.038935
   ✅ New Best Model Saved (Loss: 0.03894)
Epoch 166 | Loss: 0.038925
   ✅ New Best Model Saved (Loss: 0.03892)
Epoch 167 | Loss: 0.038926
   No improvement. Patience: 1/3
Epoch 168 | Loss: 0.038917
   ✅ New Best Model Saved (Loss: 0.03892)
Epoch 169 | Loss: 0.038906
   ✅ New Best Model Saved (Loss: 0.03891)
Epoch 170 | Loss: 0.038905
   ✅ New Best Model Saved (Loss: 0.03891)
Epoch 171 | Loss: 0.038889
   ✅ New Best Model Saved (Loss: 0.03889)
Epoch 172 | Loss: 0.038887
   ✅ New Best Model Saved (Loss: 0.03889)
Epoch 173 | Loss: 0.038877
   ✅ New Best Model Saved (Loss: 0.03888)
Epoch 174 | Loss: 0.038871
   ✅ New Best Model Saved (Loss: 0.03887)
Epoch 175 | Loss: 0.038860
   ✅ New Best Model Saved (Loss: 0.03886)
Epoch 176 | Loss: 0.038859
   ✅ New Best Model Saved (Loss: 0.03886)
Epoch 177 | Loss: 0.038855
   ✅ New Best Model Saved (Loss: 0.03886)
Epoch 178 | Loss: 0.038841
   ✅ New Best Model Saved (Loss: 0.03884)
Epoch 179 | Loss: 0.038842
   No improvement. Patience: 1/3
Epoch 180 | Loss: 0.038835
   ✅ New Best Model Saved (Loss: 0.03884)
Epoch 181 | Loss: 0.038830
   ✅ New Best Model Saved (Loss: 0.03883)
Epoch 182 | Loss: 0.038818
   ✅ New Best Model Saved (Loss: 0.03882)
Epoch 183 | Loss: 0.038810
   ✅ New Best Model Saved (Loss: 0.03881)
Epoch 184 | Loss: 0.038812
   No improvement. Patience: 1/3
Epoch 185 | Loss: 0.038799
   ✅ New Best Model Saved (Loss: 0.03880)
Epoch 186 | Loss: 0.038791
   ✅ New Best Model Saved (Loss: 0.03879)
Epoch 187 | Loss: 0.038783
   ✅ New Best Model Saved (Loss: 0.03878)
Epoch 188 | Loss: 0.038776
   ✅ New Best Model Saved (Loss: 0.03878)
Epoch 189 | Loss: 0.038781
   No improvement. Patience: 1/3
Epoch 190 | Loss: 0.038774
   ✅ New Best Model Saved (Loss: 0.03877)
Epoch 191 | Loss: 0.038762
   ✅ New Best Model Saved (Loss: 0.03876)
Epoch 192 | Loss: 0.038758
   ✅ New Best Model Saved (Loss: 0.03876)
Epoch 193 | Loss: 0.038755
   ✅ New Best Model Saved (Loss: 0.03876)
Epoch 194 | Loss: 0.038740
   ✅ New Best Model Saved (Loss: 0.03874)
Epoch 195 | Loss: 0.038742
   No improvement. Patience: 1/3
Epoch 196 | Loss: 0.038734
   ✅ New Best Model Saved (Loss: 0.03873)
Epoch 197 | Loss: 0.038725
   ✅ New Best Model Saved (Loss: 0.03872)
Epoch 198 | Loss: 0.038721
   ✅ New Best Model Saved (Loss: 0.03872)
Epoch 199 | Loss: 0.038725
   No improvement. Patience: 1/3
Epoch 200 | Loss: 0.038709
   ✅ New Best Model Saved (Loss: 0.03871)
Epoch 201 | Loss: 0.038703
   ✅ New Best Model Saved (Loss: 0.03870)
Epoch 202 | Loss: 0.038695
   ✅ New Best Model Saved (Loss: 0.03869)
Epoch 203 | Loss: 0.038693
   ✅ New Best Model Saved (Loss: 0.03869)
Epoch 204 | Loss: 0.038682
   ✅ New Best Model Saved (Loss: 0.03868)
Epoch 205 | Loss: 0.038687
   No improvement. Patience: 1/3
Epoch 206 | Loss: 0.038681
   ✅ New Best Model Saved (Loss: 0.03868)
Epoch 207 | Loss: 0.038668
   ✅ New Best Model Saved (Loss: 0.03867)
Epoch 208 | Loss: 0.038665
   ✅ New Best Model Saved (Loss: 0.03867)
Epoch 209 | Loss: 0.038661
   ✅ New Best Model Saved (Loss: 0.03866)
Epoch 210 | Loss: 0.038651
   ✅ New Best Model Saved (Loss: 0.03865)
Epoch 211 | Loss: 0.038656
   No improvement. Patience: 1/3
Epoch 212 | Loss: 0.038630
   ✅ New Best Model Saved (Loss: 0.03863)
Epoch 213 | Loss: 0.038638
   No improvement. Patience: 1/3
Epoch 214 | Loss: 0.038628
   ✅ New Best Model Saved (Loss: 0.03863)
Epoch 215 | Loss: 0.038633
   No improvement. Patience: 1/3
Epoch 216 | Loss: 0.038625
   ✅ New Best Model Saved (Loss: 0.03863)
Epoch 217 | Loss: 0.038616
   ✅ New Best Model Saved (Loss: 0.03862)
Epoch 218 | Loss: 0.038608
   ✅ New Best Model Saved (Loss: 0.03861)
Epoch 219 | Loss: 0.038598
   ✅ New Best Model Saved (Loss: 0.03860)
Epoch 220 | Loss: 0.038611
   No improvement. Patience: 1/3
Epoch 221 | Loss: 0.038598
   No improvement. Patience: 2/3
Epoch 222 | Loss: 0.038589
   ✅ New Best Model Saved (Loss: 0.03859)
Epoch 223 | Loss: 0.038589
   No improvement. Patience: 1/3
Epoch 224 | Loss: 0.038571
   ✅ New Best Model Saved (Loss: 0.03857)
Epoch 225 | Loss: 0.038571
   ✅ New Best Model Saved (Loss: 0.03857)
Epoch 226 | Loss: 0.038564
   ✅ New Best Model Saved (Loss: 0.03856)
Epoch 227 | Loss: 0.038567
   No improvement. Patience: 1/3
Epoch 228 | Loss: 0.038561
   ✅ New Best Model Saved (Loss: 0.03856)
Epoch 229 | Loss: 0.038554
   ✅ New Best Model Saved (Loss: 0.03855)
Epoch 230 | Loss: 0.038555
   No improvement. Patience: 1/3
Epoch 231 | Loss: 0.038554
   No improvement. Patience: 2/3
Epoch 232 | Loss: 0.038534
   ✅ New Best Model Saved (Loss: 0.03853)
Epoch 233 | Loss: 0.038527
   ✅ New Best Model Saved (Loss: 0.03853)
Epoch 234 | Loss: 0.038521
   ✅ New Best Model Saved (Loss: 0.03852)
Epoch 235 | Loss: 0.038530
   No improvement. Patience: 1/3
Epoch 236 | Loss: 0.038514
   ✅ New Best Model Saved (Loss: 0.03851)
Epoch 237 | Loss: 0.038509
   ✅ New Best Model Saved (Loss: 0.03851)
Epoch 238 | Loss: 0.038506
   ✅ New Best Model Saved (Loss: 0.03851)
Epoch 239 | Loss: 0.038500
   ✅ New Best Model Saved (Loss: 0.03850)
Epoch 240 | Loss: 0.038505
   No improvement. Patience: 1/3
Epoch 241 | Loss: 0.038495
   ✅ New Best Model Saved (Loss: 0.03850)
Epoch 242 | Loss: 0.038491
   ✅ New Best Model Saved (Loss: 0.03849)
Epoch 243 | Loss: 0.038472
   ✅ New Best Model Saved (Loss: 0.03847)
Epoch 244 | Loss: 0.038480
   No improvement. Patience: 1/3
Epoch 245 | Loss: 0.038476
   No improvement. Patience: 2/3
Epoch 246 | Loss: 0.038472
   ✅ New Best Model Saved (Loss: 0.03847)
Epoch 247 | Loss: 0.038458
   ✅ New Best Model Saved (Loss: 0.03846)
Epoch 248 | Loss: 0.038462
   No improvement. Patience: 1/3
Epoch 249 | Loss: 0.038446
   ✅ New Best Model Saved (Loss: 0.03845)
Epoch 250 | Loss: 0.038449
   No improvement. Patience: 1/3
Epoch 251 | Loss: 0.038445
   ✅ New Best Model Saved (Loss: 0.03844)
Epoch 252 | Loss: 0.038442
   ✅ New Best Model Saved (Loss: 0.03844)
Epoch 253 | Loss: 0.038434
   ✅ New Best Model Saved (Loss: 0.03843)
Epoch 254 | Loss: 0.038432
   ✅ New Best Model Saved (Loss: 0.03843)
Epoch 255 | Loss: 0.038426
   ✅ New Best Model Saved (Loss: 0.03843)
Epoch 256 | Loss: 0.038421
   ✅ New Best Model Saved (Loss: 0.03842)
Epoch 257 | Loss: 0.038418
   ✅ New Best Model Saved (Loss: 0.03842)
Epoch 258 | Loss: 0.038413
   ✅ New Best Model Saved (Loss: 0.03841)
Epoch 259 | Loss: 0.038413
   No improvement. Patience: 1/3
Epoch 260 | Loss: 0.038406
   ✅ New Best Model Saved (Loss: 0.03841)
Epoch 261 | Loss: 0.038397
   ✅ New Best Model Saved (Loss: 0.03840)
Epoch 262 | Loss: 0.038401
   No improvement. Patience: 1/3
Epoch 263 | Loss: 0.038388
   ✅ New Best Model Saved (Loss: 0.03839)
Epoch 264 | Loss: 0.038388
   No improvement. Patience: 1/3
Epoch 265 | Loss: 0.038388
   No improvement. Patience: 2/3
Epoch 266 | Loss: 0.038372
   ✅ New Best Model Saved (Loss: 0.03837)
Epoch 267 | Loss: 0.038374
   No improvement. Patience: 1/3
Epoch 268 | Loss: 0.038383
   No improvement. Patience: 2/3
Epoch 269 | Loss: 0.038370
   ✅ New Best Model Saved (Loss: 0.03837)
Epoch 270 | Loss: 0.038370
   No improvement. Patience: 1/3
Epoch 271 | Loss: 0.038357
   ✅ New Best Model Saved (Loss: 0.03836)
Epoch 272 | Loss: 0.038355
   ✅ New Best Model Saved (Loss: 0.03836)
Epoch 273 | Loss: 0.038352
   ✅ New Best Model Saved (Loss: 0.03835)
Epoch 274 | Loss: 0.038350
   ✅ New Best Model Saved (Loss: 0.03835)
Epoch 275 | Loss: 0.038340
   ✅ New Best Model Saved (Loss: 0.03834)
Epoch 276 | Loss: 0.038349
   No improvement. Patience: 1/3
Epoch 277 | Loss: 0.038334
   ✅ New Best Model Saved (Loss: 0.03833)
Epoch 278 | Loss: 0.038328
   ✅ New Best Model Saved (Loss: 0.03833)
Epoch 279 | Loss: 0.038330
   No improvement. Patience: 1/3
Epoch 280 | Loss: 0.038326
   ✅ New Best Model Saved (Loss: 0.03833)
Epoch 281 | Loss: 0.038320
   ✅ New Best Model Saved (Loss: 0.03832)
Epoch 282 | Loss: 0.038321
   No improvement. Patience: 1/3
Epoch 283 | Loss: 0.038317
   ✅ New Best Model Saved (Loss: 0.03832)
Epoch 284 | Loss: 0.038301
   ✅ New Best Model Saved (Loss: 0.03830)
Epoch 285 | Loss: 0.038306
   No improvement. Patience: 1/3
Epoch 286 | Loss: 0.038299
   ✅ New Best Model Saved (Loss: 0.03830)
Epoch 287 | Loss: 0.038296
   ✅ New Best Model Saved (Loss: 0.03830)
Epoch 288 | Loss: 0.038298
   No improvement. Patience: 1/3
Epoch 289 | Loss: 0.038276
   ✅ New Best Model Saved (Loss: 0.03828)
Epoch 290 | Loss: 0.038295
   No improvement. Patience: 1/3
Epoch 291 | Loss: 0.038284
   No improvement. Patience: 2/3
Epoch 292 | Loss: 0.038280
   No improvement. Patience: 3/3
🛑 Early Stopping triggered. Model has converged.
Final model saved to hopper/runs/transformer_medium_Loss_0.03828
