mujoco/hopper/medium-v0
<module 'hopper' from '/home/u253954/SSM_benchmark/gym/hopper/__init__.py'>
Loading Minari Dataset: mujoco/hopper/medium-v0 (downloading if needed)...
<module 'ssm' from '/home/u253954/SSM_benchmark/gym/ssm/__init__.py'>
BEFORE TRAIN CALL
INIT TRAINING
Epoch 01 | Loss: 0.039824
   ✅ New Best Model Saved (Loss: 0.03982)
Epoch 02 | Loss: 0.039768
   ✅ New Best Model Saved (Loss: 0.03977)
Epoch 03 | Loss: 0.039745
   ✅ New Best Model Saved (Loss: 0.03975)
Epoch 04 | Loss: 0.039732
   ✅ New Best Model Saved (Loss: 0.03973)
Epoch 05 | Loss: 0.039718
   ✅ New Best Model Saved (Loss: 0.03972)
Epoch 06 | Loss: 0.039706
   ✅ New Best Model Saved (Loss: 0.03971)
Epoch 07 | Loss: 0.039696
   ✅ New Best Model Saved (Loss: 0.03970)
Epoch 08 | Loss: 0.039687
   ✅ New Best Model Saved (Loss: 0.03969)
Epoch 09 | Loss: 0.039678
   ✅ New Best Model Saved (Loss: 0.03968)
Epoch 10 | Loss: 0.039673
   ✅ New Best Model Saved (Loss: 0.03967)
Epoch 11 | Loss: 0.039666
   ✅ New Best Model Saved (Loss: 0.03967)
Epoch 12 | Loss: 0.039660
   ✅ New Best Model Saved (Loss: 0.03966)
Epoch 13 | Loss: 0.039652
   ✅ New Best Model Saved (Loss: 0.03965)
Epoch 14 | Loss: 0.039648
   ✅ New Best Model Saved (Loss: 0.03965)
Epoch 15 | Loss: 0.039643
   ✅ New Best Model Saved (Loss: 0.03964)
Epoch 16 | Loss: 0.039635
   ✅ New Best Model Saved (Loss: 0.03963)
Epoch 17 | Loss: 0.039629
   ✅ New Best Model Saved (Loss: 0.03963)
Epoch 18 | Loss: 0.039625
   ✅ New Best Model Saved (Loss: 0.03962)
Epoch 19 | Loss: 0.039628
   No improvement. Patience: 1/3
Epoch 20 | Loss: 0.039616
   ✅ New Best Model Saved (Loss: 0.03962)
Final model saved to hopper/runs/ssm_medium_Loss_0.03962
AFTER TRAIN CALL
