mujoco/hopper/medium-v0
<module 'hopper' from '/home/u253954/SSM_benchmark/gym/hopper/__init__.py'>
Loading Minari Dataset: mujoco/hopper/medium-v0 (downloading if needed)...
<module 'ssm' from '/home/u253954/SSM_benchmark/gym/ssm/__init__.py'>
Epoch 01 | Loss: 0.041890
   ✅ New Best Model Saved (Loss: 0.04189)
Epoch 02 | Loss: 0.041698
   ✅ New Best Model Saved (Loss: 0.04170)
Epoch 03 | Loss: 0.041570
   ✅ New Best Model Saved (Loss: 0.04157)
Epoch 04 | Loss: 0.041477
   ✅ New Best Model Saved (Loss: 0.04148)
Epoch 05 | Loss: 0.041388
   ✅ New Best Model Saved (Loss: 0.04139)
Epoch 06 | Loss: 0.041309
   ✅ New Best Model Saved (Loss: 0.04131)
Epoch 07 | Loss: 0.041245
   ✅ New Best Model Saved (Loss: 0.04125)
Epoch 08 | Loss: 0.041181
   ✅ New Best Model Saved (Loss: 0.04118)
Epoch 09 | Loss: 0.041126
   ✅ New Best Model Saved (Loss: 0.04113)
Epoch 10 | Loss: 0.041072
   ✅ New Best Model Saved (Loss: 0.04107)
Final model saved to hopper/runs/ssm_medium_Loss_0.04107
