mujoco/hopper/medium-v0
<module 'hopper' from '/home/u253954/SSM_benchmark/gym/hopper/__init__.py'>
transformer
Loading Minari Dataset: mujoco/hopper/medium-v0 (downloading if needed)...
<module 'transformer' from '/home/u253954/SSM_benchmark/gym/transformer/__init__.py'>
Starting training on cuda...
Epoch 1 | Loss: 914.47926
   ✅ New Best Model Saved (Loss: 0.05856)
Epoch 2 | Loss: 763.08368
   ✅ New Best Model Saved (Loss: 0.04887)
Epoch 3 | Loss: 735.75422
   ✅ New Best Model Saved (Loss: 0.04712)
Epoch 4 | Loss: 722.17243
   ✅ New Best Model Saved (Loss: 0.04625)
Epoch 5 | Loss: 713.70183
   ✅ New Best Model Saved (Loss: 0.04570)
Epoch 6 | Loss: 707.71416
   ✅ New Best Model Saved (Loss: 0.04532)
Epoch 7 | Loss: 702.94008
   ✅ New Best Model Saved (Loss: 0.04501)
Epoch 8 | Loss: 699.29038
   ✅ New Best Model Saved (Loss: 0.04478)
Epoch 9 | Loss: 696.71183
   ✅ New Best Model Saved (Loss: 0.04462)
Epoch 10 | Loss: 694.56805
   ✅ New Best Model Saved (Loss: 0.04448)
Epoch 11 | Loss: 692.49053
   ✅ New Best Model Saved (Loss: 0.04434)
Epoch 12 | Loss: 690.91145
   ✅ New Best Model Saved (Loss: 0.04424)
Epoch 13 | Loss: 689.50864
   ✅ New Best Model Saved (Loss: 0.04415)
Epoch 14 | Loss: 688.09178
   ✅ New Best Model Saved (Loss: 0.04406)
Epoch 15 | Loss: 686.94356
   ✅ New Best Model Saved (Loss: 0.04399)
Epoch 16 | Loss: 685.95262
   ✅ New Best Model Saved (Loss: 0.04393)
Epoch 17 | Loss: 685.01359
   ✅ New Best Model Saved (Loss: 0.04387)
Epoch 18 | Loss: 684.23617
   ✅ New Best Model Saved (Loss: 0.04382)
Epoch 19 | Loss: 683.42890
   ✅ New Best Model Saved (Loss: 0.04376)
Epoch 20 | Loss: 682.89855
   ✅ New Best Model Saved (Loss: 0.04373)
Epoch 21 | Loss: 681.91742
   ✅ New Best Model Saved (Loss: 0.04367)
Epoch 22 | Loss: 681.41465
   ✅ New Best Model Saved (Loss: 0.04364)
Epoch 23 | Loss: 680.79473
   ✅ New Best Model Saved (Loss: 0.04360)
Epoch 24 | Loss: 680.18189
   ✅ New Best Model Saved (Loss: 0.04356)
Epoch 25 | Loss: 679.69262
   ✅ New Best Model Saved (Loss: 0.04353)
Epoch 26 | Loss: 679.19624
   ✅ New Best Model Saved (Loss: 0.04349)
Epoch 27 | Loss: 678.94469
   ✅ New Best Model Saved (Loss: 0.04348)
Epoch 28 | Loss: 678.43598
   ✅ New Best Model Saved (Loss: 0.04344)
Epoch 29 | Loss: 677.94248
   ✅ New Best Model Saved (Loss: 0.04341)
Epoch 30 | Loss: 677.58163
   ✅ New Best Model Saved (Loss: 0.04339)
Epoch 31 | Loss: 677.10139
   ✅ New Best Model Saved (Loss: 0.04336)
Epoch 32 | Loss: 676.80747
   ✅ New Best Model Saved (Loss: 0.04334)
Epoch 33 | Loss: 676.53339
   ✅ New Best Model Saved (Loss: 0.04332)
Epoch 34 | Loss: 676.15948
   ✅ New Best Model Saved (Loss: 0.04330)
Epoch 35 | Loss: 675.62377
   ✅ New Best Model Saved (Loss: 0.04326)
Epoch 36 | Loss: 675.42660
   ✅ New Best Model Saved (Loss: 0.04325)
Epoch 37 | Loss: 675.11228
   ✅ New Best Model Saved (Loss: 0.04323)
Epoch 38 | Loss: 674.73544
   ✅ New Best Model Saved (Loss: 0.04321)
Epoch 39 | Loss: 674.50085
   ✅ New Best Model Saved (Loss: 0.04319)
Epoch 40 | Loss: 674.27277
   ✅ New Best Model Saved (Loss: 0.04318)
Epoch 41 | Loss: 674.09698
   ✅ New Best Model Saved (Loss: 0.04317)
Epoch 42 | Loss: 673.72065
   ✅ New Best Model Saved (Loss: 0.04314)
Epoch 43 | Loss: 673.51631
   ✅ New Best Model Saved (Loss: 0.04313)
Epoch 44 | Loss: 673.08021
   ✅ New Best Model Saved (Loss: 0.04310)
Epoch 45 | Loss: 672.86288
   ✅ New Best Model Saved (Loss: 0.04309)
Epoch 46 | Loss: 672.68340
   ✅ New Best Model Saved (Loss: 0.04308)
Epoch 47 | Loss: 672.42643
   ✅ New Best Model Saved (Loss: 0.04306)
Epoch 48 | Loss: 672.19062
   ✅ New Best Model Saved (Loss: 0.04304)
Epoch 49 | Loss: 672.05237
   ✅ New Best Model Saved (Loss: 0.04304)
Epoch 50 | Loss: 671.83776
   ✅ New Best Model Saved (Loss: 0.04302)
Epoch 51 | Loss: 671.58233
   ✅ New Best Model Saved (Loss: 0.04301)
Epoch 52 | Loss: 671.24972
   ✅ New Best Model Saved (Loss: 0.04298)
Epoch 53 | Loss: 670.91593
   ✅ New Best Model Saved (Loss: 0.04296)
Epoch 54 | Loss: 670.77639
   ✅ New Best Model Saved (Loss: 0.04295)
Epoch 55 | Loss: 670.77928
   No improvement. Patience: 1/3
Epoch 56 | Loss: 670.47584
   ✅ New Best Model Saved (Loss: 0.04294)
Epoch 57 | Loss: 670.25595
   ✅ New Best Model Saved (Loss: 0.04292)
Epoch 58 | Loss: 670.10993
   ✅ New Best Model Saved (Loss: 0.04291)
Epoch 59 | Loss: 669.99150
   ✅ New Best Model Saved (Loss: 0.04290)
Epoch 60 | Loss: 669.61121
   ✅ New Best Model Saved (Loss: 0.04288)
Epoch 61 | Loss: 669.48692
   ✅ New Best Model Saved (Loss: 0.04287)
Epoch 62 | Loss: 669.28648
   ✅ New Best Model Saved (Loss: 0.04286)
Epoch 63 | Loss: 669.16689
   ✅ New Best Model Saved (Loss: 0.04285)
Epoch 64 | Loss: 668.83231
   ✅ New Best Model Saved (Loss: 0.04283)
Epoch 65 | Loss: 668.79094
   ✅ New Best Model Saved (Loss: 0.04283)
Epoch 66 | Loss: 668.48552
   ✅ New Best Model Saved (Loss: 0.04281)
Epoch 67 | Loss: 668.35304
   ✅ New Best Model Saved (Loss: 0.04280)
Epoch 68 | Loss: 668.12183
   ✅ New Best Model Saved (Loss: 0.04278)
Epoch 69 | Loss: 667.92790
   ✅ New Best Model Saved (Loss: 0.04277)
Epoch 70 | Loss: 667.74393
   ✅ New Best Model Saved (Loss: 0.04276)
Epoch 71 | Loss: 667.69126
   ✅ New Best Model Saved (Loss: 0.04276)
Epoch 72 | Loss: 667.55810
   ✅ New Best Model Saved (Loss: 0.04275)
Epoch 73 | Loss: 667.35650
   ✅ New Best Model Saved (Loss: 0.04274)
Epoch 74 | Loss: 667.15035
   ✅ New Best Model Saved (Loss: 0.04272)
Epoch 75 | Loss: 667.11738
   ✅ New Best Model Saved (Loss: 0.04272)
Epoch 76 | Loss: 666.88577
   ✅ New Best Model Saved (Loss: 0.04271)
Epoch 77 | Loss: 666.67568
   ✅ New Best Model Saved (Loss: 0.04269)
Epoch 78 | Loss: 666.40568
   ✅ New Best Model Saved (Loss: 0.04267)
Epoch 79 | Loss: 666.07555
   ✅ New Best Model Saved (Loss: 0.04265)
Epoch 80 | Loss: 666.28333
   No improvement. Patience: 1/3
Epoch 81 | Loss: 665.91878
   ✅ New Best Model Saved (Loss: 0.04264)
Epoch 82 | Loss: 665.83180
   ✅ New Best Model Saved (Loss: 0.04264)
Epoch 83 | Loss: 665.66556
   ✅ New Best Model Saved (Loss: 0.04263)
Epoch 84 | Loss: 665.60933
   ✅ New Best Model Saved (Loss: 0.04262)
Epoch 85 | Loss: 665.38614
   ✅ New Best Model Saved (Loss: 0.04261)
Epoch 86 | Loss: 665.44825
   No improvement. Patience: 1/3
Epoch 87 | Loss: 665.08373
   ✅ New Best Model Saved (Loss: 0.04259)
Epoch 88 | Loss: 665.11842
   No improvement. Patience: 1/3
Epoch 89 | Loss: 664.93036
   ✅ New Best Model Saved (Loss: 0.04258)
Epoch 90 | Loss: 664.90064
   ✅ New Best Model Saved (Loss: 0.04258)
Epoch 91 | Loss: 664.49521
   ✅ New Best Model Saved (Loss: 0.04255)
Epoch 92 | Loss: 664.75442
   No improvement. Patience: 1/3
Epoch 93 | Loss: 664.49094
   ✅ New Best Model Saved (Loss: 0.04255)
Epoch 94 | Loss: 664.46604
   ✅ New Best Model Saved (Loss: 0.04255)
Epoch 95 | Loss: 664.28565
   ✅ New Best Model Saved (Loss: 0.04254)
Epoch 96 | Loss: 664.32618
   No improvement. Patience: 1/3
Epoch 97 | Loss: 664.23577
   ✅ New Best Model Saved (Loss: 0.04254)
Epoch 98 | Loss: 664.00671
   ✅ New Best Model Saved (Loss: 0.04252)
Epoch 99 | Loss: 663.89805
   ✅ New Best Model Saved (Loss: 0.04251)
Epoch 100 | Loss: 663.70050
   ✅ New Best Model Saved (Loss: 0.04250)
Epoch 101 | Loss: 663.79066
   No improvement. Patience: 1/3
Epoch 102 | Loss: 663.56601
   ✅ New Best Model Saved (Loss: 0.04249)
Epoch 103 | Loss: 663.65347
   No improvement. Patience: 1/3
Epoch 104 | Loss: 663.60882
   No improvement. Patience: 2/3
Epoch 105 | Loss: 663.52506
   ✅ New Best Model Saved (Loss: 0.04249)
Epoch 106 | Loss: 663.42298
   ✅ New Best Model Saved (Loss: 0.04248)
Epoch 107 | Loss: 663.23946
   ✅ New Best Model Saved (Loss: 0.04247)
Epoch 108 | Loss: 663.16587
   ✅ New Best Model Saved (Loss: 0.04247)
Epoch 109 | Loss: 662.96604
   ✅ New Best Model Saved (Loss: 0.04245)
Epoch 110 | Loss: 663.22269
   No improvement. Patience: 1/3
Epoch 111 | Loss: 662.92466
   ✅ New Best Model Saved (Loss: 0.04245)
Epoch 112 | Loss: 662.82767
   ✅ New Best Model Saved (Loss: 0.04245)
Epoch 113 | Loss: 662.85165
   No improvement. Patience: 1/3
Epoch 114 | Loss: 662.63171
   ✅ New Best Model Saved (Loss: 0.04243)
Epoch 115 | Loss: 662.56134
   ✅ New Best Model Saved (Loss: 0.04243)
Epoch 116 | Loss: 662.40983
   ✅ New Best Model Saved (Loss: 0.04242)
Epoch 117 | Loss: 662.37148
   ✅ New Best Model Saved (Loss: 0.04242)
Epoch 118 | Loss: 662.30918
   ✅ New Best Model Saved (Loss: 0.04241)
Epoch 119 | Loss: 662.33132
   No improvement. Patience: 1/3
Epoch 120 | Loss: 662.30612
   ✅ New Best Model Saved (Loss: 0.04241)
Epoch 121 | Loss: 662.16064
   ✅ New Best Model Saved (Loss: 0.04240)
Epoch 122 | Loss: 662.08644
   ✅ New Best Model Saved (Loss: 0.04240)
Epoch 123 | Loss: 662.07053
   ✅ New Best Model Saved (Loss: 0.04240)
Epoch 124 | Loss: 661.93034
   ✅ New Best Model Saved (Loss: 0.04239)
Epoch 125 | Loss: 661.93659
   No improvement. Patience: 1/3
Epoch 126 | Loss: 661.89529
   ✅ New Best Model Saved (Loss: 0.04239)
Epoch 127 | Loss: 661.68096
   ✅ New Best Model Saved (Loss: 0.04237)
Epoch 128 | Loss: 661.71147
   No improvement. Patience: 1/3
Epoch 129 | Loss: 661.70187
   No improvement. Patience: 2/3
Epoch 130 | Loss: 661.53585
   ✅ New Best Model Saved (Loss: 0.04236)
Epoch 131 | Loss: 661.59266
   No improvement. Patience: 1/3
Epoch 132 | Loss: 661.44970
   ✅ New Best Model Saved (Loss: 0.04236)
Epoch 133 | Loss: 661.35577
   ✅ New Best Model Saved (Loss: 0.04235)
Epoch 134 | Loss: 661.24286
   ✅ New Best Model Saved (Loss: 0.04234)
Epoch 135 | Loss: 661.28661
   No improvement. Patience: 1/3
Epoch 136 | Loss: 661.19819
   ✅ New Best Model Saved (Loss: 0.04234)
Epoch 137 | Loss: 661.05129
   ✅ New Best Model Saved (Loss: 0.04233)
Epoch 138 | Loss: 661.18947
   No improvement. Patience: 1/3
Epoch 139 | Loss: 660.92919
   ✅ New Best Model Saved (Loss: 0.04232)
Epoch 140 | Loss: 660.95352
   No improvement. Patience: 1/3
Epoch 141 | Loss: 660.84305
   ✅ New Best Model Saved (Loss: 0.04232)
Epoch 142 | Loss: 660.74301
   ✅ New Best Model Saved (Loss: 0.04231)
Epoch 143 | Loss: 660.85881
   No improvement. Patience: 1/3
Epoch 144 | Loss: 660.57420
   ✅ New Best Model Saved (Loss: 0.04230)
Epoch 145 | Loss: 660.51879
   ✅ New Best Model Saved (Loss: 0.04230)
Epoch 146 | Loss: 660.60159
   No improvement. Patience: 1/3
Epoch 147 | Loss: 660.41056
   ✅ New Best Model Saved (Loss: 0.04229)
Epoch 148 | Loss: 660.40899
   ✅ New Best Model Saved (Loss: 0.04229)
Epoch 149 | Loss: 660.38724
   ✅ New Best Model Saved (Loss: 0.04229)
Epoch 150 | Loss: 660.38289
   ✅ New Best Model Saved (Loss: 0.04229)
Epoch 151 | Loss: 660.20616
   ✅ New Best Model Saved (Loss: 0.04228)
Epoch 152 | Loss: 660.10840
   ✅ New Best Model Saved (Loss: 0.04227)
Epoch 153 | Loss: 660.04362
   ✅ New Best Model Saved (Loss: 0.04227)
Epoch 154 | Loss: 659.98832
   ✅ New Best Model Saved (Loss: 0.04226)
Epoch 155 | Loss: 659.89612
   ✅ New Best Model Saved (Loss: 0.04226)
Epoch 156 | Loss: 659.89094
   ✅ New Best Model Saved (Loss: 0.04226)
Epoch 157 | Loss: 659.88889
   ✅ New Best Model Saved (Loss: 0.04226)
Epoch 158 | Loss: 659.86185
   ✅ New Best Model Saved (Loss: 0.04226)
Epoch 159 | Loss: 659.77791
   ✅ New Best Model Saved (Loss: 0.04225)
Epoch 160 | Loss: 659.69821
   ✅ New Best Model Saved (Loss: 0.04225)
Epoch 161 | Loss: 659.55848
   ✅ New Best Model Saved (Loss: 0.04224)
Epoch 162 | Loss: 659.70730
   No improvement. Patience: 1/3
Epoch 163 | Loss: 659.55101
   ✅ New Best Model Saved (Loss: 0.04224)
Epoch 164 | Loss: 659.46079
   ✅ New Best Model Saved (Loss: 0.04223)
Epoch 165 | Loss: 659.51267
   No improvement. Patience: 1/3
Epoch 166 | Loss: 659.19068
   ✅ New Best Model Saved (Loss: 0.04221)
Epoch 167 | Loss: 659.30682
   No improvement. Patience: 1/3
Epoch 168 | Loss: 659.09886
   ✅ New Best Model Saved (Loss: 0.04221)
Epoch 169 | Loss: 659.24727
   No improvement. Patience: 1/3
Epoch 170 | Loss: 659.29830
   No improvement. Patience: 2/3
Epoch 171 | Loss: 659.15202
   No improvement. Patience: 3/3
🛑 Early Stopping triggered. Model has converged.
✅ Run environment created at: hopper/runs/transformer_medium_Loss_0.04221
💾 Model saved as: hopper/runs/transformer_medium_Loss_0.04221/agent.pt
