mujoco/hopper/medium-v0
<module 'hopper' from '/home/u253954/SSM_benchmark/gym/hopper/__init__.py'>
ssm
Loading Minari Dataset: mujoco/hopper/medium-v0 (downloading if needed)...
<module 'ssm' from '/home/u253954/SSM_benchmark/gym/ssm/__init__.py'>
Starting training on cuda...
Epoch 1 | Loss: 825.91495
   ✅ New Best Model Saved (Loss: 0.05289)
Epoch 2 | Loss: 699.12352
   ✅ New Best Model Saved (Loss: 0.04477)
Epoch 3 | Loss: 674.43002
   ✅ New Best Model Saved (Loss: 0.04319)
Epoch 4 | Loss: 662.10029
   ✅ New Best Model Saved (Loss: 0.04240)
Epoch 5 | Loss: 654.48321
   ✅ New Best Model Saved (Loss: 0.04191)
Epoch 6 | Loss: 649.37244
   ✅ New Best Model Saved (Loss: 0.04158)
Epoch 7 | Loss: 645.44747
   ✅ New Best Model Saved (Loss: 0.04133)
Epoch 8 | Loss: 642.39858
   ✅ New Best Model Saved (Loss: 0.04114)
Epoch 9 | Loss: 639.96905
   ✅ New Best Model Saved (Loss: 0.04098)
Epoch 10 | Loss: 637.98854
   ✅ New Best Model Saved (Loss: 0.04085)
Epoch 11 | Loss: 636.28354
   ✅ New Best Model Saved (Loss: 0.04075)
Epoch 12 | Loss: 635.06131
   ✅ New Best Model Saved (Loss: 0.04067)
Epoch 13 | Loss: 633.60761
   ✅ New Best Model Saved (Loss: 0.04057)
Epoch 14 | Loss: 632.54100
   ✅ New Best Model Saved (Loss: 0.04051)
Epoch 15 | Loss: 631.51332
   ✅ New Best Model Saved (Loss: 0.04044)
Epoch 16 | Loss: 630.60670
   ✅ New Best Model Saved (Loss: 0.04038)
Epoch 17 | Loss: 629.81835
   ✅ New Best Model Saved (Loss: 0.04033)
Epoch 18 | Loss: 629.03444
   ✅ New Best Model Saved (Loss: 0.04028)
Epoch 19 | Loss: 628.14229
   ✅ New Best Model Saved (Loss: 0.04022)
Epoch 20 | Loss: 627.48220
   ✅ New Best Model Saved (Loss: 0.04018)
Epoch 21 | Loss: 626.87712
   ✅ New Best Model Saved (Loss: 0.04014)
Epoch 22 | Loss: 626.25158
   ✅ New Best Model Saved (Loss: 0.04010)
Epoch 23 | Loss: 625.67994
   ✅ New Best Model Saved (Loss: 0.04007)
Epoch 24 | Loss: 625.24587
   ✅ New Best Model Saved (Loss: 0.04004)
Epoch 25 | Loss: 624.73361
   ✅ New Best Model Saved (Loss: 0.04001)
Epoch 26 | Loss: 624.33081
   ✅ New Best Model Saved (Loss: 0.03998)
Epoch 27 | Loss: 623.89573
   ✅ New Best Model Saved (Loss: 0.03995)
Epoch 28 | Loss: 623.50731
   ✅ New Best Model Saved (Loss: 0.03993)
Epoch 29 | Loss: 623.15035
   ✅ New Best Model Saved (Loss: 0.03990)
Epoch 30 | Loss: 622.95971
   ✅ New Best Model Saved (Loss: 0.03989)
Epoch 31 | Loss: 622.51390
   ✅ New Best Model Saved (Loss: 0.03986)
Epoch 32 | Loss: 622.14115
   ✅ New Best Model Saved (Loss: 0.03984)
Epoch 33 | Loss: 621.89412
   ✅ New Best Model Saved (Loss: 0.03982)
Epoch 34 | Loss: 621.61515
   ✅ New Best Model Saved (Loss: 0.03981)
Epoch 35 | Loss: 621.25315
   ✅ New Best Model Saved (Loss: 0.03978)
Epoch 36 | Loss: 621.06633
   ✅ New Best Model Saved (Loss: 0.03977)
Epoch 37 | Loss: 620.77214
   ✅ New Best Model Saved (Loss: 0.03975)
Epoch 38 | Loss: 620.53422
   ✅ New Best Model Saved (Loss: 0.03974)
Epoch 39 | Loss: 620.19349
   ✅ New Best Model Saved (Loss: 0.03972)
Epoch 40 | Loss: 619.99765
   ✅ New Best Model Saved (Loss: 0.03970)
Epoch 41 | Loss: 619.85559
   ✅ New Best Model Saved (Loss: 0.03969)
Epoch 42 | Loss: 619.56507
   ✅ New Best Model Saved (Loss: 0.03968)
Epoch 43 | Loss: 619.37619
   ✅ New Best Model Saved (Loss: 0.03966)
Epoch 44 | Loss: 619.13113
   ✅ New Best Model Saved (Loss: 0.03965)
Epoch 45 | Loss: 618.99586
   ✅ New Best Model Saved (Loss: 0.03964)
Epoch 46 | Loss: 618.83058
   ✅ New Best Model Saved (Loss: 0.03963)
Epoch 47 | Loss: 618.59053
   ✅ New Best Model Saved (Loss: 0.03961)
Epoch 48 | Loss: 618.44817
   ✅ New Best Model Saved (Loss: 0.03960)
Epoch 49 | Loss: 618.31474
   ✅ New Best Model Saved (Loss: 0.03959)
Epoch 50 | Loss: 618.09373
   ✅ New Best Model Saved (Loss: 0.03958)
Epoch 51 | Loss: 617.88598
   ✅ New Best Model Saved (Loss: 0.03957)
Epoch 52 | Loss: 617.78284
   ✅ New Best Model Saved (Loss: 0.03956)
Epoch 53 | Loss: 617.59527
   ✅ New Best Model Saved (Loss: 0.03955)
Epoch 54 | Loss: 617.40408
   ✅ New Best Model Saved (Loss: 0.03954)
Epoch 55 | Loss: 617.30430
   ✅ New Best Model Saved (Loss: 0.03953)
Epoch 56 | Loss: 617.18260
   ✅ New Best Model Saved (Loss: 0.03952)
Epoch 57 | Loss: 617.05660
   ✅ New Best Model Saved (Loss: 0.03951)
Epoch 58 | Loss: 616.84497
   ✅ New Best Model Saved (Loss: 0.03950)
Epoch 59 | Loss: 616.69099
   ✅ New Best Model Saved (Loss: 0.03949)
Epoch 60 | Loss: 616.59175
   ✅ New Best Model Saved (Loss: 0.03948)
Epoch 61 | Loss: 616.41353
   ✅ New Best Model Saved (Loss: 0.03947)
Epoch 62 | Loss: 616.31216
   ✅ New Best Model Saved (Loss: 0.03947)
Epoch 63 | Loss: 616.13644
   ✅ New Best Model Saved (Loss: 0.03946)
Epoch 64 | Loss: 616.11961
   ✅ New Best Model Saved (Loss: 0.03945)
Epoch 65 | Loss: 615.99972
   ✅ New Best Model Saved (Loss: 0.03945)
Epoch 66 | Loss: 615.86739
   ✅ New Best Model Saved (Loss: 0.03944)
Epoch 67 | Loss: 615.72786
   ✅ New Best Model Saved (Loss: 0.03943)
Epoch 68 | Loss: 615.65678
   ✅ New Best Model Saved (Loss: 0.03942)
Epoch 69 | Loss: 615.54961
   ✅ New Best Model Saved (Loss: 0.03942)
Epoch 70 | Loss: 615.42959
   ✅ New Best Model Saved (Loss: 0.03941)
Epoch 71 | Loss: 615.32894
   ✅ New Best Model Saved (Loss: 0.03940)
Epoch 72 | Loss: 615.24834
   ✅ New Best Model Saved (Loss: 0.03940)
Epoch 73 | Loss: 615.09511
   ✅ New Best Model Saved (Loss: 0.03939)
Epoch 74 | Loss: 615.02278
   ✅ New Best Model Saved (Loss: 0.03938)
Epoch 75 | Loss: 614.94377
   ✅ New Best Model Saved (Loss: 0.03938)
Epoch 76 | Loss: 614.91329
   ✅ New Best Model Saved (Loss: 0.03938)
Epoch 77 | Loss: 614.74521
   ✅ New Best Model Saved (Loss: 0.03937)
Epoch 78 | Loss: 614.64405
   ✅ New Best Model Saved (Loss: 0.03936)
Epoch 79 | Loss: 614.59469
   ✅ New Best Model Saved (Loss: 0.03936)
Epoch 80 | Loss: 614.52104
   ✅ New Best Model Saved (Loss: 0.03935)
Epoch 81 | Loss: 614.44048
   ✅ New Best Model Saved (Loss: 0.03935)
Epoch 82 | Loss: 614.34942
   ✅ New Best Model Saved (Loss: 0.03934)
Epoch 83 | Loss: 614.25702
   ✅ New Best Model Saved (Loss: 0.03934)
Epoch 84 | Loss: 614.15195
   ✅ New Best Model Saved (Loss: 0.03933)
Epoch 85 | Loss: 614.05307
   ✅ New Best Model Saved (Loss: 0.03932)
Epoch 86 | Loss: 614.07631
   No improvement. Patience: 1/3
Epoch 87 | Loss: 613.93596
   ✅ New Best Model Saved (Loss: 0.03931)
Epoch 88 | Loss: 613.76801
   ✅ New Best Model Saved (Loss: 0.03930)
Epoch 89 | Loss: 613.78594
   No improvement. Patience: 1/3
Epoch 90 | Loss: 613.69194
   ✅ New Best Model Saved (Loss: 0.03930)
Epoch 91 | Loss: 613.68209
   ✅ New Best Model Saved (Loss: 0.03930)
Epoch 92 | Loss: 613.49405
   ✅ New Best Model Saved (Loss: 0.03929)
Epoch 93 | Loss: 613.44753
   ✅ New Best Model Saved (Loss: 0.03928)
Epoch 94 | Loss: 613.38869
   ✅ New Best Model Saved (Loss: 0.03928)
Epoch 95 | Loss: 613.23319
   ✅ New Best Model Saved (Loss: 0.03927)
Epoch 96 | Loss: 613.21848
   ✅ New Best Model Saved (Loss: 0.03927)
Epoch 97 | Loss: 613.17601
   ✅ New Best Model Saved (Loss: 0.03927)
Epoch 98 | Loss: 613.07326
   ✅ New Best Model Saved (Loss: 0.03926)
Epoch 99 | Loss: 612.94728
   ✅ New Best Model Saved (Loss: 0.03925)
Epoch 100 | Loss: 612.94932
   No improvement. Patience: 1/3
Epoch 101 | Loss: 612.85447
   ✅ New Best Model Saved (Loss: 0.03925)
Epoch 102 | Loss: 612.72476
   ✅ New Best Model Saved (Loss: 0.03924)
Epoch 103 | Loss: 612.68031
   ✅ New Best Model Saved (Loss: 0.03923)
Epoch 104 | Loss: 612.64804
   ✅ New Best Model Saved (Loss: 0.03923)
Epoch 105 | Loss: 612.60118
   ✅ New Best Model Saved (Loss: 0.03923)
Epoch 106 | Loss: 612.53248
   ✅ New Best Model Saved (Loss: 0.03922)
Epoch 107 | Loss: 612.46951
   ✅ New Best Model Saved (Loss: 0.03922)
Epoch 108 | Loss: 612.39262
   ✅ New Best Model Saved (Loss: 0.03922)
Epoch 109 | Loss: 612.31856
   ✅ New Best Model Saved (Loss: 0.03921)
Epoch 110 | Loss: 612.23811
   ✅ New Best Model Saved (Loss: 0.03921)
Epoch 111 | Loss: 612.14226
   ✅ New Best Model Saved (Loss: 0.03920)
Epoch 112 | Loss: 612.21926
   No improvement. Patience: 1/3
Epoch 113 | Loss: 612.02074
   ✅ New Best Model Saved (Loss: 0.03919)
Epoch 114 | Loss: 612.04137
   No improvement. Patience: 1/3
Epoch 115 | Loss: 612.03094
   No improvement. Patience: 2/3
Epoch 116 | Loss: 612.00640
   ✅ New Best Model Saved (Loss: 0.03919)
Epoch 117 | Loss: 611.80133
   ✅ New Best Model Saved (Loss: 0.03918)
Epoch 118 | Loss: 611.77500
   ✅ New Best Model Saved (Loss: 0.03918)
Epoch 119 | Loss: 611.79949
   No improvement. Patience: 1/3
Epoch 120 | Loss: 611.66251
   ✅ New Best Model Saved (Loss: 0.03917)
Epoch 121 | Loss: 611.63844
   ✅ New Best Model Saved (Loss: 0.03917)
Epoch 122 | Loss: 611.58888
   ✅ New Best Model Saved (Loss: 0.03916)
Epoch 123 | Loss: 611.53884
   ✅ New Best Model Saved (Loss: 0.03916)
Epoch 124 | Loss: 611.49757
   ✅ New Best Model Saved (Loss: 0.03916)
Epoch 125 | Loss: 611.41711
   ✅ New Best Model Saved (Loss: 0.03915)
Epoch 126 | Loss: 611.37789
   ✅ New Best Model Saved (Loss: 0.03915)
Epoch 127 | Loss: 611.29499
   ✅ New Best Model Saved (Loss: 0.03915)
Epoch 128 | Loss: 611.31624
   No improvement. Patience: 1/3
Epoch 129 | Loss: 611.22164
   ✅ New Best Model Saved (Loss: 0.03914)
Epoch 130 | Loss: 611.20001
   ✅ New Best Model Saved (Loss: 0.03914)
Epoch 131 | Loss: 611.10352
   ✅ New Best Model Saved (Loss: 0.03913)
Epoch 132 | Loss: 611.10130
   ✅ New Best Model Saved (Loss: 0.03913)
Epoch 133 | Loss: 611.03266
   ✅ New Best Model Saved (Loss: 0.03913)
Epoch 134 | Loss: 610.97250
   ✅ New Best Model Saved (Loss: 0.03912)
Epoch 135 | Loss: 611.01283
   No improvement. Patience: 1/3
Epoch 136 | Loss: 611.01816
   No improvement. Patience: 2/3
Epoch 137 | Loss: 610.90693
   ✅ New Best Model Saved (Loss: 0.03912)
Epoch 138 | Loss: 610.83309
   ✅ New Best Model Saved (Loss: 0.03912)
Epoch 139 | Loss: 610.76207
   ✅ New Best Model Saved (Loss: 0.03911)
Epoch 140 | Loss: 610.70525
   ✅ New Best Model Saved (Loss: 0.03911)
Epoch 141 | Loss: 610.64963
   ✅ New Best Model Saved (Loss: 0.03910)
Epoch 142 | Loss: 610.62821
   ✅ New Best Model Saved (Loss: 0.03910)
Epoch 143 | Loss: 610.60449
   ✅ New Best Model Saved (Loss: 0.03910)
Epoch 144 | Loss: 610.59267
   ✅ New Best Model Saved (Loss: 0.03910)
Epoch 145 | Loss: 610.49798
   ✅ New Best Model Saved (Loss: 0.03909)
Epoch 146 | Loss: 610.46970
   ✅ New Best Model Saved (Loss: 0.03909)
Epoch 147 | Loss: 610.41088
   ✅ New Best Model Saved (Loss: 0.03909)
Epoch 148 | Loss: 610.34190
   ✅ New Best Model Saved (Loss: 0.03908)
Epoch 149 | Loss: 610.31106
   ✅ New Best Model Saved (Loss: 0.03908)
Epoch 150 | Loss: 610.34639
   No improvement. Patience: 1/3
Epoch 151 | Loss: 610.24011
   ✅ New Best Model Saved (Loss: 0.03908)
Epoch 152 | Loss: 610.22357
   ✅ New Best Model Saved (Loss: 0.03908)
Epoch 153 | Loss: 610.20720
   ✅ New Best Model Saved (Loss: 0.03908)
Epoch 154 | Loss: 610.13619
   ✅ New Best Model Saved (Loss: 0.03907)
Epoch 155 | Loss: 610.10698
   ✅ New Best Model Saved (Loss: 0.03907)
Epoch 156 | Loss: 610.02054
   ✅ New Best Model Saved (Loss: 0.03906)
Epoch 157 | Loss: 610.01502
   ✅ New Best Model Saved (Loss: 0.03906)
Epoch 158 | Loss: 609.97128
   ✅ New Best Model Saved (Loss: 0.03906)
Epoch 159 | Loss: 610.01189
   No improvement. Patience: 1/3
Epoch 160 | Loss: 609.88672
   ✅ New Best Model Saved (Loss: 0.03906)
Epoch 161 | Loss: 609.91455
   No improvement. Patience: 1/3
Epoch 162 | Loss: 609.80185
   ✅ New Best Model Saved (Loss: 0.03905)
Epoch 163 | Loss: 609.85889
   No improvement. Patience: 1/3
Epoch 164 | Loss: 609.73437
   ✅ New Best Model Saved (Loss: 0.03905)
Epoch 165 | Loss: 609.73457
   No improvement. Patience: 1/3
Epoch 166 | Loss: 609.72964
   ✅ New Best Model Saved (Loss: 0.03905)
Epoch 167 | Loss: 609.59778
   ✅ New Best Model Saved (Loss: 0.03904)
Epoch 168 | Loss: 609.58534
   ✅ New Best Model Saved (Loss: 0.03904)
Epoch 169 | Loss: 609.62765
   No improvement. Patience: 1/3
Epoch 170 | Loss: 609.64434
   No improvement. Patience: 2/3
Epoch 171 | Loss: 609.48715
   ✅ New Best Model Saved (Loss: 0.03903)
Epoch 172 | Loss: 609.46408
   ✅ New Best Model Saved (Loss: 0.03903)
Epoch 173 | Loss: 609.42232
   ✅ New Best Model Saved (Loss: 0.03903)
Epoch 174 | Loss: 609.37397
   ✅ New Best Model Saved (Loss: 0.03902)
Epoch 175 | Loss: 609.37110
   ✅ New Best Model Saved (Loss: 0.03902)
Epoch 176 | Loss: 609.33881
   ✅ New Best Model Saved (Loss: 0.03902)
Epoch 177 | Loss: 609.31952
   ✅ New Best Model Saved (Loss: 0.03902)
Epoch 178 | Loss: 609.24708
   ✅ New Best Model Saved (Loss: 0.03901)
Epoch 179 | Loss: 609.25157
   No improvement. Patience: 1/3
Epoch 180 | Loss: 609.21469
   ✅ New Best Model Saved (Loss: 0.03901)
Epoch 181 | Loss: 609.16283
   ✅ New Best Model Saved (Loss: 0.03901)
Epoch 182 | Loss: 609.08094
   ✅ New Best Model Saved (Loss: 0.03900)
Epoch 183 | Loss: 609.08058
   ✅ New Best Model Saved (Loss: 0.03900)
Epoch 184 | Loss: 609.07833
   ✅ New Best Model Saved (Loss: 0.03900)
Epoch 185 | Loss: 609.04834
   ✅ New Best Model Saved (Loss: 0.03900)
Epoch 186 | Loss: 609.04422
   ✅ New Best Model Saved (Loss: 0.03900)
Epoch 187 | Loss: 608.92466
   ✅ New Best Model Saved (Loss: 0.03899)
Epoch 188 | Loss: 608.86224
   ✅ New Best Model Saved (Loss: 0.03899)
Epoch 189 | Loss: 608.92890
   No improvement. Patience: 1/3
Epoch 190 | Loss: 608.86414
   No improvement. Patience: 2/3
Epoch 191 | Loss: 608.81363
   ✅ New Best Model Saved (Loss: 0.03899)
Epoch 192 | Loss: 608.80353
   ✅ New Best Model Saved (Loss: 0.03899)
Epoch 193 | Loss: 608.76405
   ✅ New Best Model Saved (Loss: 0.03898)
Epoch 194 | Loss: 608.74574
   ✅ New Best Model Saved (Loss: 0.03898)
Epoch 195 | Loss: 608.71391
   ✅ New Best Model Saved (Loss: 0.03898)
Epoch 196 | Loss: 608.66890
   ✅ New Best Model Saved (Loss: 0.03898)
Epoch 197 | Loss: 608.65062
   ✅ New Best Model Saved (Loss: 0.03898)
Epoch 198 | Loss: 608.70056
   No improvement. Patience: 1/3
Epoch 199 | Loss: 608.63213
   ✅ New Best Model Saved (Loss: 0.03897)
Epoch 200 | Loss: 608.61749
   ✅ New Best Model Saved (Loss: 0.03897)
Epoch 201 | Loss: 608.57896
   ✅ New Best Model Saved (Loss: 0.03897)
Epoch 202 | Loss: 608.58112
   No improvement. Patience: 1/3
Epoch 203 | Loss: 608.50967
   ✅ New Best Model Saved (Loss: 0.03897)
Epoch 204 | Loss: 608.45978
   ✅ New Best Model Saved (Loss: 0.03896)
Epoch 205 | Loss: 608.49375
   No improvement. Patience: 1/3
Epoch 206 | Loss: 608.41219
   ✅ New Best Model Saved (Loss: 0.03896)
Epoch 207 | Loss: 608.37917
   ✅ New Best Model Saved (Loss: 0.03896)
Epoch 208 | Loss: 608.38433
   No improvement. Patience: 1/3
Epoch 209 | Loss: 608.42098
   No improvement. Patience: 2/3
Epoch 210 | Loss: 608.35128
   ✅ New Best Model Saved (Loss: 0.03896)
Epoch 211 | Loss: 608.31091
   ✅ New Best Model Saved (Loss: 0.03895)
Epoch 212 | Loss: 608.29548
   ✅ New Best Model Saved (Loss: 0.03895)
Epoch 213 | Loss: 608.25573
   ✅ New Best Model Saved (Loss: 0.03895)
Epoch 214 | Loss: 608.25419
   ✅ New Best Model Saved (Loss: 0.03895)
Epoch 215 | Loss: 608.31962
   No improvement. Patience: 1/3
Epoch 216 | Loss: 608.23279
   ✅ New Best Model Saved (Loss: 0.03895)
Epoch 217 | Loss: 608.16146
   ✅ New Best Model Saved (Loss: 0.03894)
Epoch 218 | Loss: 608.17116
   No improvement. Patience: 1/3
Epoch 219 | Loss: 608.14525
   ✅ New Best Model Saved (Loss: 0.03894)
Epoch 220 | Loss: 608.10196
   ✅ New Best Model Saved (Loss: 0.03894)
Epoch 221 | Loss: 608.10170
   ✅ New Best Model Saved (Loss: 0.03894)
Epoch 222 | Loss: 608.06136
   ✅ New Best Model Saved (Loss: 0.03894)
Epoch 223 | Loss: 608.02513
   ✅ New Best Model Saved (Loss: 0.03894)
Epoch 224 | Loss: 608.04796
   No improvement. Patience: 1/3
Epoch 225 | Loss: 607.92130
   ✅ New Best Model Saved (Loss: 0.03893)
Epoch 226 | Loss: 607.91286
   ✅ New Best Model Saved (Loss: 0.03893)
Epoch 227 | Loss: 607.94479
   No improvement. Patience: 1/3
Epoch 228 | Loss: 607.88145
   ✅ New Best Model Saved (Loss: 0.03893)
Epoch 229 | Loss: 607.87757
   ✅ New Best Model Saved (Loss: 0.03893)
Epoch 230 | Loss: 607.85664
   ✅ New Best Model Saved (Loss: 0.03893)
Epoch 231 | Loss: 607.81015
   ✅ New Best Model Saved (Loss: 0.03892)
Epoch 232 | Loss: 607.76911
   ✅ New Best Model Saved (Loss: 0.03892)
Epoch 233 | Loss: 607.81117
   No improvement. Patience: 1/3
Epoch 234 | Loss: 607.74727
   ✅ New Best Model Saved (Loss: 0.03892)
Epoch 235 | Loss: 607.72648
   ✅ New Best Model Saved (Loss: 0.03892)
Epoch 236 | Loss: 607.70159
   ✅ New Best Model Saved (Loss: 0.03892)
Epoch 237 | Loss: 607.65819
   ✅ New Best Model Saved (Loss: 0.03891)
Epoch 238 | Loss: 607.64582
   ✅ New Best Model Saved (Loss: 0.03891)
Epoch 239 | Loss: 607.63053
   ✅ New Best Model Saved (Loss: 0.03891)
Epoch 240 | Loss: 607.62694
   ✅ New Best Model Saved (Loss: 0.03891)
Epoch 241 | Loss: 607.55982
   ✅ New Best Model Saved (Loss: 0.03891)
Epoch 242 | Loss: 607.53692
   ✅ New Best Model Saved (Loss: 0.03890)
Epoch 243 | Loss: 607.46700
   ✅ New Best Model Saved (Loss: 0.03890)
Epoch 244 | Loss: 607.51480
   No improvement. Patience: 1/3
Epoch 245 | Loss: 607.45000
   ✅ New Best Model Saved (Loss: 0.03890)
Epoch 246 | Loss: 607.45470
   No improvement. Patience: 1/3
Epoch 247 | Loss: 607.47849
   No improvement. Patience: 2/3
Epoch 248 | Loss: 607.39611
   ✅ New Best Model Saved (Loss: 0.03890)
Epoch 249 | Loss: 607.41188
   No improvement. Patience: 1/3
Epoch 250 | Loss: 607.37930
   ✅ New Best Model Saved (Loss: 0.03889)
Epoch 251 | Loss: 607.34668
   ✅ New Best Model Saved (Loss: 0.03889)
Epoch 252 | Loss: 607.42332
   No improvement. Patience: 1/3
Epoch 253 | Loss: 607.30472
   ✅ New Best Model Saved (Loss: 0.03889)
Epoch 254 | Loss: 607.27744
   ✅ New Best Model Saved (Loss: 0.03889)
Epoch 255 | Loss: 607.28464
   No improvement. Patience: 1/3
Epoch 256 | Loss: 607.26580
   ✅ New Best Model Saved (Loss: 0.03889)
Epoch 257 | Loss: 607.18716
   ✅ New Best Model Saved (Loss: 0.03888)
Epoch 258 | Loss: 607.22218
   No improvement. Patience: 1/3
Epoch 259 | Loss: 607.27669
   No improvement. Patience: 2/3
Epoch 260 | Loss: 607.20111
   No improvement. Patience: 3/3
🛑 Early Stopping triggered. Model has converged.
✅ Run environment created at: hopper/runs/ssm_medium_Loss_0.03888
💾 Model saved as: hopper/runs/ssm_medium_Loss_0.03888/agent.pt
