mujoco/hopper/medium-v0
<module 'hopper' from '/home/u253954/SSM_benchmark/gym/hopper/__init__.py'>
ssm
CONTEXT LENGTH: 64
Loading Minari Dataset: mujoco/hopper/medium-v0 (downloading if needed)...
<module 'ssm' from '/home/u253954/SSM_benchmark/gym/ssm/__init__.py'>
ssm
CONTEXT LENGTH: 64
Loading Minari Dataset: mujoco/hopper/medium-v0 (downloading if needed)...
Epoch 01 | Loss: 0.039314
   ✅ Saved Best
Epoch 02 | Loss: 0.039264
   ✅ Saved Best
Epoch 03 | Loss: 0.039247
   ✅ Saved Best
Epoch 04 | Loss: 0.039235
   ✅ Saved Best
Epoch 05 | Loss: 0.039226
   ✅ Saved Best
Final model saved to hopper/runs/ssm_medium_Loss_0.03923
