This is pdfTeX, Version 3.141592653-2.6-1.40.29 (TeX Live 2026/Arch Linux) (preloaded format=pdflatex 2026.4.8)  10 JUN 2026 11:44
entering extended mode
 restricted \write18 enabled.
 file:line:error style messages enabled.
 %&-line parsing enabled.
**/home/kelares/Desktop/HyperFisher/Thesis/main.tex
(/home/kelares/Desktop/HyperFisher/Thesis/main.tex
LaTeX2e <2025-11-01>
L3 programming layer <2026-01-19>
(/usr/share/texmf-dist/tex/latex/base/article.cls
Document Class: article 2025/01/22 v1.4n Standard LaTeX document class
(/usr/share/texmf-dist/tex/latex/base/size11.clo
File: size11.clo 2025/01/22 v1.4n Standard LaTeX file (size option)
)
\c@part=\count275
\c@section=\count276
\c@subsection=\count277
\c@subsubsection=\count278
\c@paragraph=\count279
\c@subparagraph=\count280
\c@figure=\count281
\c@table=\count282
\abovecaptionskip=\skip49
\belowcaptionskip=\skip50
\bibindent=\dimen148
) (/usr/share/texmf-dist/tex/latex/classicthesis/classicthesis.sty
Package: classicthesis 2025/02/02 v4.8 Typographic style for a classic-looking thesis
 (/usr/share/texmf-dist/tex/latex/base/ifthen.sty
Package: ifthen 2024/03/16 v1.1e Standard LaTeX ifthen package (DPC)
) (/usr/share/texmf-dist/tex/latex/kvoptions/kvoptions.sty
Package: kvoptions 2022-06-15 v3.15 Key value format for package options (HO)
 (/usr/share/texmf-dist/tex/latex/graphics/keyval.sty
Package: keyval 2022/05/29 v1.15 key=value parser (DPC)
\KV@toks@=\toks17
) (/usr/share/texmf-dist/tex/generic/ltxcmds/ltxcmds.sty
Package: ltxcmds 2023-12-04 v1.26 LaTeX kernel commands for general use (HO)
) (/usr/share/texmf-dist/tex/latex/kvsetkeys/kvsetkeys.sty
Package: kvsetkeys 2022-10-05 v1.19 Key value parser (HO)
))

Package classicthesis Warning: Chapter sectioning command not present in this document class. Deactivating options floatperchapter, manychapters, listsseparated, eulerchapternumbers.

(/usr/share/texmf-dist/tex/generic/iftex/ifpdf.sty
Package: ifpdf 2019/10/25 v3.4 ifpdf legacy package. Use iftex instead.
 (/usr/share/texmf-dist/tex/generic/iftex/iftex.sty
Package: iftex 2024/12/12 v1.0g TeX engine tests
)) (/usr/share/texmf-dist/tex/generic/iftex/ifxetex.sty
Package: ifxetex 2019/10/25 v0.7 ifxetex legacy package. Use iftex instead.
) (/usr/share/texmf-dist/tex/generic/iftex/ifluatex.sty
Package: ifluatex 2019/10/25 v1.5 ifluatex legacy package. Use iftex instead.
) (/usr/share/texmf-dist/tex/latex/xcolor/xcolor.sty
Package: xcolor 2024/09/29 v3.02 LaTeX color extensions (UK)
 (/usr/share/texmf-dist/tex/latex/graphics-cfg/color.cfg
File: color.cfg 2016/01/02 v1.6 sample color configuration
)
Package xcolor Info: Driver file: pdftex.def on input line 274.
 (/usr/share/texmf-dist/tex/latex/graphics-def/pdftex.def
File: pdftex.def 2025/09/29 v1.2d Graphics/color driver for pdftex
) (/usr/share/texmf-dist/tex/latex/graphics/mathcolor.ltx)
Package xcolor Info: Model `cmy' substituted by `cmy0' on input line 1349.
Package xcolor Info: Model `hsb' substituted by `rgb' on input line 1353.
Package xcolor Info: Model `RGB' extended on input line 1365.
Package xcolor Info: Model `HTML' substituted by `rgb' on input line 1367.
Package xcolor Info: Model `Hsb' substituted by `hsb' on input line 1368.
Package xcolor Info: Model `tHsb' substituted by `hsb' on input line 1369.
Package xcolor Info: Model `HSB' substituted by `hsb' on input line 1370.
Package xcolor Info: Model `Gray' substituted by `gray' on input line 1371.
Package xcolor Info: Model `wave' substituted by `hsb' on input line 1372.
) (/usr/share/texmf-dist/tex/latex/graphics/dvipsnam.def
File: dvipsnam.def 2016/06/17 v3.0m Driver-dependent file (DPC,SPQR)
) (/usr/share/texmf-dist/tex/latex/psnfss/mathpazo.sty
Package: mathpazo 2020/03/25 PSNFSS-v9.3 Palatino w/ Pazo Math (D.Puga, WaS) 
\symupright=\mathgroup4
) (/usr/share/texmf-dist/tex/latex/bera/beramono.sty
Package: beramono 2004/01/31 (WaS)
)
LaTeX Font Info:    Trying to load font information for T1+pplj on input line 236.
 (/usr/share/texmf-dist/tex/latex/psnfss/t1pplj.fd
File: t1pplj.fd 2004/09/06 font definitions for T1/pplj.
) (/usr/share/texmf-dist/tex/latex/microtype/microtype.sty
Package: microtype 2026/03/01 v3.2d Micro-typographical refinements (RS)
 (/usr/share/texmf-dist/tex/latex/etoolbox/etoolbox.sty
Package: etoolbox 2025/10/02 v2.5m e-TeX tools for LaTeX (JAW)
\etb@tempcnta=\count283
)
\MT@toks=\toks18
\MT@tempbox=\box53
\MT@count=\count284
LaTeX Info: Redefining \noprotrusionifhmode on input line 1084.
LaTeX Info: Redefining \leftprotrusion on input line 1085.
\MT@prot@toks=\toks19
LaTeX Info: Redefining \rightprotrusion on input line 1104.
LaTeX Info: Redefining \textls on input line 1449.
\MT@outer@kern=\dimen149
LaTeX Info: Redefining \microtypecontext on input line 2053.
LaTeX Info: Redefining \textmicrotypecontext on input line 2070.
\MT@listname@count=\count285
 (/usr/share/texmf-dist/tex/latex/microtype/microtype-pdftex.def
File: microtype-pdftex.def 2026/03/01 v3.2d Definitions specific to pdftex (RS)
LaTeX Info: Redefining \lsstyle on input line 944.
LaTeX Info: Redefining \lslig on input line 944.
\MT@outer@space=\skip51
)
Package microtype Info: Loading configuration file microtype.cfg.
 (/usr/share/texmf-dist/tex/latex/microtype/microtype.cfg
File: microtype.cfg 2026/03/01 v3.2d microtype main configuration file (RS)
)
LaTeX Info: Redefining \microtypesetup on input line 3065.
) (/usr/share/texmf-dist/tex/latex/koma-script/typearea.sty
Package: typearea 2026/02/02 v3.49.2 KOMA-Script package (type area)
 (/usr/share/texmf-dist/tex/latex/koma-script/scrkbase.sty
Package: scrkbase 2026/02/02 v3.49.2 KOMA-Script package (KOMA-Script-dependent basics and keyval usage)
 (/usr/share/texmf-dist/tex/latex/koma-script/scrbase.sty
Package: scrbase 2026/02/02 v3.49.2 KOMA-Script package (KOMA-Script-independent basics and keyval usage)
 (/usr/share/texmf-dist/tex/latex/koma-script/scrlfile.sty
Package: scrlfile 2026/02/02 v3.49.2 KOMA-Script package (file load hooks)
 (/usr/share/texmf-dist/tex/latex/koma-script/scrlfile-hook.sty
Package: scrlfile-hook 2026/02/02 v3.49.2 KOMA-Script package (using LaTeX hooks)
 (/usr/share/texmf-dist/tex/latex/koma-script/scrlogo.sty
Package: scrlogo 2026/02/02 v3.49.2 KOMA-Script package (logo)
)))
Applying: [2021/05/01] Usage of raw or classic option list on input line 254.
Already applied: [0000/00/00] Usage of raw or classic option list on input line 370.
))
\ta@bcor=\skip52
\ta@div=\count286
Package typearea Info: You've used standard option `a4paper'.
(typearea)             This is correct!
(typearea)             Internally I'm using `paper=a4'.
(typearea)             If you'd like to set the option with \KOMAoptions,
(typearea)             you'd have to use `paper=a4' there
(typearea)             instead of `a4paper', too.
\ta@hblk=\skip53
\ta@vblk=\skip54
\ta@temp=\skip55
\footheight=\skip56
LaTeX Font Info:    Trying to load font information for OT1+pplj on input line 1810.
 (/usr/share/texmf-dist/tex/latex/psnfss/ot1pplj.fd
File: ot1pplj.fd 2004/09/06 font definitions for OT1/pplj.
)
Package typearea Info: These are the values describing the layout:
(typearea)             DIV  = 10
(typearea)             BCOR = 0.0pt
(typearea)             \paperwidth      = 597.50793pt
(typearea)              \textwidth      = 418.25555pt
(typearea)              DIV departure   = -2%
(typearea)              \evensidemargin = 17.3562pt
(typearea)              \oddsidemargin  = 17.3562pt
(typearea)             \paperheight     = 845.04694pt
(typearea)              \textheight     = 510.80156pt
(typearea)              \topmargin      = 12.2347pt
(typearea)              \headheight     = 17.85005pt
(typearea)              \headsep        = 21.42006pt
(typearea)              \topskip        = 11.0pt
(typearea)              \footskip       = 49.98015pt
(typearea)              \baselineskip   = 14.28004pt
(typearea)              on input line 1810.
)
Package classicthesis Info: A4 paper, Palatino or other on input line 280.
Package typearea Info: These are the values describing the layout:
(typearea)             DIV  = areaset
(typearea)             BCOR = 0.0pt
(typearea)             \paperwidth      = 597.50793pt
(typearea)              \textwidth      = 336.0pt
(typearea)              \evensidemargin = 58.48398pt
(typearea)              \oddsidemargin  = 58.48398pt
(typearea)             \paperheight     = 845.04694pt
(typearea)              \textheight     = 662.6498pt
(typearea)              \topmargin      = -40.58768pt
(typearea)              \headheight     = 15.95pt
(typearea)              \headsep        = 21.42006pt
(typearea)              \topskip        = 11.0pt
(typearea)              \footskip       = 49.98015pt
(typearea)              \baselineskip   = 14.28004pt
(typearea)              on input line 280.
 (/usr/share/texmf-dist/tex/latex/mparhack/mparhack.sty
Package: mparhack 2021-05-02 v1.5 (T. Sgouros and S. Ulrich)
) (/usr/share/texmf-dist/tex/latex/booktabs/booktabs.sty
Package: booktabs 2020/01/12 v1.61803398 Publication quality tables
\heavyrulewidth=\dimen150
\lightrulewidth=\dimen151
\cmidrulewidth=\dimen152
\belowrulesep=\dimen153
\belowbottomsep=\dimen154
\aboverulesep=\dimen155
\abovetopsep=\dimen156
\cmidrulesep=\dimen157
\cmidrulekern=\dimen158
\defaultaddspace=\dimen159
\@cmidla=\count287
\@cmidlb=\count288
\@aboverulesep=\dimen160
\@belowrulesep=\dimen161
\@thisruleclass=\count289
\@lastruleclass=\count290
\@thisrulewidth=\dimen162
) (/usr/share/texmf-dist/tex/latex/textcase/textcase.sty
Package: textcase 2025/02/16 v1.05 Text only upper/lower case changing (DPC)
Package textcase Info: Defining Legacy names on input line 20.
)
Package classicthesis Info: Using microtype for character spacing.Make sure your pdflatex is version 1.40 or higher. on input line 351.
 (/usr/share/texmf-dist/tex/latex/koma-script/scrlayer-scrpage.sty
Package: scrlayer-scrpage 2026/02/02 v3.49.2 KOMA-Script package (end user interface for scrlayer)
 (/usr/share/texmf-dist/tex/latex/koma-script/scrlayer.sty
Package: scrlayer 2026/02/02 v3.49.2 KOMA-Script package (defining layers and page styles)
Package scrlayer Info: patching LaTeX kernel macro \pagestyle on input line 2179.
)) (/usr/share/texmf-dist/tex/latex/titlesec/titlesec.sty
Package: titlesec 2025/01/04 v2.17 Sectioning titles
\ttl@box=\box54
\beforetitleunit=\skip57
\aftertitleunit=\skip58
\ttl@plus=\dimen163
\ttl@minus=\dimen164
\ttl@toksa=\toks20
\titlewidth=\dimen165
\titlewidthlast=\dimen166
\titlewidthfirst=\dimen167
) (/usr/share/texmf-dist/tex/latex/tocloft/tocloft.sty
Package: tocloft 2017/08/31 v2.3i parameterised ToC, etc., typesetting
Package tocloft Info: The document has section divisions on input line 51.
\cftparskip=\skip59
\cftbeforetoctitleskip=\skip60
\cftaftertoctitleskip=\skip61
\cftbeforepartskip=\skip62
\cftpartnumwidth=\skip63
\cftpartindent=\skip64
\cftbeforesecskip=\skip65
\cftsecindent=\skip66
\cftsecnumwidth=\skip67
\cftbeforesubsecskip=\skip68
\cftsubsecindent=\skip69
\cftsubsecnumwidth=\skip70
\cftbeforesubsubsecskip=\skip71
\cftsubsubsecindent=\skip72
\cftsubsubsecnumwidth=\skip73
\cftbeforeparaskip=\skip74
\cftparaindent=\skip75
\cftparanumwidth=\skip76
\cftbeforesubparaskip=\skip77
\cftsubparaindent=\skip78
\cftsubparanumwidth=\skip79
\cftbeforeloftitleskip=\skip80
\cftafterloftitleskip=\skip81
\cftbeforefigskip=\skip82
\cftfigindent=\skip83
\cftfignumwidth=\skip84
\c@lofdepth=\count291
\c@lotdepth=\count292
\cftbeforelottitleskip=\skip85
\cftafterlottitleskip=\skip86
\cftbeforetabskip=\skip87
\cfttabindent=\skip88
\cfttabnumwidth=\skip89
)
\newnumberwidth=\skip90
\beforebibskip=\skip91
\newchnumberwidth=\skip92
\figurelabelwidth=\skip93
\tablelabelwidth=\skip94
 (/usr/share/texmf-dist/tex/latex/footmisc/footmisc.sty
Package: footmisc 2025/05/09 v7.0b a miscellany of footnote facilities
\FN@temptoken=\toks21
\footnotemargin=\dimen168
Package footmisc Info: Declaring symbol style bringhurst on input line 549.
Package footmisc Info: Declaring symbol style chicago on input line 557.
Package footmisc Info: Declaring symbol style wiley on input line 566.
Package footmisc Info: Declaring symbol style lamport-robust on input line 577.
Package footmisc Info: Declaring symbol style lamport* on input line 597.
Package footmisc Info: Declaring symbol style lamport*-robust on input line 618.
)

Package classicthesis Warning: Using package "footmisc" with option "marginal" for footnote setup (not 100\% the same as with KOMA).

(/usr/share/texmf-dist/tex/latex/koma-script/scrtime.sty
Package: scrtime 2026/02/02 v3.49.2 KOMA-Script package (time of LaTeX run)
) (/usr/share/texmf-dist/tex/latex/caption/caption.sty
Package: caption 2023/08/05 v3.6o Customizing captions (AR)
 (/usr/share/texmf-dist/tex/latex/caption/caption3.sty
Package: caption3 2023/07/31 v2.4d caption3 kernel (AR)
\caption@tempdima=\dimen169
\captionmargin=\dimen170
\caption@leftmargin=\dimen171
\caption@rightmargin=\dimen172
\caption@width=\dimen173
\caption@indent=\dimen174
\caption@parindent=\dimen175
\caption@hangindent=\dimen176
Package caption Info: Standard document class detected.
)
\c@caption@flags=\count293
\c@continuedfloat=\count294
) (/usr/share/texmf-dist/tex/latex/hyperref/hyperref.sty
Package: hyperref 2026-01-29 v7.01p Hypertext links for LaTeX
 (/usr/share/texmf-dist/tex/generic/kvdefinekeys/kvdefinekeys.sty
Package: kvdefinekeys 2019-12-19 v1.6 Define keys (HO)
) (/usr/share/texmf-dist/tex/generic/pdfescape/pdfescape.sty
Package: pdfescape 2019/12/09 v1.15 Implements pdfTeX's escape features (HO)
 (/usr/share/texmf-dist/tex/generic/pdftexcmds/pdftexcmds.sty
Package: pdftexcmds 2020-06-27 v0.33 Utility functions of pdfTeX for LuaTeX (HO)
 (/usr/share/texmf-dist/tex/generic/infwarerr/infwarerr.sty
Package: infwarerr 2019/12/03 v1.5 Providing info/warning/error messages (HO)
)
Package pdftexcmds Info: \pdf@primitive is available.
Package pdftexcmds Info: \pdf@ifprimitive is available.
Package pdftexcmds Info: \pdfdraftmode found.
)) (/usr/share/texmf-dist/tex/latex/hycolor/hycolor.sty
Package: hycolor 2020-01-27 v1.10 Color options for hyperref/bookmark (HO)
) (/usr/share/texmf-dist/tex/latex/hyperref/nameref.sty
Package: nameref 2026-01-29 v2.58 Cross-referencing by name of section
 (/usr/share/texmf-dist/tex/latex/refcount/refcount.sty
Package: refcount 2019/12/15 v3.6 Data extraction from label references (HO)
) (/usr/share/texmf-dist/tex/generic/gettitlestring/gettitlestring.sty
Package: gettitlestring 2019/12/15 v1.6 Cleanup title references (HO)
)
\c@section@level=\count295
) (/usr/share/texmf-dist/tex/generic/stringenc/stringenc.sty
Package: stringenc 2019/11/29 v1.12 Convert strings between diff. encodings (HO)
)
\@linkdim=\dimen177
\Hy@linkcounter=\count296
\Hy@pagecounter=\count297
 (/usr/share/texmf-dist/tex/latex/hyperref/pd1enc.def
File: pd1enc.def 2026-01-29 v7.01p Hyperref: PDFDocEncoding definition (HO)
Now handling font encoding PD1 ...
... no UTF-8 mapping file for font encoding PD1
) (/usr/share/texmf-dist/tex/generic/intcalc/intcalc.sty
Package: intcalc 2019/12/15 v1.3 Expandable calculations with integers (HO)
)
\Hy@SavedSpaceFactor=\count298
 (/usr/share/texmf-dist/tex/latex/hyperref/puenc.def
File: puenc.def 2026-01-29 v7.01p Hyperref: PDF Unicode definition (HO)
Now handling font encoding PU ...
... no UTF-8 mapping file for font encoding PU
)
Package hyperref Info: Hyper figures OFF on input line 4201.
Package hyperref Info: Link nesting OFF on input line 4206.
Package hyperref Info: Hyper index ON on input line 4209.
Package hyperref Info: Plain pages OFF on input line 4216.
Package hyperref Info: Backreferencing OFF on input line 4221.
Package hyperref Info: Implicit mode ON; LaTeX internals redefined.
Package hyperref Info: Bookmarks ON on input line 4468.
\c@Hy@tempcnt=\count299
 (/usr/share/texmf-dist/tex/latex/url/url.sty
\Urlmuskip=\muskip17
Package: url 2013/09/16  ver 3.4  Verb mode for urls, etc.
)
LaTeX Info: Redefining \url on input line 4807.
\XeTeXLinkMargin=\dimen178
 (/usr/share/texmf-dist/tex/generic/bitset/bitset.sty
Package: bitset 2019/12/09 v1.3 Handle bit-vector datatype (HO)
 (/usr/share/texmf-dist/tex/generic/bigintcalc/bigintcalc.sty
Package: bigintcalc 2019/12/15 v1.5 Expandable calculations on big integers (HO)
))
\Fld@menulength=\count300
\Field@Width=\dimen179
\Fld@charsize=\dimen180
Package hyperref Info: Hyper figures OFF on input line 6084.
Package hyperref Info: Link nesting OFF on input line 6089.
Package hyperref Info: Hyper index ON on input line 6092.
Package hyperref Info: backreferencing OFF on input line 6099.
Package hyperref Info: Link coloring OFF on input line 6104.
Package hyperref Info: Link coloring with OCG OFF on input line 6109.
Package hyperref Info: PDF/A mode OFF on input line 6114.
\Hy@abspage=\count301
\c@Item=\count302
\c@Hfootnote=\count303
)
Package hyperref Info: Driver (autodetected): hpdftex.
 (/usr/share/texmf-dist/tex/latex/hyperref/hpdftex.def
File: hpdftex.def 2026-01-29 v7.01p Hyperref driver for pdfTeX
\Fld@listcount=\count304
\c@bookmark@seq@number=\count305
 (/usr/share/texmf-dist/tex/latex/rerunfilecheck/rerunfilecheck.sty
Package: rerunfilecheck 2025-06-21 v1.11 Rerun checks for auxiliary files (HO)
 (/usr/share/texmf-dist/tex/generic/uniquecounter/uniquecounter.sty
Package: uniquecounter 2019/12/15 v1.4 Provide unlimited unique counter (HO)
)
Package uniquecounter Info: New unique counter `rerunfilecheck' on input line 284.
)
\Hy@SectionHShift=\skip95
)
Package hyperref Info: Option `colorlinks' set `true' on input line 732.
Package hyperref Info: Option `linktocpage' set `true' on input line 732.
Package hyperref Info: Option `breaklinks' set `true' on input line 732.
) (/usr/share/texmf-dist/tex/latex/geometry/geometry.sty
Package: geometry 2020/01/02 v5.9 Page Geometry
 (/usr/share/texmf-dist/tex/generic/iftex/ifvtex.sty
Package: ifvtex 2019/10/25 v1.7 ifvtex legacy package. Use iftex instead.
)
\Gm@cnth=\count306
\Gm@cntv=\count307
\c@Gm@tempcnt=\count308
\Gm@bindingoffset=\dimen181
\Gm@wd@mp=\dimen182
\Gm@odd@mp=\dimen183
\Gm@even@mp=\dimen184
\Gm@layoutwidth=\dimen185
\Gm@layoutheight=\dimen186
\Gm@layouthoffset=\dimen187
\Gm@layoutvoffset=\dimen188
\Gm@dimlist=\toks22
) (/usr/share/texmf-dist/tex/latex/base/inputenc.sty
Package: inputenc 2024/02/08 v1.3d Input encoding file
\inpenc@prehook=\toks23
\inpenc@posthook=\toks24
) (/usr/share/texmf-dist/tex/latex/base/fontenc.sty
Package: fontenc 2025/07/18 v2.1d Standard LaTeX package
) (/usr/share/texmf-dist/tex/latex/graphics/graphicx.sty
Package: graphicx 2024/12/31 v1.2e Enhanced LaTeX Graphics (DPC,SPQR)
 (/usr/share/texmf-dist/tex/latex/graphics/graphics.sty
Package: graphics 2024/08/06 v1.4g Standard LaTeX Graphics (DPC,SPQR)
 (/usr/share/texmf-dist/tex/latex/graphics/trig.sty
Package: trig 2023/12/02 v1.11 sin cos tan (DPC)
) (/usr/share/texmf-dist/tex/latex/graphics-cfg/graphics.cfg
File: graphics.cfg 2016/06/04 v1.11 sample graphics configuration
)
Package graphics Info: Driver file: pdftex.def on input line 106.
)
\Gin@req@height=\dimen189
\Gin@req@width=\dimen190
) (/usr/share/texmf-dist/tex/latex/multirow/multirow.sty
Package: multirow 2024/11/12 v2.9 Span multiple rows of a table
\multirow@colwidth=\skip96
\multirow@cntb=\count309
\multirow@dima=\skip97
\bigstrutjot=\dimen191
) (/usr/share/texmf-dist/tex/latex/amsfonts/amsfonts.sty
Package: amsfonts 2013/01/14 v3.01 Basic AMSFonts support
\@emptytoks=\toks25
\symAMSa=\mathgroup5
\symAMSb=\mathgroup6
LaTeX Font Info:    Redeclaring math symbol \hbar on input line 98.
LaTeX Font Info:    Overwriting math alphabet `\mathfrak' in version `bold'
(Font)                  U/euf/m/n --> U/euf/b/n on input line 106.
) (/usr/share/texmf-dist/tex/latex/amsmath/amsmath.sty
Package: amsmath 2025/07/09 v2.17z AMS math features
\@mathmargin=\skip98

For additional information on amsmath, use the `?' option.
(/usr/share/texmf-dist/tex/latex/amsmath/amstext.sty
Package: amstext 2024/11/17 v2.01 AMS text
 (/usr/share/texmf-dist/tex/latex/amsmath/amsgen.sty
File: amsgen.sty 1999/11/30 v2.0 generic functions
\@emptytoks=\toks26
\ex@=\dimen192
)) (/usr/share/texmf-dist/tex/latex/amsmath/amsbsy.sty
Package: amsbsy 1999/11/29 v1.2d Bold Symbols
\pmbraise@=\dimen193
) (/usr/share/texmf-dist/tex/latex/amsmath/amsopn.sty
Package: amsopn 2022/04/08 v2.04 operator names
)
\inf@bad=\count310
LaTeX Info: Redefining \frac on input line 233.
\uproot@=\count311
\leftroot@=\count312
LaTeX Info: Redefining \overline on input line 398.
LaTeX Info: Redefining \colon on input line 409.
\classnum@=\count313
\DOTSCASE@=\count314
LaTeX Info: Redefining \ldots on input line 495.
LaTeX Info: Redefining \dots on input line 498.
LaTeX Info: Redefining \cdots on input line 619.
\Mathstrutbox@=\box55
\strutbox@=\box56
LaTeX Info: Redefining \big on input line 721.
LaTeX Info: Redefining \Big on input line 722.
LaTeX Info: Redefining \bigg on input line 723.
LaTeX Info: Redefining \Bigg on input line 724.
\big@size=\dimen194
LaTeX Font Info:    Redeclaring font encoding OML on input line 742.
LaTeX Font Info:    Redeclaring font encoding OMS on input line 743.
\macc@depth=\count315
LaTeX Info: Redefining \bmod on input line 904.
LaTeX Info: Redefining \pmod on input line 909.
LaTeX Info: Redefining \smash on input line 939.
LaTeX Info: Redefining \relbar on input line 969.
LaTeX Info: Redefining \Relbar on input line 970.
\c@MaxMatrixCols=\count316
\dotsspace@=\muskip18
\c@parentequation=\count317
\dspbrk@lvl=\count318
\tag@help=\toks27
\row@=\count319
\column@=\count320
\maxfields@=\count321
\andhelp@=\toks28
\eqnshift@=\dimen195
\alignsep@=\dimen196
\tagshift@=\dimen197
\tagwidth@=\dimen198
\totwidth@=\dimen199
\lineht@=\dimen256
\@envbody=\toks29
\multlinegap=\skip99
\multlinetaggap=\skip100
\mathdisplay@stack=\toks30
LaTeX Info: Redefining \[ on input line 2950.
LaTeX Info: Redefining \] on input line 2951.
) (/usr/share/texmf-dist/tex/latex/units/nicefrac.sty
Package: nicefrac 1998/08/04 v0.9b Nice fractions
\L@UnitsRaiseDisplaystyle=\skip101
\L@UnitsRaiseTextstyle=\skip102
\L@UnitsRaiseScriptstyle=\skip103
) (/usr/share/texmf-dist/tex/latex/float/float.sty
Package: float 2001/11/08 v1.3d Float enhancements (AL)
\c@float@type=\count322
\float@exts=\toks31
\float@box=\box57
\@float@everytoks=\toks32
\@floatcapt=\box58
) (/usr/share/texmf-dist/tex/latex/algorithms/algorithm.sty
Package: algorithm 2009/08/24 v0.1 Document Style `algorithm' - floating environment
\@float@every@algorithm=\toks33
\c@algorithm=\count323
) (/usr/share/texmf-dist/tex/latex/algorithmicx/algpseudocode.sty
Package: algpseudocode 
 (/usr/share/texmf-dist/tex/latex/algorithmicx/algorithmicx.sty
Package: algorithmicx 2005/04/27 v1.2 Algorithmicx

Document Style algorithmicx 1.2 - a greatly improved `algorithmic' style
\c@ALG@line=\count324
\c@ALG@rem=\count325
\c@ALG@nested=\count326
\ALG@tlm=\skip104
\ALG@thistlm=\skip105
\c@ALG@Lnr=\count327
\c@ALG@blocknr=\count328
\c@ALG@storecount=\count329
\c@ALG@tmpcounter=\count330
\ALG@tmplength=\skip106
)
Document Style - pseudocode environments for use with the `algorithmicx' style
) (/usr/share/texmf-dist/tex/latex/xltabular/xltabular.sty
Package: xltabular 2025/02/28 v0.2i `xltabular' package (hv,RN)
 (/usr/share/texmf-dist/tex/latex/tools/tabularx.sty
Package: tabularx 2023/12/11 v2.12a `tabularx' package (DPC)
 (/usr/share/texmf-dist/tex/latex/tools/array.sty
Package: array 2025/09/25 v2.6n Tabular extension package (FMi)
\col@sep=\dimen257
\ar@mcellbox=\box59
\extrarowheight=\dimen258
\NC@list=\toks34
\extratabsurround=\skip107
\backup@length=\skip108
\ar@cellbox=\box60
)
\TX@col@width=\dimen259
\TX@old@table=\dimen260
\TX@old@col=\dimen261
\TX@target=\dimen262
\TX@delta=\dimen263
\TX@cols=\count331
\TX@ftn=\toks35
) (/usr/share/texmf-dist/tex/latex/ltablex/ltablex.sty
Package: ltablex 2014/08/13 v1.1 Modified tabularx
 (/usr/share/texmf-dist/tex/latex/tools/longtable.sty
Package: longtable 2025-10-13 v4.24 Multi-page Table package (DPC)
\LTleft=\skip109
\LTright=\skip110
\LTpre=\skip111
\LTpost=\skip112
\LTchunksize=\count332
\LTcapwidth=\dimen264
\LT@head=\box61
\LT@firsthead=\box62
\LT@foot=\box63
\LT@lastfoot=\box64
\LT@gbox=\box65
\LT@cols=\count333
\LT@rows=\count334
\c@LT@tables=\count335
\c@LT@chunks=\count336
\LT@p@ftn=\toks36
))) (/usr/share/texmf-dist/tex/latex/changepage/changepage.sty
Package: changepage 2009/10/20 v1.0c check page and change page layout
\c@cp@cntr=\count337
\cp@tempcnt=\count338
) (/usr/share/texmf-dist/tex/latex/amsfonts/amssymb.sty
Package: amssymb 2013/01/14 v3.01 AMS font symbols
) (/usr/share/texmf-dist/tex/latex/mathtools/mathtools.sty
Package: mathtools 2024/10/04 v1.31 mathematical typesetting tools
 (/usr/share/texmf-dist/tex/latex/tools/calc.sty
Package: calc 2025/03/01 v4.3b Infix arithmetic (KKT,FJ)
\calc@Acount=\count339
\calc@Bcount=\count340
\calc@Adimen=\dimen265
\calc@Bdimen=\dimen266
\calc@Askip=\skip113
\calc@Bskip=\skip114
LaTeX Info: Redefining \setlength on input line 86.
LaTeX Info: Redefining \addtolength on input line 87.
\calc@Ccount=\count341
\calc@Cskip=\skip115
) (/usr/share/texmf-dist/tex/latex/mathtools/mhsetup.sty
Package: mhsetup 2021/03/18 v1.4 programming setup (MH)
)
\g_MT_multlinerow_int=\count342
\l_MT_multwidth_dim=\dimen267
\origjot=\skip116
\l_MT_shortvdotswithinadjustabove_dim=\dimen268
\l_MT_shortvdotswithinadjustbelow_dim=\dimen269
\l_MT_above_intertext_sep=\dimen270
\l_MT_below_intertext_sep=\dimen271
\l_MT_above_shortintertext_sep=\dimen272
\l_MT_below_shortintertext_sep=\dimen273
\xmathstrut@box=\box66
\xmathstrut@dim=\dimen274
) (/usr/share/texmf-dist/tex/latex/makecell/makecell.sty
Package: makecell 2009/08/03 V0.1e Managing of Tab Column Heads and Cells
\rotheadsize=\dimen275
\c@nlinenum=\count343
\TeXr@lab=\toks37
) (/usr/share/texmf-dist/tex/latex/amscls/amsthm.sty
Package: amsthm 2020/05/29 v2.20.6
\thm@style=\toks38
\thm@bodyfont=\toks39
\thm@headfont=\toks40
\thm@notefont=\toks41
\thm@headpunct=\toks42
\thm@preskip=\skip117
\thm@postskip=\skip118
\thm@headsep=\skip119
\dth@everypar=\toks43
)
\c@assumption=\count344
\c@theorem=\count345
\c@lemma=\count346
\c@proposition=\count347
\c@corollary=\count348
\c@definition=\count349
Package hyperref Info: Option `colorlinks' set `true' on input line 61.
 (/usr/share/texmf-dist/tex/latex/apacite/apacite.sty
Package: apacite 2013/07/21 v6.03 APA citation
\c@BibCnt=\count350
\bibleftmargin=\skip120
\bibindent=\skip121
\bibparsep=\skip122
\bibitemsep=\skip123
\biblabelsep=\skip124
) (/usr/share/texmf-dist/tex/latex/natbib/natbib.sty
Package: natbib 2010/09/13 8.31b (PWD, AO)
\bibhang=\skip125
\bibsep=\skip126
LaTeX Info: Redefining \cite on input line 694.
\c@NAT@ctr=\count351
)
LaTeX Info: Redefining \BBA on input line 82.
 (/usr/share/texmf-dist/tex/latex/l3backend/l3backend-pdftex.def
File: l3backend-pdftex.def 2025-10-09 L3 backend support: PDF output (pdfTeX)
\l__color_backend_stack_int=\count352
) (./main.aux)
\openout1 = `main.aux'.

LaTeX Font Info:    Checking defaults for OML/cmm/m/it on input line 84.
LaTeX Font Info:    ... okay on input line 84.
LaTeX Font Info:    Checking defaults for OMS/cmsy/m/n on input line 84.
LaTeX Font Info:    ... okay on input line 84.
LaTeX Font Info:    Checking defaults for OT1/cmr/m/n on input line 84.
LaTeX Font Info:    ... okay on input line 84.
LaTeX Font Info:    Checking defaults for T1/cmr/m/n on input line 84.
LaTeX Font Info:    ... okay on input line 84.
LaTeX Font Info:    Checking defaults for TS1/cmr/m/n on input line 84.
LaTeX Font Info:    ... okay on input line 84.
LaTeX Font Info:    Checking defaults for OMX/cmex/m/n on input line 84.
LaTeX Font Info:    ... okay on input line 84.
LaTeX Font Info:    Checking defaults for U/cmr/m/n on input line 84.
LaTeX Font Info:    ... okay on input line 84.
LaTeX Font Info:    Checking defaults for PD1/pdf/m/n on input line 84.
LaTeX Font Info:    ... okay on input line 84.
LaTeX Font Info:    Checking defaults for PU/pdf/m/n on input line 84.
LaTeX Font Info:    ... okay on input line 84.
 (/usr/share/texmf-dist/tex/context/base/mkii/supp-pdf.mkii
[Loading MPS to PDF converter (version 2006.09.02).]
\scratchcounter=\count353
\scratchdimen=\dimen276
\scratchbox=\box67
\nofMPsegments=\count354
\nofMParguments=\count355
\everyMPshowfont=\toks44
\MPscratchCnt=\count356
\MPscratchDim=\dimen277
\MPnumerator=\count357
\makeMPintoPDFobject=\count358
\everyMPtoPDFconversion=\toks45
) (/usr/share/texmf-dist/tex/latex/epstopdf-pkg/epstopdf-base.sty
Package: epstopdf-base 2020-01-24 v2.11 Base part for package epstopdf
 (/usr/share/texmf-dist/tex/latex/grfext/grfext.sty
Package: grfext 2019/12/03 v1.3 Manage graphics extensions (HO)
)
Package epstopdf-base Info: Redefining graphics rule for `.eps' on input line 485.
Package grfext Info: Graphics extension search list:
(grfext)             [.pdf,.png,.jpg,.mps,.jpeg,.jbig2,.jb2,.PDF,.PNG,.JPG,.JPEG,.JBIG2,.JB2,.eps]
(grfext)             \AppendGraphicsExtensions on input line 504.
 (/usr/share/texmf-dist/tex/latex/latexconfig/epstopdf-sys.cfg
File: epstopdf-sys.cfg 2010/07/13 v1.3 Configuration of (r)epstopdf for TeX Live
))
LaTeX Info: Redefining \microtypecontext on input line 84.
Package microtype Info: Applying patch `item' on input line 84.
Package microtype Info: Applying patch `toc' on input line 84.
Package microtype Info: Applying patch `eqnum' on input line 84.
Package microtype Info: Applying patch `footnote' on input line 84.
Package microtype Info: Applying patch `verbatim' on input line 84.
LaTeX Info: Redefining \microtypesetup on input line 84.
Package microtype Info: Generating PDF output.
Package microtype Info: Character protrusion enabled (level 2).
Package microtype Info: Using default protrusion set `alltext'.
Package microtype Info: Automatic font expansion enabled (level 2),
(microtype)             stretch: 20, shrink: 20, step: 1, non-selected.
Package microtype Info: Using default expansion set `alltext-nott'.
Package microtype Info: Patching command `\showhyphens'.
Package microtype Info: No adjustment of tracking.
Package microtype Info: No adjustment of interword spacing.
Package microtype Info: No adjustment of character kerning.
 (/usr/share/texmf-dist/tex/latex/microtype/mt-ppl.cfg
File: mt-ppl.cfg 2005/11/16 v1.6 microtype config. file: Palatino (RS)
)
Package caption Info: Begin \AtBeginDocument code.
Package caption Info: changepage package is loaded.
\caption@adjustwidth@hsize=\dimen278
\caption@adjustwidth@linewidth=\dimen279
Package caption Info: float package is loaded.
Package caption Info: hyperref package is loaded.
Package caption Info: longtable package is loaded.
 (/usr/share/texmf-dist/tex/latex/caption/ltcaption.sty
Package: ltcaption 2021/01/08 v1.4c longtable captions (AR)
)
Package caption Info: End \AtBeginDocument code.
Package hyperref Info: Link coloring ON on input line 84.
 (./main.out) (./main.out)
\@outlinefile=\write3
\openout3 = `main.out'.


*geometry* driver: auto-detecting
*geometry* detected driver: pdftex
*geometry* verbose mode - [ preamble ] result:
* driver: pdftex
* paper: a4paper
* layout: <same size as paper>
* layoutoffset:(h,v)=(0.0pt,0.0pt)
* modes: 
* h-part:(L,W,R)=(119.50157pt, 358.50473pt, 119.50157pt)
* v-part:(T,H,B)=(119.50157pt, 606.0437pt, 119.50157pt)
* \paperwidth=597.50787pt
* \paperheight=845.04684pt
* \textwidth=358.50473pt
* \textheight=606.0437pt
* \oddsidemargin=47.23158pt
* \evensidemargin=47.23158pt
* \topmargin=9.86153pt
* \headheight=15.95pt
* \headsep=21.42006pt
* \topskip=11.0pt
* \footskip=49.98015pt
* \marginparwidth=76.65019pt
* \marginparsep=21.90005pt
* \columnsep=10.0pt
* \skip\footins=10.0pt plus 4.0pt minus 2.0pt
* \hoffset=0.0pt
* \voffset=0.0pt
* \mag=1000
* \@twocolumnfalse
* \@twosidefalse
* \@mparswitchfalse
* \@reversemarginfalse
* (1in=72.27pt=25.4mm, 1cm=28.453pt)

\c@maskedRefs=\count359
(/usr/share/texmf-dist/tex/latex/apacite/english.apc
File: english.apc 2013/07/21 v6.03 apacite language file
LaTeX Info: Redefining \BPBI on input line 129.
LaTeX Info: Redefining \BHBI on input line 130.
) (./frontmatter.tex
*geometry* verbose mode - [ newgeometry ] result:
* driver: pdftex
* paper: a4paper
* layout: <same size as paper>
* layoutoffset:(h,v)=(0.0pt,0.0pt)
* modes: 
* h-part:(L,W,R)=(85.35826pt, 426.79135pt, 85.35826pt)
* v-part:(T,H,B)=(85.35826pt, 674.33032pt, 85.35826pt)
* \paperwidth=597.50787pt
* \paperheight=845.04684pt
* \textwidth=426.79135pt
* \textheight=674.33032pt
* \oddsidemargin=13.08827pt
* \evensidemargin=13.08827pt
* \topmargin=-24.28178pt
* \headheight=15.95pt
* \headsep=21.42006pt
* \topskip=11.0pt
* \footskip=49.98015pt
* \marginparwidth=76.65019pt
* \marginparsep=21.90005pt
* \columnsep=10.0pt
* \skip\footins=10.0pt plus 4.0pt minus 2.0pt
* \hoffset=0.0pt
* \voffset=0.0pt
* \mag=1000
* \@twocolumnfalse
* \@twosidefalse
* \@mparswitchfalse
* \@reversemarginfalse
* (1in=72.27pt=25.4mm, 1cm=28.453pt)

Package epstopdf Info: Source file: <logo.eps>
(epstopdf)                    date: 2026-06-02 20:30:00
(epstopdf)                    size: 1093622 bytes
(epstopdf)             Output file: <logo-eps-converted-to.pdf>
(epstopdf)                    date: 2026-06-02 20:30:00
(epstopdf)                    size: 51204 bytes
(epstopdf)             Command: <repstopdf --outfile=logo-eps-converted-to.pdf logo.eps>
(epstopdf)             \includegraphics on input line 12.
Package epstopdf Info: Output file is already uptodate.
<logo-eps-converted-to.pdf, id=196, 339.2675pt x 86.3225pt>
File: logo-eps-converted-to.pdf Graphic file (type pdf)
<use logo-eps-converted-to.pdf>
Package pdftex.def Info: logo-eps-converted-to.pdf  used on input line 12.
(pdftex.def)             Requested size: 169.63333pt x 43.16113pt.
LaTeX Font Info:    Trying to load font information for OT1+pplx on input line 14.
 (/usr/share/texmf-dist/tex/latex/psnfss/ot1pplx.fd
File: ot1pplx.fd 2004/09/06 font definitions for OT1/pplx.
)
LaTeX Font Info:    Trying to load font information for OML+zplm on input line 14.
 (/usr/share/texmf-dist/tex/latex/psnfss/omlzplm.fd
File: omlzplm.fd 2002/09/08 Fontinst v1.914 font definitions for OML/zplm.
)
LaTeX Font Info:    Trying to load font information for OMS+zplm on input line 14.
 (/usr/share/texmf-dist/tex/latex/psnfss/omszplm.fd
File: omszplm.fd 2002/09/08 Fontinst v1.914 font definitions for OMS/zplm.
)
LaTeX Font Info:    Trying to load font information for OMX+zplm on input line 14.
 (/usr/share/texmf-dist/tex/latex/psnfss/omxzplm.fd
File: omxzplm.fd 2002/09/08 Fontinst v1.914 font definitions for OMX/zplm.
)
LaTeX Font Info:    Trying to load font information for OT1+zplm on input line 14.
 (/usr/share/texmf-dist/tex/latex/psnfss/ot1zplm.fd
File: ot1zplm.fd 2002/09/08 Fontinst v1.914 font definitions for OT1/zplm.
)
Package microtype Info: Loading generic protrusion settings for font family
(microtype)             `zplm' (encoding: OT1).
(microtype)             For optimal results, create family-specific settings.
(microtype)             See the microtype manual for details.
LaTeX Font Info:    Font shape `U/msa/m/n' will be
(Font)              scaled to size 21.61124pt on input line 14.
 (/usr/share/texmf-dist/tex/latex/microtype/mt-msa.cfg
File: mt-msa.cfg 2006/02/04 v1.1 microtype config. file: AMS symbols (a) (RS)
)
LaTeX Font Info:    Font shape `U/msa/m/n' will be
(Font)              scaled to size 15.0049pt on input line 14.
LaTeX Font Info:    Font shape `U/msa/m/n' will be
(Font)              scaled to size 12.50409pt on input line 14.
LaTeX Font Info:    Font shape `U/msb/m/n' will be
(Font)              scaled to size 21.61124pt on input line 14.
 (/usr/share/texmf-dist/tex/latex/microtype/mt-msb.cfg
File: mt-msb.cfg 2005/06/01 v1.0 microtype config. file: AMS symbols (b) (RS)
)
LaTeX Font Info:    Font shape `U/msb/m/n' will be
(Font)              scaled to size 15.0049pt on input line 14.
LaTeX Font Info:    Font shape `U/msb/m/n' will be
(Font)              scaled to size 12.50409pt on input line 14.
LaTeX Font Info:    Font shape `U/msa/m/n' will be
(Font)              scaled to size 10.42007pt on input line 15.
LaTeX Font Info:    Font shape `U/msa/m/n' will be
(Font)              scaled to size 8.33606pt on input line 15.
LaTeX Font Info:    Font shape `U/msb/m/n' will be
(Font)              scaled to size 10.42007pt on input line 15.
LaTeX Font Info:    Font shape `U/msb/m/n' will be
(Font)              scaled to size 8.33606pt on input line 15.
LaTeX Font Info:    Font shape `U/msa/m/n' will be
(Font)              scaled to size 11.40997pt on input line 16.
LaTeX Font Info:    Font shape `U/msa/m/n' will be
(Font)              scaled to size 6.25204pt on input line 16.
LaTeX Font Info:    Font shape `U/msb/m/n' will be
(Font)              scaled to size 11.40997pt on input line 16.
LaTeX Font Info:    Font shape `U/msb/m/n' will be
(Font)              scaled to size 6.25204pt on input line 16.
 [1


{/var/lib/texmf/fonts/map/pdftex/updmap/pdftex.map}{/usr/share/texmf-dist/fonts/enc/dvips/base/8r.enc} <./logo-eps-converted-to.pdf>]
Overfull \hbox (11.92833pt too wide) in paragraph at lines 59--63
[][] 
 []

LaTeX Font Info:    Font shape `U/msa/m/n' will be
(Font)              scaled to size 7.91925pt on input line 64.
LaTeX Font Info:    Font shape `U/msb/m/n' will be
(Font)              scaled to size 7.91925pt on input line 64.

pdfTeX warning (ext4): destination with the same identifier (name{page.}) has been already used, duplicate ignored
<to be read again> 
                   \relax 
l.64 \newpage
              \pagenumbering{arabic} [2

])
LaTeX Font Info:    Font shape `U/msa/m/n' will be
(Font)              scaled to size 18.00587pt on input line 85.
LaTeX Font Info:    Font shape `U/msb/m/n' will be
(Font)              scaled to size 18.00587pt on input line 85.
LaTeX Font Info:    Font shape `U/msa/m/n' will be
(Font)              scaled to size 9.37807pt on input line 85.
LaTeX Font Info:    Font shape `U/msa/m/n' will be
(Font)              scaled to size 7.29405pt on input line 85.
LaTeX Font Info:    Font shape `U/msb/m/n' will be
(Font)              scaled to size 9.37807pt on input line 85.
LaTeX Font Info:    Font shape `U/msb/m/n' will be
(Font)              scaled to size 7.29405pt on input line 85.
 (./sections/abstract.tex
LaTeX Font Info:    Trying to load font information for T1+fvm on input line 21.
 (/usr/share/texmf-dist/tex/latex/bera/t1fvm.fd
File: t1fvm.fd 2004/09/07 scalable font definitions for T1/fvm.
)
LaTeX Font Info:    Font shape `T1/fvm/m/n' will be
(Font)              scaled to size 8.50006pt on input line 21.
Package microtype Info: Loading generic protrusion settings for font family
(microtype)             `fvm' (encoding: T1).
(microtype)             For optimal results, create family-specific settings.
(microtype)             See the microtype manual for details.
 [1]) (./sections/ethics_statement.tex
Package microtype Info: Character `029' is missing
(microtype)             in font `T1/pplj/m/sc/10.95'.
(microtype)             Ignoring protrusion settings for this character.
LaTeX Font Info:    Font shape `T1/fvm/m/n' will be
(Font)              scaled to size 9.30756pt on input line 4.
) (./sections/introduction.tex
Package microtype Info: Character `029' is missing
(microtype)             in font `T1/pplj/m/sc/10'.
(microtype)             Ignoring protrusion settings for this character.
 [2] [3]) [4] (./sections/related_work.tex [5] [6] [7]) (./sections/methods.tex [8] [9] [10]

Package natbib Warning: Citation `kingma_adam_2014' on page 11 undefined on input line 112.

LaTeX Font Info:    Trying to load font information for U+fplmbb on input line 140.
(/usr/share/texmf-dist/tex/latex/psnfss/ufplmbb.fd
File: ufplmbb.fd 2003/10/30 Fontinst v1.914 font definitions for U/fplmbb.
) [11] [12]
Overfull \hbox (4.47778pt too wide) in paragraph at lines 269--280
\T1/pplj/m/n/10.95 (-20) get net-work in all hy-per-net-work con-fig-u-ra-tions: \T1/fvm/m/n/10.95 PyTorch\T1/pplj/m/n/10.95 (-20) 's \T1/fvm/m/n/10.95 functional_call
 []

[13] [14]) (./sections/experiment_design.tex [15] [16]
Overfull \hbox (14.18117pt too wide) in paragraph at lines 121--128
[]\T1/pplj/m/n/10.95 (-20) Incoming
 []


Overfull \hbox (12.36153pt too wide) in paragraph at lines 129--133
[]\T1/pplj/m/n/10.95 (-20) Each in-com-
 []


Overfull \hbox (7.64449pt too wide) in paragraph at lines 134--138
[]\T1/pplj/m/n/10.95 (-20) Gradient batches
 []

[17] [18]) (./sections/results.tex [19]
<figures/hypernetwork-cifar10_8.png, id=488, 709.33005pt x 319.4334pt>
File: figures/hypernetwork-cifar10_8.png Graphic file (type png)
<use figures/hypernetwork-cifar10_8.png>
Package pdftex.def Info: figures/hypernetwork-cifar10_8.png  used on input line 51.
(pdftex.def)             Requested size: 358.50473pt x 161.44662pt.
<figures/hypernetwork-suffocated_7.pdf, id=494, 710.11986pt x 319.3345pt>
File: figures/hypernetwork-suffocated_7.pdf Graphic file (type pdf)
<use figures/hypernetwork-suffocated_7.pdf>
Package pdftex.def Info: figures/hypernetwork-suffocated_7.pdf  used on input line 107.
(pdftex.def)             Requested size: 358.50473pt x 161.22122pt.
LaTeX Font Info:    Font shape `T1/fvm/b/n' will be
(Font)              scaled to size 8.50006pt on input line 123.
 [20 <./figures/hypernetwork-cifar10_8.png>] [21 <./figures/hypernetwork-suffocated_7.pdf>]
<figures/normalization-conditioning_8-9.pdf, id=623, 780.58244pt x 379.03297pt>
File: figures/normalization-conditioning_8-9.pdf Graphic file (type pdf)
<use figures/normalization-conditioning_8-9.pdf>
Package pdftex.def Info: figures/normalization-conditioning_8-9.pdf  used on input line 163.
(pdftex.def)             Requested size: 358.50473pt x 174.08545pt.
 [22 <./figures/normalization-conditioning_8-9.pdf>]
<figures/normalization-ablation_8-9-10.png, id=741, 637.06004pt x 318.7107pt>
File: figures/normalization-ablation_8-9-10.png Graphic file (type png)
<use figures/normalization-ablation_8-9-10.png>
Package pdftex.def Info: figures/normalization-ablation_8-9-10.png  used on input line 201.
(pdftex.def)             Requested size: 268.87854pt x 134.51895pt.
<figures/projection-comparison_1-2-3-4-6-7-8.png, id=744, 756.426pt x 389.2944pt>
File: figures/projection-comparison_1-2-3-4-6-7-8.png Graphic file (type png)
<use figures/projection-comparison_1-2-3-4-6-7-8.png>
Package pdftex.def Info: figures/projection-comparison_1-2-3-4-6-7-8.png  used on input line 240.
(pdftex.def)             Requested size: 358.50473pt x 184.50688pt.
 [23 <./figures/normalization-ablation_8-9-10.png>]

LaTeX Warning: Reference `sec:eval_protocols' on page 24 undefined on input line 261.

[24 <./figures/projection-comparison_1-2-3-4-6-7-8.png>]
<figures/ema-vs-max-trajectory_14-15.png, id=764, 1001.4213pt x 381.3447pt>
File: figures/ema-vs-max-trajectory_14-15.png Graphic file (type png)
<use figures/ema-vs-max-trajectory_14-15.png>
Package pdftex.def Info: figures/ema-vs-max-trajectory_14-15.png  used on input line 299.
(pdftex.def)             Requested size: 358.50473pt x 136.51588pt.
) (./sections/discussion.tex [25 <./figures/ema-vs-max-trajectory_14-15.png>] [26] [27] [28] [29]) (./sections/conclusions.tex [30] [31])

Package natbib Warning: Citation `oswald_continual_2020' on page 32 undefined on input line 113.

[32] (./main.bbl
Underfull \hbox (badness 1303) in paragraph at lines 198--215
[]\T1/pplj/m/n/10.95 (+20) Garg, I., Kolhe, N., Peng, A., & Gopalam, R.  (2026).  \T1/pplj/m/it/10.95 (+20) Fisher-
 []

[33]) [34] (./appendix/proof_ifopng.tex [35

]
Overfull \hbox (5.73094pt too wide) in paragraph at lines 83--86
[][]\T1/pplj/b/n/10.95 (-20) Assumption 3 \T1/pplj/m/n/10.95 (-20) (Non-de-gen-er-ate resid-ual)\T1/pplj/b/n/10.95 (-20) . []$\OML/zplm/m/it/10.95 Pg \OMS/zplm/m/n/10.95 6\OT1/zplm/m/n/10.95 = \OT1/pplx/m/n/10.95 0$\T1/pplj/m/it/10.95 (-20) , where $\OML/zplm/m/it/10.95 P [][]\OT1/zplm/m/n/10.95 = \OML/zplm/m/it/10.95 I \OMS/zplm/m/n/10.95 ^^@ \OML/zplm/m/it/10.95 BA[]B[] \OT1/zplm/m/n/10.95 =
 []

[36]
Overfull \hbox (67.86108pt too wide) detected at line 239
[][][]\OML/zplm/m/it/10.95 u[] \OT1/zplm/m/n/10.95 = \OML/zplm/m/it/10.95 B [] \OT1/zplm/m/n/10.95 = \OML/zplm/m/it/10.95 F[] G A[] G[]F[] g\OT1/pplx/m/n/10.95 ,  [] \OML/zplm/m/it/10.95 g \OMS/zplm/m/n/10.95 ^^@ \OML/zplm/m/it/10.95 u[] \OT1/zplm/m/n/10.95 = []\OML/zplm/m/it/10.95 I \OMS/zplm/m/n/10.95 ^^@ \OML/zplm/m/it/10.95 F[] G A[] G[]F[][] g \OT1/zplm/m/n/10.95 = \OML/zplm/m/it/10.95 Pg\OT1/pplx/m/n/10.95 .
 []

[37]
Overfull \hbox (16.84482pt too wide) detected at line 250
[][][]\OMS/zplm/m/n/10.95 k\OML/zplm/m/it/10.95 v\OMS/zplm/m/n/10.95 k[] \OT1/zplm/m/n/10.95 = \OML/zplm/m/it/10.95 c[] []F[]Pg[][]F[][]F[]Pg[] \OT1/zplm/m/n/10.95 = \OML/zplm/m/it/10.95 c[] \OT1/zplm/m/n/10.95 (\OML/zplm/m/it/10.95 Pg\OT1/zplm/m/n/10.95 )[]\OML/zplm/m/it/10.95 F[]F[] F[]\OT1/zplm/m/n/10.95 (\OML/zplm/m/it/10.95 Pg\OT1/zplm/m/n/10.95 ) = \OML/zplm/m/it/10.95 c[] \OT1/zplm/m/n/10.95 (\OML/zplm/m/it/10.95 Pg\OT1/zplm/m/n/10.95 )[]\OML/zplm/m/it/10.95 F[]\OT1/zplm/m/n/10.95 (\OML/zplm/m/it/10.95 Pg\OT1/zplm/m/n/10.95 )\OT1/pplx/m/n/10.95 .
 []


Overfull \hbox (33.08209pt too wide) detected at line 282
[][][]\OML/zplm/m/it/10.95 G[]F[] r[] \OT1/zplm/m/n/10.95 = \OT1/pplx/m/n/10.95 0;  [] \OMS/zplm/m/n/10.95 h\OML/zplm/m/it/10.95 g[]\OT1/pplx/m/n/10.95 ,  \OML/zplm/m/it/10.95 r[]\OMS/zplm/m/n/10.95 i[] \OT1/zplm/m/n/10.95 = \OT1/pplx/m/n/10.95 0 []\OML/zplm/m/it/10.95 g[][]G\OT1/pplx/m/n/10.95 .
 []


Overfull \hbox (36.26494pt too wide) detected at line 298
[][][]\OML/zplm/m/it/10.95 G[]F[] r[] \OT1/zplm/m/n/10.95 = \OML/zplm/m/it/10.95 G[]F[] g \OMS/zplm/m/n/10.95 ^^@ []  \OML/zplm/m/it/10.95 A[] G[]F[] g \OT1/zplm/m/n/10.95 = \OML/zplm/m/it/10.95 G[]F[] g \OMS/zplm/m/n/10.95 ^^@ \OML/zplm/m/it/10.95 G[]F[] g \OT1/zplm/m/n/10.95 = \OT1/pplx/m/n/10.95 0.
 []

[38] [39] [40]
Package hyperref Info: bookmark level for unknown algorithm defaults to 0 on input line 473.
) (./appendix/standalone_targetnetwork.tex
<figures/standalone-mnist_1-2.png, id=966, 709.33005pt x 511.6716pt>
File: figures/standalone-mnist_1-2.png Graphic file (type png)
<use figures/standalone-mnist_1-2.png>
Package pdftex.def Info: figures/standalone-mnist_1-2.png  used on input line 24.
(pdftex.def)             Requested size: 358.50473pt x 258.60681pt.
 [41]
Overfull \vbox (79.07703pt too high) has occurred while \output is active []

 [42 <./figures/standalone-mnist_1-2.png>]
<figures/standalone-cifar10_4.png, id=977, 709.33005pt x 319.4334pt>
File: figures/standalone-cifar10_4.png Graphic file (type png)
<use figures/standalone-cifar10_4.png>
Package pdftex.def Info: figures/standalone-cifar10_4.png  used on input line 55.
(pdftex.def)             Requested size: 358.50473pt x 161.44662pt.
<figures/standalone-cifar100_6.pdf, id=978, 710.11986pt x 319.3345pt>
File: figures/standalone-cifar100_6.pdf Graphic file (type pdf)
<use figures/standalone-cifar100_6.pdf>
Package pdftex.def Info: figures/standalone-cifar100_6.pdf  used on input line 79.
(pdftex.def)             Requested size: 358.50473pt x 161.22122pt.
<figures/standalone-sh-mnist_3.pdf, id=979, 742.2129pt x 354.80957pt>
File: figures/standalone-sh-mnist_3.pdf Graphic file (type pdf)
<use figures/standalone-sh-mnist_3.pdf>
Package pdftex.def Info: figures/standalone-sh-mnist_3.pdf  used on input line 105.
(pdftex.def)             Requested size: 358.50473pt x 171.38403pt.
) [43 <./figures/standalone-cifar10_4.png> <./figures/standalone-cifar100_6.pdf>] (./appendix/hn_ablation.tex
<figures/dh-sweep_7-12-13.png, id=1082, 637.06004pt x 318.7107pt>
File: figures/dh-sweep_7-12-13.png Graphic file (type png)
<use figures/dh-sweep_7-12-13.png>
Package pdftex.def Info: figures/dh-sweep_7-12-13.png  used on input line 21.
(pdftex.def)             Requested size: 358.50473pt x 179.35698pt.
 [44 <./figures/standalone-sh-mnist_3.pdf>]
<figures/beta-chunk-sweep_16-17-18.png, id=1104, 997.326pt x 314.8563pt>
File: figures/beta-chunk-sweep_16-17-18.png Graphic file (type png)
<use figures/beta-chunk-sweep_16-17-18.png>
Package pdftex.def Info: figures/beta-chunk-sweep_16-17-18.png  used on input line 63.
(pdftex.def)             Requested size: 358.50473pt x 113.18002pt.
 [45 <./figures/dh-sweep_7-12-13.png>]) (./appendix/additional_experiments.tex
<figures/hypernetwork-heatmaps_8-fig3_heatmaps.pdf, id=1115, 1079.92044pt x 270.09308pt>
File: figures/hypernetwork-heatmaps_8-fig3_heatmaps.pdf Graphic file (type pdf)
<use figures/hypernetwork-heatmaps_8-fig3_heatmaps.pdf>
Package pdftex.def Info: figures/hypernetwork-heatmaps_8-fig3_heatmaps.pdf  used on input line 24.
(pdftex.def)             Requested size: 358.50473pt x 89.66263pt.
 [46 <./figures/beta-chunk-sweep_16-17-18.png>]
<figures/hypernetwork-cifar100_11.png, id=1122, 709.33005pt x 319.4334pt>
File: figures/hypernetwork-cifar100_11.png Graphic file (type png)
<use figures/hypernetwork-cifar100_11.png>
Package pdftex.def Info: figures/hypernetwork-cifar100_11.png  used on input line 59.
(pdftex.def)             Requested size: 358.50473pt x 161.44662pt.
 [47 <./figures/hypernetwork-heatmaps_8-fig3_heatmaps.pdf>]
<figures/sgd_split_mnist_lr_threshold.pdf, id=1194, 450.58965pt x 439.33888pt>
File: figures/sgd_split_mnist_lr_threshold.pdf Graphic file (type pdf)
<use figures/sgd_split_mnist_lr_threshold.pdf>
Package pdftex.def Info: figures/sgd_split_mnist_lr_threshold.pdf  used on input line 86.
(pdftex.def)             Requested size: 258.12384pt x 251.69276pt.
 [48 <./figures/hypernetwork-cifar100_11.png>]
<figures/ogd-lr-sweep-simple_11.png, id=1200, 519.8622pt x 231.0231pt>
File: figures/ogd-lr-sweep-simple_11.png Graphic file (type png)
<use figures/ogd-lr-sweep-simple_11.png>
Package pdftex.def Info: figures/ogd-lr-sweep-simple_11.png  used on input line 114.
(pdftex.def)             Requested size: 286.80487pt x 127.4579pt.
 [49 <./figures/sgd_split_mnist_lr_threshold.pdf>]
<figures/ema-vs-max-stat_14-15.pdf, id=1273, 710.07349pt x 319.4442pt>
File: figures/ema-vs-max-stat_14-15.pdf Graphic file (type pdf)
<use figures/ema-vs-max-stat_14-15.pdf>
Package pdftex.def Info: figures/ema-vs-max-stat_14-15.pdf  used on input line 140.
(pdftex.def)             Requested size: 358.50473pt x 161.28148pt.
 [50 <./figures/ogd-lr-sweep-simple_11.png>]
<figures/compression-ablation_421-422-423.png, id=1280, 778.3479pt x 361.5909pt>
File: figures/compression-ablation_421-422-423.png Graphic file (type png)
<use figures/compression-ablation_421-422-423.png>
Package pdftex.def Info: figures/compression-ablation_421-422-423.png  used on input line 169.
(pdftex.def)             Requested size: 358.50473pt x 166.54349pt.
) [51 <./figures/ema-vs-max-stat_14-15.pdf>] (./appendix/full_benchmark.tex) [52 <./figures/compression-ablation_421-422-423.png>] (./appendix/hyper_parameters.tex
Underfull \hbox (badness 2884) in paragraph at lines 30--30
[]\T1/pplj/m/n/10 (+20) Table 2: |\T1/pplj/b/n/10 (+20) Stan-dalone train-ing hy-per-pa-ram-e-ters. \T1/pplj/m/n/10 (+20) All rows: \T1/fvm/m/n/10 model =
 []

[53]
LaTeX Font Info:    Trying to load font information for TS1+pplj on input line 141.
 (/usr/share/texmf-dist/tex/latex/psnfss/ts1pplj.fd
File: ts1pplj.fd 2004/09/06 font definitions for TS1/pplj.
) [54]
Underfull \hbox (badness 1286) in paragraph at lines 180--180
[]\T1/pplj/m/n/10 (+20) Table 7: |\T1/pplj/b/n/10 (+20) Com-pres-sion ab-la-tion pa-ram-e-ters \T1/pplj/m/n/10 (+20) ($\OML/zplm/m/it/10 n \OT1/zplm/m/n/10 = \OT1/pplx/m/n/10 5$ \T1/pplj/m/n/10 (+20) seeds each, seeds
 []


Overfull \hbox (15.80386pt too wide) in paragraph at lines 198--206
\T1/pplj/m/n/10.95 (-20) The SGD thresh-old di-ag-nos-tic (Fig-ure [][]15[][]) sweeps $\OML/zplm/m/it/10.95 ^^Q \OMS/zplm/m/n/10.95 2 f\OT1/pplx/m/n/10.95 10[],  5  \OMS/zplm/m/n/10.95 ^^B  \OT1/pplx/m/n/10.95 10[],  10[],  2  \OMS/zplm/m/n/10.95 ^^B
 []


LaTeX Font Warning: Font shape `T1/fvm/m/sc' undefined
(Font)              using `T1/fvm/m/n' instead on input line 211.


Overfull \hbox (25.60689pt too wide) in paragraph at lines 212--217
[] []\T1/pplj/m/sc/10.95/80ls (-20) exp 407 \T1/fvm/m/n/10.95/80ls first_task_opt = none\T1/pplj/m/sc/10.95/80ls (-20) .[] \T1/pplj/m/n/10.95 (-20) The run con-fig records \T1/fvm/m/n/10.95 first_task_opt
 []

[55]) [56]

Package natbib Warning: There were undefined citations.

(./main.aux)
 ***********
LaTeX2e <2025-11-01>
L3 programming layer <2026-01-19>
 ***********


LaTeX Font Warning: Some font shapes were not available, defaults substituted.


LaTeX Warning: There were undefined references.

Package rerunfilecheck Info: File `main.out' has not changed.
(rerunfilecheck)             Checksum: 510DE2953968E21E9B5C7426B75EB52F;11377.
 ) 
Here is how much of TeX's memory you used:
 22901 strings out of 469515
 390671 string characters out of 5470808
 905309 words of memory out of 5000000
 49780 multiletter control sequences out of 15000+600000
 836369 words of font info for 1020 fonts, out of 8000000 for 9000
 14 hyphenation exceptions out of 8191
 123i,23n,121p,2171b,692s stack positions out of 10000i,1000n,20000p,200000b,200000s
</usr/share/texmf-dist/fonts/type1/public/amsfonts/cm/cmex10.pfb></usr/share/texmf-dist/fonts/type1/public/amsfonts/cm/cmmi10.pfb></usr/share/texmf-dist/fonts/type1/public/amsfonts/cm/cmr10.pfb></usr/share/texmf-dist/fonts/type1/public/amsfonts/cm/cmr12.pfb></usr/share/texmf-dist/fonts/type1/public/amsfonts/cm/cmr9.pfb></usr/share/texmf-dist/fonts/type1/public/amsfonts/cm/cmsy10.pfb></usr/share/texmf-dist/fonts/type1/public/fpl/fplbij8a.pfb></usr/share/texmf-dist/fonts/type1/public/fpl/fplbj8a.pfb></usr/share/texmf-dist/fonts/type1/public/mathpazo/fplmbb.pfb></usr/share/texmf-dist/fonts/type1/public/mathpazo/fplmr.pfb></usr/share/texmf-dist/fonts/type1/public/mathpazo/fplmri.pfb></usr/share/texmf-dist/fonts/type1/public/fpl/fplrc8a.pfb></usr/share/texmf-dist/fonts/type1/public/fpl/fplrij8a.pfb></usr/share/texmf-dist/fonts/type1/public/bera/fvmb8a.pfb></usr/share/texmf-dist/fonts/type1/public/bera/fvmr8a.pfb></usr/share/texmf-dist/fonts/type1/public/amsfonts/symbols/msam10.pfb></usr/share/texmf-dist/fonts/type1/urw/palatino/uplb8a.pfb></usr/share/texmf-dist/fonts/type1/urw/palatino/uplbi8a.pfb></usr/share/texmf-dist/fonts/type1/urw/palatino/uplr8a.pfb></usr/share/texmf-dist/fonts/type1/urw/palatino/uplri8a.pfb>
Output written on main.pdf (58 pages, 2491315 bytes).
PDF statistics:
 1569 PDF objects out of 1728 (max. 8388607)
 940 compressed objects within 10 object streams
 228 named destinations out of 1000 (max. 500000)
 204256 words of extra memory for PDF output out of 221844 (max. 10000000)

