\BOOKMARK [1][-]{section.1}{\376\377\000D\000a\000t\000a\000\040\000S\000o\000u\000r\000c\000e\000,\000\040\000E\000t\000h\000i\000c\000s\000,\000\040\000C\000o\000d\000e\000,\000\040\000a\000n\000d\000\040\000T\000e\000c\000h\000n\000o\000l\000o\000g\000y\000\040\000S\000t\000a\000t\000e\000m\000e\000n\000t}{}% 1
\BOOKMARK [1][-]{section.2}{\376\377\000I\000n\000t\000r\000o\000d\000u\000c\000t\000i\000o\000n}{}% 2
\BOOKMARK [1][-]{section.3}{\376\377\000R\000e\000l\000a\000t\000e\000d\000\040\000W\000o\000r\000k}{}% 3
\BOOKMARK [2][-]{subsection.3.1}{\376\377\000C\000o\000n\000t\000i\000n\000u\000a\000l\000\040\000L\000e\000a\000r\000n\000i\000n\000g\000:\000\040\000T\000a\000x\000o\000n\000o\000m\000y\000\040\000a\000n\000d\000\040\000t\000h\000e\000\040\000S\000t\000a\000b\000i\000l\000i\000t\000y\000-\000P\000l\000a\000s\000t\000i\000c\000i\000t\000y\000\040\000D\000i\000l\000e\000m\000m\000a}{section.3}% 4
\BOOKMARK [2][-]{subsection.3.2}{\376\377\000E\000v\000a\000l\000u\000a\000t\000i\000o\000n\000\040\000P\000r\000o\000t\000o\000c\000o\000l\000s\000:\000\040\000M\000u\000l\000t\000i\000-\000H\000e\000a\000d\000\040\000a\000n\000d\000\040\000S\000i\000n\000g\000l\000e\000-\000H\000e\000a\000d\000\040\000D\000e\000s\000i\000g\000n\000s}{section.3}% 5
\BOOKMARK [2][-]{subsection.3.3}{\376\377\000R\000e\000g\000u\000l\000a\000r\000i\000z\000a\000t\000i\000o\000n\000-\000B\000a\000s\000e\000d\000\040\000A\000p\000p\000r\000o\000a\000c\000h\000e\000s}{section.3}% 6
\BOOKMARK [2][-]{subsection.3.4}{\376\377\000G\000r\000a\000d\000i\000e\000n\000t\000\040\000P\000r\000o\000j\000e\000c\000t\000i\000o\000n\000\040\000M\000e\000t\000h\000o\000d\000s}{section.3}% 7
\BOOKMARK [2][-]{subsection.3.5}{\376\377\000H\000y\000p\000e\000r\000n\000e\000t\000w\000o\000r\000k\000s\000\040\000f\000o\000r\000\040\000C\000o\000n\000t\000i\000n\000u\000a\000l\000\040\000L\000e\000a\000r\000n\000i\000n\000g}{section.3}% 8
\BOOKMARK [2][-]{subsection.3.6}{\376\377\000I\000d\000e\000n\000t\000i\000f\000i\000e\000d\000\040\000G\000a\000p\000s\000\040\000a\000n\000d\000\040\000M\000o\000t\000i\000v\000a\000t\000i\000n\000g\000\040\000P\000a\000t\000h\000o\000l\000o\000g\000i\000e\000s}{section.3}% 9
\BOOKMARK [1][-]{section.4}{\376\377\000M\000e\000t\000h\000o\000d\000o\000l\000o\000g\000y}{}% 10
\BOOKMARK [2][-]{subsection.4.1}{\376\377\000C\000o\000n\000t\000i\000n\000u\000a\000l\000\040\000L\000e\000a\000r\000n\000i\000n\000g\000\040\000P\000r\000o\000t\000o\000c\000o\000l}{section.4}% 11
\BOOKMARK [3][-]{subsubsection.4.1.1}{\376\377\000T\000a\000s\000k\000\040\000S\000e\000t\000u\000p\000\040\000a\000n\000d\000\040\000E\000v\000a\000l\000u\000a\000t\000i\000o\000n\000\040\000M\000e\000t\000r\000i\000c\000s}{subsection.4.1}% 12
\BOOKMARK [3][-]{subsubsection.4.1.2}{\376\377\000M\000u\000l\000t\000i\000-\000H\000e\000a\000d\000\040\000a\000n\000d\000\040\000S\000i\000n\000g\000l\000e\000-\000H\000e\000a\000d\000\040\000E\000v\000a\000l\000u\000a\000t\000i\000o\000n}{subsection.4.1}% 13
\BOOKMARK [2][-]{subsection.4.2}{\376\377\000B\000a\000s\000e\000l\000i\000n\000e\000\040\000a\000n\000d\000\040\000R\000e\000g\000u\000l\000a\000r\000i\000z\000a\000t\000i\000o\000n\000\040\000M\000e\000t\000h\000o\000d\000s}{section.4}% 14
\BOOKMARK [3][-]{subsubsection.4.2.1}{\376\377\000F\000i\000s\000h\000e\000r\000\040\000I\000n\000f\000o\000r\000m\000a\000t\000i\000o\000n\000\040\000M\000a\000t\000r\000i\000x}{subsection.4.2}% 15
\BOOKMARK [3][-]{subsubsection.4.2.2}{\376\377\000N\000a\000t\000u\000r\000a\000l\000\040\000G\000r\000a\000d\000i\000e\000n\000t\000\040\000D\000e\000s\000c\000e\000n\000t}{subsection.4.2}% 16
\BOOKMARK [3][-]{subsubsection.4.2.3}{\376\377\000E\000l\000a\000s\000t\000i\000c\000\040\000W\000e\000i\000g\000h\000t\000\040\000C\000o\000n\000s\000o\000l\000i\000d\000a\000t\000i\000o\000n}{subsection.4.2}% 17
\BOOKMARK [2][-]{subsection.4.3}{\376\377\000G\000r\000a\000d\000i\000e\000n\000t\000\040\000P\000r\000o\000j\000e\000c\000t\000i\000o\000n\000\040\000M\000e\000t\000h\000o\000d\000s}{section.4}% 18
\BOOKMARK [3][-]{subsubsection.4.3.1}{\376\377\000O\000r\000t\000h\000o\000g\000o\000n\000a\000l\000\040\000G\000r\000a\000d\000i\000e\000n\000t\000\040\000D\000e\000s\000c\000e\000n\000t}{subsection.4.3}% 19
\BOOKMARK [3][-]{subsubsection.4.3.2}{\376\377\000O\000r\000t\000h\000o\000g\000o\000n\000a\000l\000\040\000N\000a\000t\000u\000r\000a\000l\000\040\000G\000r\000a\000d\000i\000e\000n\000t\000\040\000a\000n\000d\000\040\000F\000i\000s\000h\000e\000r\000\040\000N\000a\000t\000u\000r\000a\000l\000\040\000G\000r\000a\000d\000i\000e\000n\000t}{subsection.4.3}% 20
\BOOKMARK [3][-]{subsubsection.4.3.3}{\376\377\000F\000i\000s\000h\000e\000r\000-\000O\000r\000t\000h\000o\000g\000o\000n\000a\000l\000\040\000P\000r\000o\000j\000e\000c\000t\000e\000d\000\040\000N\000a\000t\000u\000r\000a\000l\000\040\000G\000r\000a\000d\000i\000e\000n\000t\000\040\000D\000e\000s\000c\000e\000n\000t}{subsection.4.3}% 21
\BOOKMARK [3][-]{subsubsection.4.3.4}{\376\377\000I\000n\000e\000r\000t\000i\000a\000\040\000F\000O\000P\000N\000G\000\040\000\050\000i\000F\000O\000P\000N\000G\000\051}{subsection.4.3}% 22
\BOOKMARK [2][-]{subsection.4.4}{\376\377\000H\000y\000p\000e\000r\000n\000e\000t\000w\000o\000r\000k\000\040\000A\000r\000c\000h\000i\000t\000e\000c\000t\000u\000r\000e}{section.4}% 23
\BOOKMARK [3][-]{subsubsection.4.4.1}{\376\377\000C\000h\000u\000n\000k\000e\000d\000\040\000H\000y\000p\000e\000r\000n\000e\000t\000w\000o\000r\000k\000s}{subsection.4.4}% 24
\BOOKMARK [3][-]{subsubsection.4.4.2}{\376\377\000F\000u\000n\000c\000t\000i\000o\000n\000a\000l\000\040\000R\000e\000g\000u\000l\000a\000r\000i\000z\000e\000r}{subsection.4.4}% 25
\BOOKMARK [3][-]{subsubsection.4.4.3}{\376\377\000T\000a\000r\000g\000e\000t\000\040\000N\000e\000t\000w\000o\000r\000k\000\040\000a\000n\000d\000\040\000D\000r\000o\000p\000o\000u\000t}{subsection.4.4}% 26
\BOOKMARK [2][-]{subsection.4.5}{\376\377\000N\000o\000v\000e\000l\000\040\000A\000l\000g\000o\000r\000i\000t\000h\000m\000i\000c\000\040\000C\000o\000n\000t\000r\000i\000b\000u\000t\000i\000o\000n\000s}{section.4}% 27
\BOOKMARK [3][-]{subsubsection.4.5.1}{\376\377\000P\000r\000o\000j\000e\000c\000t\000i\000o\000n\000-\000S\000c\000o\000p\000e\000d\000\040\000N\000o\000r\000m\000a\000l\000i\000z\000a\000t\000i\000o\000n}{subsection.4.5}% 28
\BOOKMARK [2][-]{subsection.4.6}{\376\377\000E\000x\000p\000e\000r\000i\000m\000e\000n\000t\000a\000l\000\040\000D\000e\000s\000i\000g\000n}{section.4}% 29
\BOOKMARK [3][-]{subsubsection.4.6.1}{\376\377\000H\000y\000p\000e\000r\000p\000a\000r\000a\000m\000e\000t\000e\000r\000\040\000P\000r\000o\000v\000e\000n\000a\000n\000c\000e}{subsection.4.6}% 30
\BOOKMARK [3][-]{subsubsection.4.6.2}{\376\377\000S\000u\000b\000-\000R\000Q\0001\000\040\040\024\000\040\000C\000o\000n\000s\000t\000r\000u\000c\000t\000i\000v\000e\000\040\000S\000y\000n\000e\000r\000g\000y\000\040\000o\000r\000\040\000A\000r\000c\000h\000i\000t\000e\000c\000t\000u\000r\000a\000l\000\040\000C\000o\000n\000f\000l\000i\000c\000t}{subsection.4.6}% 31
\BOOKMARK [3][-]{subsubsection.4.6.3}{\376\377\000S\000u\000b\000-\000R\000Q\0002\000\040\040\024\000\040\000P\000r\000o\000j\000e\000c\000t\000i\000o\000n\000-\000S\000c\000o\000p\000e\000d\000\040\000N\000o\000r\000m\000a\000l\000i\000z\000a\000t\000i\000o\000n}{subsection.4.6}% 32
\BOOKMARK [3][-]{subsubsection.4.6.4}{\376\377\000S\000u\000b\000-\000R\000Q\0003\000\040\040\024\000\040\000D\000o\000e\000s\000\040\000i\000F\000O\000P\000N\000G\000'\000s\000\040\000E\000l\000a\000s\000t\000i\000c\000\040\000P\000r\000e\000c\000o\000n\000d\000i\000t\000i\000o\000n\000e\000r\000\040\000H\000e\000l\000p}{subsection.4.6}% 33
\BOOKMARK [3][-]{subsubsection.4.6.5}{\376\377\000S\000u\000b\000-\000R\000Q\0004\000\040\040\024\000\040\000F\000i\000s\000h\000e\000r\000\040\000A\000c\000c\000u\000m\000u\000l\000a\000t\000i\000o\000n\000\040\000O\000p\000e\000r\000a\000t\000o\000r}{subsection.4.6}% 34
\BOOKMARK [1][-]{section.5}{\376\377\000R\000e\000s\000u\000l\000t\000s}{}% 35
\BOOKMARK [2][-]{subsection.5.1}{\376\377\000S\000u\000b\000-\000R\000Q\0001\000:\000\040\000C\000o\000n\000s\000t\000r\000u\000c\000t\000i\000v\000e\000\040\000S\000y\000n\000e\000r\000g\000y\000\040\000o\000r\000\040\000A\000r\000c\000h\000i\000t\000e\000c\000t\000u\000r\000a\000l\000\040\000C\000o\000n\000f\000l\000i\000c\000t\000?}{section.5}% 36
\BOOKMARK [2][-]{subsection.5.2}{\376\377\000S\000u\000b\000-\000R\000Q\0002\000:\000\040\000N\000o\000r\000m\000a\000l\000i\000z\000a\000t\000i\000o\000n\000\040\000R\000e\000s\000o\000l\000v\000e\000s\000\040\000t\000h\000e\000\040\000G\000r\000a\000d\000i\000e\000n\000t\000\040\000P\000a\000t\000h\000o\000l\000o\000g\000y}{section.5}% 37
\BOOKMARK [2][-]{subsection.5.3}{\376\377\000S\000u\000b\000-\000R\000Q\0003\000:\000\040\000P\000a\000r\000a\000m\000e\000t\000e\000r\000\040\000I\000n\000e\000r\000t\000i\000a\000\040\000v\000i\000a\000\040\000t\000h\000e\000\040\000C\000o\000m\000b\000i\000n\000e\000d\000\040\000F\000i\000s\000h\000e\000r\000\040\000M\000e\000t\000r\000i\000c}{section.5}% 38
\BOOKMARK [2][-]{subsection.5.4}{\376\377\000S\000u\000b\000-\000R\000Q\0004\000:\000\040\000F\000i\000s\000h\000e\000r\000\040\000A\000c\000c\000u\000m\000u\000l\000a\000t\000i\000o\000n\000\040\000O\000p\000e\000r\000a\000t\000o\000r}{section.5}% 39
\BOOKMARK [1][-]{section.6}{\376\377\000D\000i\000s\000c\000u\000s\000s\000i\000o\000n}{}% 40
\BOOKMARK [2][-]{subsection.6.1}{\376\377\000S\000u\000b\000-\000R\000Q\0001\000:\000\040\000C\000o\000n\000s\000t\000r\000u\000c\000t\000i\000v\000e\000\040\000S\000y\000n\000e\000r\000g\000y\000\040\000o\000r\000\040\000A\000r\000c\000h\000i\000t\000e\000c\000t\000u\000r\000a\000l\000\040\000C\000o\000n\000f\000l\000i\000c\000t\000?}{section.6}% 41
\BOOKMARK [2][-]{subsection.6.2}{\376\377\000S\000u\000b\000-\000R\000Q\0002\000:\000\040\000P\000r\000o\000j\000e\000c\000t\000i\000o\000n\000-\000S\000c\000o\000p\000e\000d\000\040\000N\000o\000r\000m\000a\000l\000i\000z\000a\000t\000i\000o\000n\000\040\000R\000e\000s\000o\000l\000v\000e\000s\000\040\000t\000h\000e\000\040\000P\000a\000t\000h\000o\000l\000o\000g\000y}{section.6}% 42
\BOOKMARK [2][-]{subsection.6.3}{\376\377\000S\000u\000b\000-\000R\000Q\0003\000:\000\040\000P\000a\000r\000a\000m\000e\000t\000e\000r\000\040\000I\000n\000e\000r\000t\000i\000a\000\040\000v\000i\000a\000\040\000t\000h\000e\000\040\000E\000l\000a\000s\000t\000i\000c\000\040\000F\000i\000s\000h\000e\000r\000\040\000P\000r\000e\000c\000o\000n\000d\000i\000t\000i\000o\000n\000e\000r}{section.6}% 43
\BOOKMARK [2][-]{subsection.6.4}{\376\377\000S\000u\000b\000-\000R\000Q\0004\000:\000\040\000F\000i\000s\000h\000e\000r\000\040\000A\000c\000c\000u\000m\000u\000l\000a\000t\000i\000o\000n\000\040\000O\000p\000e\000r\000a\000t\000o\000r}{section.6}% 44
\BOOKMARK [2][-]{subsection.6.5}{\376\377\000L\000i\000m\000i\000t\000a\000t\000i\000o\000n\000s}{section.6}% 45
\BOOKMARK [1][-]{section.7}{\376\377\000C\000o\000n\000c\000l\000u\000s\000i\000o\000n}{}% 46
\BOOKMARK [1][-]{section.8}{\376\377\000A\000p\000p\000e\000n\000d\000i\000x}{}% 47
